<?xml version="1.0" encoding="UTF-8"?>
<coverage generated="1643805210518" clover="3.2.0">
  <project timestamp="1643805210518" name="All files">
    <metrics statements="1797" coveredstatements="1758" conditionals="809" coveredconditionals="715" methods="539" coveredmethods="492" elements="3145" coveredelements="2965" complexity="0" loc="1797" ncloc="1797" packages="58" files="182" classes="182"/>
    <package name="components">
      <metrics statements="0" coveredstatements="0" conditionals="0" coveredconditionals="0" methods="0" coveredmethods="0"/>
      <file name="index.js" path="/home/ton/Documents/Development/quantum/components/index.js">
        <metrics statements="0" coveredstatements="0" conditionals="0" coveredconditionals="0" methods="0" coveredmethods="0"/>
      </file>
    </package>
    <package name="components.Accordion">
      <metrics statements="64" coveredstatements="64" conditionals="12" coveredconditionals="12" methods="21" coveredmethods="20"/>
      <file name="Accordion.jsx" path="/home/ton/Documents/Development/quantum/components/Accordion/Accordion.jsx">
        <metrics statements="55" coveredstatements="55" conditionals="12" coveredconditionals="12" methods="20" coveredmethods="20"/>
        <line num="14" count="2" type="stmt"/>
        <line num="22" count="11" type="stmt"/>
        <line num="30" count="2" type="stmt"/>
        <line num="36" count="44" type="stmt"/>
        <line num="45" count="2" type="stmt"/>
        <line num="46" count="44" type="stmt"/>
        <line num="60" count="2" type="stmt"/>
        <line num="67" count="44" type="stmt"/>
        <line num="103" count="44" type="cond" truecount="2" falsecount="0"/>
        <line num="110" count="2" type="stmt"/>
        <line num="117" count="44" type="stmt"/>
        <line num="126" count="2" type="stmt"/>
        <line num="134" count="44" type="stmt"/>
        <line num="157" count="44" type="cond" truecount="2" falsecount="0"/>
        <line num="176" count="2" type="stmt"/>
        <line num="177" count="2" type="stmt"/>
        <line num="181" count="5" type="stmt"/>
        <line num="182" count="5" type="stmt"/>
        <line num="188" count="6" type="stmt"/>
        <line num="191" count="5" type="stmt"/>
        <line num="192" count="6" type="stmt"/>
        <line num="193" count="6" type="stmt"/>
        <line num="194" count="6" type="stmt"/>
        <line num="196" count="6" type="cond" truecount="2" falsecount="0"/>
        <line num="197" count="2" type="stmt"/>
        <line num="200" count="6" type="stmt"/>
        <line num="202" count="6" type="stmt"/>
        <line num="205" count="5" type="stmt"/>
        <line num="206" count="11" type="stmt"/>
        <line num="207" count="44" type="stmt"/>
        <line num="208" count="44" type="stmt"/>
        <line num="209" count="6" type="cond" truecount="2" falsecount="0"/>
        <line num="210" count="1" type="stmt"/>
        <line num="212" count="6" type="stmt"/>
        <line num="214" count="44" type="stmt"/>
        <line num="216" count="44" type="stmt"/>
        <line num="220" count="2" type="stmt"/>
        <line num="221" count="8" type="stmt"/>
        <line num="225" count="6" type="stmt"/>
        <line num="226" count="6" type="stmt"/>
        <line num="227" count="6" type="stmt"/>
        <line num="229" count="6" type="stmt"/>
        <line num="233" count="44" type="stmt"/>
        <line num="234" count="44" type="stmt"/>
        <line num="240" count="44" type="stmt"/>
        <line num="241" count="44" type="stmt"/>
        <line num="242" count="44" type="stmt"/>
        <line num="243" count="44" type="stmt"/>
        <line num="245" count="44" type="stmt"/>
        <line num="255" count="6" type="stmt"/>
        <line num="284" count="11" type="stmt"/>
        <line num="285" count="11" type="stmt"/>
        <line num="287" count="11" type="stmt"/>
        <line num="291" count="2" type="stmt"/>
        <line num="300" count="2" type="stmt"/>
      </file>
      <file name="index.js" path="/home/ton/Documents/Development/quantum/components/Accordion/index.js">
        <metrics statements="0" coveredstatements="0" conditionals="0" coveredconditionals="0" methods="0" coveredmethods="0"/>
      </file>
      <file name="mock.jsx" path="/home/ton/Documents/Development/quantum/components/Accordion/mock.jsx">
        <metrics statements="9" coveredstatements="9" conditionals="0" coveredconditionals="0" methods="1" coveredmethods="0"/>
        <line num="4" count="1" type="stmt"/>
        <line num="27" count="1" type="stmt"/>
        <line num="47" count="1" type="stmt"/>
        <line num="66" count="1" type="stmt"/>
        <line num="89" count="1" type="stmt"/>
        <line num="98" count="1" type="stmt"/>
        <line num="107" count="1" type="stmt"/>
        <line num="116" count="1" type="stmt"/>
        <line num="120" count="1" type="stmt"/>
      </file>
    </package>
    <package name="components.Alert">
      <metrics statements="10" coveredstatements="10" conditionals="6" coveredconditionals="6" methods="2" coveredmethods="2"/>
      <file name="Alert.jsx" path="/home/ton/Documents/Development/quantum/components/Alert/Alert.jsx">
        <metrics statements="10" coveredstatements="10" conditionals="6" coveredconditionals="6" methods="2" coveredmethods="2"/>
        <line num="14" count="2" type="stmt"/>
        <line num="23" count="2" type="stmt"/>
        <line num="27" count="2" type="stmt"/>
        <line num="42" count="2" type="stmt"/>
        <line num="44" count="2" type="stmt"/>
        <line num="61" count="8" type="stmt"/>
        <line num="87" count="2" type="stmt"/>
        <line num="88" count="8" type="stmt"/>
        <line num="97" count="2" type="stmt"/>
        <line num="113" count="2" type="stmt"/>
      </file>
      <file name="index.js" path="/home/ton/Documents/Development/quantum/components/Alert/index.js">
        <metrics statements="0" coveredstatements="0" conditionals="0" coveredconditionals="0" methods="0" coveredmethods="0"/>
      </file>
    </package>
    <package name="components.AutoComplete">
      <metrics statements="80" coveredstatements="80" conditionals="23" coveredconditionals="20" methods="25" coveredmethods="25"/>
      <file name="AutoComplete.jsx" path="/home/ton/Documents/Development/quantum/components/AutoComplete/AutoComplete.jsx">
        <metrics statements="80" coveredstatements="80" conditionals="23" coveredconditionals="20" methods="25" coveredmethods="25"/>
        <line num="17" count="2" type="stmt"/>
        <line num="18" count="2" type="stmt"/>
        <line num="19" count="2" type="stmt"/>
        <line num="21" count="2" type="stmt"/>
        <line num="27" count="68" type="stmt"/>
        <line num="33" count="2" type="stmt"/>
        <line num="37" count="2" type="stmt"/>
        <line num="42" count="68" type="stmt"/>
        <line num="47" count="2" type="stmt"/>
        <line num="54" count="43" type="stmt"/>
        <line num="61" count="2" type="stmt"/>
        <line num="69" count="1" type="stmt"/>
        <line num="74" count="2" type="stmt"/>
        <line num="91" count="49" type="stmt"/>
        <line num="92" count="49" type="stmt"/>
        <line num="100" count="2" type="stmt"/>
        <line num="114" count="111" type="stmt"/>
        <line num="128" count="111" type="stmt"/>
        <line num="134" count="2" type="stmt"/>
        <line num="145" count="2" type="stmt"/>
        <line num="159" count="68" type="stmt"/>
        <line num="160" count="68" type="stmt"/>
        <line num="161" count="68" type="stmt"/>
        <line num="164" count="68" type="stmt"/>
        <line num="165" count="68" type="stmt"/>
        <line num="167" count="68" type="stmt"/>
        <line num="168" count="68" type="stmt"/>
        <line num="170" count="68" type="stmt"/>
        <line num="171" count="68" type="stmt"/>
        <line num="172" count="68" type="stmt"/>
        <line num="177" count="68" type="stmt"/>
        <line num="178" count="51" type="stmt"/>
        <line num="179" count="255" type="stmt"/>
        <line num="180" count="255" type="stmt"/>
        <line num="181" count="255" type="stmt"/>
        <line num="184" count="68" type="stmt"/>
        <line num="185" count="40" type="stmt"/>
        <line num="186" count="40" type="stmt"/>
        <line num="187" count="40" type="stmt"/>
        <line num="188" count="40" type="stmt"/>
        <line num="191" count="68" type="stmt"/>
        <line num="192" count="40" type="stmt"/>
        <line num="193" count="40" type="stmt"/>
        <line num="194" count="40" type="stmt"/>
        <line num="195" count="40" type="stmt"/>
        <line num="205" count="68" type="stmt"/>
        <line num="206" count="11" type="stmt"/>
        <line num="207" count="11" type="stmt"/>
        <line num="208" count="11" type="stmt"/>
        <line num="209" count="11" type="stmt"/>
        <line num="212" count="68" type="stmt"/>
        <line num="213" count="2" type="stmt"/>
        <line num="214" count="2" type="stmt"/>
        <line num="215" count="2" type="stmt"/>
        <line num="218" count="68" type="stmt"/>
        <line num="219" count="1" type="stmt"/>
        <line num="231" count="68" type="stmt"/>
        <line num="232" count="68" type="cond" truecount="4" falsecount="0"/>
        <line num="241" count="111" type="stmt"/>
        <line num="244" count="2" type="stmt"/>
        <line num="256" count="68" type="stmt"/>
        <line num="257" count="68" type="cond" truecount="2" falsecount="0"/>
        <line num="258" count="49" type="stmt"/>
        <line num="260" count="19" type="stmt"/>
        <line num="263" count="68" type="stmt"/>
        <line num="264" count="68" type="stmt"/>
        <line num="265" count="68" type="stmt"/>
        <line num="266" count="68" type="stmt"/>
        <line num="310" count="68" type="stmt"/>
        <line num="311" count="14" type="stmt"/>
        <line num="312" count="14" type="stmt"/>
        <line num="313" count="14" type="stmt"/>
        <line num="314" count="14" type="stmt"/>
        <line num="315" count="14" type="stmt"/>
        <line num="319" count="68" type="stmt"/>
        <line num="339" count="11" type="stmt"/>
        <line num="340" count="40" type="stmt"/>
        <line num="348" count="1" type="stmt"/>
        <line num="369" count="2" type="stmt"/>
        <line num="392" count="2" type="stmt"/>
      </file>
      <file name="index.js" path="/home/ton/Documents/Development/quantum/components/AutoComplete/index.js">
        <metrics statements="0" coveredstatements="0" conditionals="0" coveredconditionals="0" methods="0" coveredmethods="0"/>
      </file>
    </package>
    <package name="components.AutoComplete.SubComponents">
      <metrics statements="9" coveredstatements="9" conditionals="0" coveredconditionals="0" methods="3" coveredmethods="3"/>
      <file name="UseKeyPress.jsx" path="/home/ton/Documents/Development/quantum/components/AutoComplete/SubComponents/UseKeyPress.jsx">
        <metrics statements="9" coveredstatements="9" conditionals="0" coveredconditionals="0" methods="3" coveredmethods="3"/>
        <line num="3" count="2" type="stmt"/>
        <line num="4" count="272" type="stmt"/>
        <line num="20" count="272" type="stmt"/>
        <line num="21" count="272" type="stmt"/>
        <line num="22" count="272" type="stmt"/>
        <line num="24" count="272" type="stmt"/>
        <line num="25" count="272" type="stmt"/>
        <line num="26" count="272" type="stmt"/>
        <line num="30" count="272" type="stmt"/>
      </file>
    </package>
    <package name="components.Avatar">
      <metrics statements="14" coveredstatements="14" conditionals="12" coveredconditionals="12" methods="1" coveredmethods="1"/>
      <file name="Avatar.jsx" path="/home/ton/Documents/Development/quantum/components/Avatar/Avatar.jsx">
        <metrics statements="14" coveredstatements="14" conditionals="12" coveredconditionals="12" methods="1" coveredmethods="1"/>
        <line num="8" count="2" type="stmt"/>
        <line num="10" count="2" type="stmt"/>
        <line num="18" count="2" type="stmt"/>
        <line num="29" count="2" type="stmt"/>
        <line num="41" count="2" type="stmt"/>
        <line num="51" count="2" type="stmt"/>
        <line num="57" count="2" type="stmt"/>
        <line num="62" count="2" type="stmt"/>
        <line num="70" count="7" type="stmt"/>
        <line num="83" count="2" type="stmt"/>
        <line num="84" count="2" type="stmt"/>
        <line num="85" count="2" type="stmt"/>
        <line num="87" count="2" type="stmt"/>
        <line num="95" count="2" type="stmt"/>
      </file>
      <file name="index.js" path="/home/ton/Documents/Development/quantum/components/Avatar/index.js">
        <metrics statements="0" coveredstatements="0" conditionals="0" coveredconditionals="0" methods="0" coveredmethods="0"/>
      </file>
    </package>
    <package name="components.Badge">
      <metrics statements="20" coveredstatements="20" conditionals="16" coveredconditionals="16" methods="6" coveredmethods="6"/>
      <file name="Badge.jsx" path="/home/ton/Documents/Development/quantum/components/Badge/Badge.jsx">
        <metrics statements="20" coveredstatements="20" conditionals="16" coveredconditionals="16" methods="6" coveredmethods="6"/>
        <line num="10" count="3" type="stmt"/>
        <line num="21" count="8" type="cond" truecount="2" falsecount="0"/>
        <line num="22" count="1" type="stmt"/>
        <line num="23" count="1" type="stmt"/>
        <line num="28" count="7" type="stmt"/>
        <line num="34" count="3" type="stmt"/>
        <line num="38" count="8" type="cond" truecount="2" falsecount="0"/>
        <line num="43" count="3" type="stmt"/>
        <line num="63" count="8" type="cond" truecount="4" falsecount="0"/>
        <line num="65" count="8" type="stmt"/>
        <line num="73" count="8" type="cond" truecount="2" falsecount="0"/>
        <line num="81" count="8" type="cond" truecount="2" falsecount="0"/>
        <line num="94" count="3" type="stmt"/>
        <line num="95" count="8" type="cond" truecount="2" falsecount="0"/>
        <line num="97" count="8" type="stmt"/>
        <line num="114" count="3" type="stmt"/>
        <line num="115" count="3" type="stmt"/>
        <line num="116" count="3" type="stmt"/>
        <line num="118" count="3" type="stmt"/>
        <line num="146" count="3" type="stmt"/>
      </file>
      <file name="index.js" path="/home/ton/Documents/Development/quantum/components/Badge/index.js">
        <metrics statements="0" coveredstatements="0" conditionals="0" coveredconditionals="0" methods="0" coveredmethods="0"/>
      </file>
    </package>
    <package name="components.Button">
      <metrics statements="43" coveredstatements="43" conditionals="28" coveredconditionals="28" methods="11" coveredmethods="10"/>
      <file name="Button.jsx" path="/home/ton/Documents/Development/quantum/components/Button/Button.jsx">
        <metrics statements="43" coveredstatements="43" conditionals="28" coveredconditionals="28" methods="11" coveredmethods="10"/>
        <line num="15" count="12" type="stmt"/>
        <line num="23" count="69" type="stmt"/>
        <line num="32" count="12" type="stmt"/>
        <line num="33" count="130" type="stmt"/>
        <line num="41" count="130" type="stmt"/>
        <line num="49" count="130" type="stmt"/>
        <line num="55" count="12" type="stmt"/>
        <line num="64" count="130" type="stmt"/>
        <line num="76" count="130" type="stmt"/>
        <line num="84" count="130" type="stmt"/>
        <line num="95" count="130" type="stmt"/>
        <line num="96" count="130" type="stmt"/>
        <line num="97" count="130" type="stmt"/>
        <line num="105" count="130" type="stmt"/>
        <line num="111" count="130" type="cond" truecount="2" falsecount="0"/>
        <line num="119" count="130" type="cond" truecount="2" falsecount="0"/>
        <line num="145" count="130" type="stmt"/>
        <line num="151" count="130" type="cond" truecount="4" falsecount="0"/>
        <line num="152" count="1" type="stmt"/>
        <line num="153" count="1" type="stmt"/>
        <line num="154" count="1" type="stmt"/>
        <line num="155" count="129" type="cond" truecount="2" falsecount="0"/>
        <line num="156" count="27" type="stmt"/>
        <line num="157" count="27" type="stmt"/>
        <line num="158" count="27" type="stmt"/>
        <line num="159" count="102" type="cond" truecount="2" falsecount="0"/>
        <line num="160" count="1" type="stmt"/>
        <line num="161" count="1" type="stmt"/>
        <line num="162" count="1" type="stmt"/>
        <line num="164" count="101" type="stmt"/>
        <line num="165" count="101" type="stmt"/>
        <line num="166" count="101" type="stmt"/>
        <line num="169" count="130" type="stmt"/>
        <line num="201" count="12" type="stmt"/>
        <line num="202" count="130" type="stmt"/>
        <line num="215" count="12" type="stmt"/>
        <line num="238" count="12" type="stmt"/>
        <line num="275" count="12" type="stmt"/>
        <line num="291" count="60" type="stmt"/>
        <line num="293" count="60" type="stmt"/>
        <line num="323" count="12" type="stmt"/>
        <line num="343" count="12" type="stmt"/>
        <line num="357" count="12" type="stmt"/>
      </file>
      <file name="index.js" path="/home/ton/Documents/Development/quantum/components/Button/index.js">
        <metrics statements="0" coveredstatements="0" conditionals="0" coveredconditionals="0" methods="0" coveredmethods="0"/>
      </file>
    </package>
    <package name="components.Card">
      <metrics statements="13" coveredstatements="13" conditionals="0" coveredconditionals="0" methods="2" coveredmethods="2"/>
      <file name="Card.jsx" path="/home/ton/Documents/Development/quantum/components/Card/Card.jsx">
        <metrics statements="13" coveredstatements="13" conditionals="0" coveredconditionals="0" methods="2" coveredmethods="2"/>
        <line num="19" count="4" type="stmt"/>
        <line num="33" count="231" type="stmt"/>
        <line num="39" count="4" type="stmt"/>
        <line num="41" count="4" type="stmt"/>
        <line num="43" count="4" type="stmt"/>
        <line num="45" count="4" type="stmt"/>
        <line num="47" count="4" type="stmt"/>
        <line num="49" count="4" type="stmt"/>
        <line num="51" count="4" type="stmt"/>
        <line num="53" count="4" type="stmt"/>
        <line num="55" count="231" type="stmt"/>
        <line num="58" count="4" type="stmt"/>
        <line num="64" count="4" type="stmt"/>
      </file>
      <file name="index.js" path="/home/ton/Documents/Development/quantum/components/Card/index.js">
        <metrics statements="0" coveredstatements="0" conditionals="0" coveredconditionals="0" methods="0" coveredmethods="0"/>
      </file>
    </package>
    <package name="components.Card.sub-components">
      <metrics statements="44" coveredstatements="44" conditionals="8" coveredconditionals="8" methods="12" coveredmethods="12"/>
      <file name="Content.jsx" path="/home/ton/Documents/Development/quantum/components/Card/sub-components/Content.jsx">
        <metrics statements="5" coveredstatements="5" conditionals="0" coveredconditionals="0" methods="1" coveredmethods="1"/>
        <line num="9" count="4" type="stmt"/>
        <line num="17" count="227" type="stmt"/>
        <line num="23" count="4" type="stmt"/>
        <line num="30" count="4" type="stmt"/>
        <line num="37" count="4" type="stmt"/>
      </file>
      <file name="Description.jsx" path="/home/ton/Documents/Development/quantum/components/Card/sub-components/Description.jsx">
        <metrics statements="6" coveredstatements="6" conditionals="2" coveredconditionals="2" methods="2" coveredmethods="2"/>
        <line num="10" count="4" type="stmt"/>
        <line num="17" count="174" type="stmt"/>
        <line num="23" count="174" type="stmt"/>
        <line num="25" count="4" type="stmt"/>
        <line num="27" count="4" type="stmt"/>
        <line num="36" count="4" type="stmt"/>
      </file>
      <file name="Footer.jsx" path="/home/ton/Documents/Development/quantum/components/Card/sub-components/Footer.jsx">
        <metrics statements="5" coveredstatements="5" conditionals="0" coveredconditionals="0" methods="1" coveredmethods="1"/>
        <line num="5" count="4" type="stmt"/>
        <line num="10" count="5" type="stmt"/>
        <line num="13" count="4" type="stmt"/>
        <line num="19" count="4" type="stmt"/>
        <line num="25" count="4" type="stmt"/>
      </file>
      <file name="Header.jsx" path="/home/ton/Documents/Development/quantum/components/Card/sub-components/Header.jsx">
        <metrics statements="5" coveredstatements="5" conditionals="0" coveredconditionals="0" methods="1" coveredmethods="1"/>
        <line num="6" count="4" type="stmt"/>
        <line num="13" count="3" type="stmt"/>
        <line num="26" count="4" type="stmt"/>
        <line num="32" count="4" type="stmt"/>
        <line num="38" count="4" type="stmt"/>
      </file>
      <file name="HeaderText.jsx" path="/home/ton/Documents/Development/quantum/components/Card/sub-components/HeaderText.jsx">
        <metrics statements="2" coveredstatements="2" conditionals="0" coveredconditionals="0" methods="0" coveredmethods="0"/>
        <line num="3" count="4" type="stmt"/>
        <line num="8" count="4" type="stmt"/>
      </file>
      <file name="Media.jsx" path="/home/ton/Documents/Development/quantum/components/Card/sub-components/Media.jsx">
        <metrics statements="8" coveredstatements="8" conditionals="0" coveredconditionals="0" methods="2" coveredmethods="2"/>
        <line num="7" count="4" type="stmt"/>
        <line num="19" count="172" type="stmt"/>
        <line num="25" count="4" type="stmt"/>
        <line num="32" count="4" type="stmt"/>
        <line num="33" count="172" type="stmt"/>
        <line num="38" count="4" type="stmt"/>
        <line num="40" count="4" type="stmt"/>
        <line num="49" count="4" type="stmt"/>
      </file>
      <file name="Thumbnail.jsx" path="/home/ton/Documents/Development/quantum/components/Card/sub-components/Thumbnail.jsx">
        <metrics statements="7" coveredstatements="7" conditionals="4" coveredconditionals="4" methods="3" coveredmethods="3"/>
        <line num="7" count="4" type="stmt"/>
        <line num="8" count="2" type="cond" truecount="2" falsecount="0"/>
        <line num="20" count="2" type="stmt"/>
        <line num="26" count="4" type="stmt"/>
        <line num="28" count="4" type="stmt"/>
        <line num="30" count="4" type="stmt"/>
        <line num="40" count="4" type="stmt"/>
      </file>
      <file name="Title.jsx" path="/home/ton/Documents/Development/quantum/components/Card/sub-components/Title.jsx">
        <metrics statements="6" coveredstatements="6" conditionals="2" coveredconditionals="2" methods="2" coveredmethods="2"/>
        <line num="7" count="4" type="stmt"/>
        <line num="9" count="176" type="cond" truecount="2" falsecount="0"/>
        <line num="14" count="176" type="stmt"/>
        <line num="16" count="4" type="stmt"/>
        <line num="18" count="4" type="stmt"/>
        <line num="26" count="4" type="stmt"/>
      </file>
      <file name="index.js" path="/home/ton/Documents/Development/quantum/components/Card/sub-components/index.js">
        <metrics statements="0" coveredstatements="0" conditionals="0" coveredconditionals="0" methods="0" coveredmethods="0"/>
      </file>
    </package>
    <package name="components.Carousel">
      <metrics statements="14" coveredstatements="14" conditionals="2" coveredconditionals="2" methods="7" coveredmethods="7"/>
      <file name="Carousel.jsx" path="/home/ton/Documents/Development/quantum/components/Carousel/Carousel.jsx">
        <metrics statements="8" coveredstatements="8" conditionals="2" coveredconditionals="2" methods="2" coveredmethods="2"/>
        <line num="9" count="1" type="stmt"/>
        <line num="11" count="1" type="stmt"/>
        <line num="20" count="9" type="stmt"/>
        <line num="22" count="9" type="stmt"/>
        <line num="48" count="9" type="stmt"/>
        <line num="52" count="72" type="stmt"/>
        <line num="64" count="1" type="stmt"/>
        <line num="77" count="1" type="stmt"/>
      </file>
      <file name="slick.js" path="/home/ton/Documents/Development/quantum/components/Carousel/slick.js">
        <metrics statements="5" coveredstatements="5" conditionals="0" coveredconditionals="0" methods="4" coveredmethods="4"/>
        <line num="3" count="1" type="stmt"/>
        <line num="8" count="9" type="stmt"/>
        <line num="19" count="9" type="stmt"/>
        <line num="164" count="9" type="stmt"/>
        <line num="180" count="9" type="stmt"/>
      </file>
      <file name="watchMedia.mock" path="/home/ton/Documents/Development/quantum/components/Carousel/watchMedia.mock">
        <metrics statements="1" coveredstatements="1" conditionals="0" coveredconditionals="0" methods="1" coveredmethods="1"/>
        <line num="1" count="4" type="stmt"/>
      </file>
    </package>
    <package name="components.Carousel.sub-components">
      <metrics statements="45" coveredstatements="45" conditionals="2" coveredconditionals="2" methods="16" coveredmethods="15"/>
      <file name="Arrow.jsx" path="/home/ton/Documents/Development/quantum/components/Carousel/sub-components/Arrow.jsx">
        <metrics statements="8" coveredstatements="8" conditionals="0" coveredconditionals="0" methods="3" coveredmethods="2"/>
        <line num="5" count="1" type="stmt"/>
        <line num="6" count="18" type="stmt"/>
        <line num="7" count="18" type="stmt"/>
        <line num="9" count="18" type="stmt"/>
        <line num="10" count="18" type="stmt"/>
        <line num="12" count="18" type="stmt"/>
        <line num="22" count="1" type="stmt"/>
        <line num="27" count="1" type="stmt"/>
      </file>
      <file name="CarouselCard.jsx" path="/home/ton/Documents/Development/quantum/components/Carousel/sub-components/CarouselCard.jsx">
        <metrics statements="6" coveredstatements="6" conditionals="2" coveredconditionals="2" methods="2" coveredmethods="2"/>
        <line num="6" count="2" type="stmt"/>
        <line num="7" count="222" type="cond" truecount="2" falsecount="0"/>
        <line num="9" count="172" type="stmt"/>
        <line num="12" count="2" type="stmt"/>
        <line num="13" count="222" type="stmt"/>
        <line num="16" count="2" type="stmt"/>
      </file>
      <file name="DescriptionCard.jsx" path="/home/ton/Documents/Development/quantum/components/Carousel/sub-components/DescriptionCard.jsx">
        <metrics statements="20" coveredstatements="20" conditionals="0" coveredconditionals="0" methods="8" coveredmethods="8"/>
        <line num="7" count="2" type="stmt"/>
        <line num="18" count="2" type="stmt"/>
        <line num="23" count="172" type="stmt"/>
        <line num="28" count="172" type="stmt"/>
        <line num="31" count="2" type="stmt"/>
        <line num="37" count="172" type="stmt"/>
        <line num="43" count="2" type="stmt"/>
        <line num="47" count="172" type="stmt"/>
        <line num="53" count="2" type="stmt"/>
        <line num="59" count="172" type="stmt"/>
        <line num="70" count="2" type="stmt"/>
        <line num="76" count="172" type="stmt"/>
        <line num="88" count="2" type="stmt"/>
        <line num="89" count="2" type="stmt"/>
        <line num="91" count="172" type="stmt"/>
        <line num="93" count="2" type="stmt"/>
        <line num="94" count="172" type="stmt"/>
        <line num="96" count="172" type="stmt"/>
        <line num="115" count="2" type="stmt"/>
        <line num="123" count="2" type="stmt"/>
      </file>
      <file name="ThumbCard.jsx" path="/home/ton/Documents/Development/quantum/components/Carousel/sub-components/ThumbCard.jsx">
        <metrics statements="11" coveredstatements="11" conditionals="0" coveredconditionals="0" methods="3" coveredmethods="3"/>
        <line num="7" count="2" type="stmt"/>
        <line num="8" count="2" type="stmt"/>
        <line num="10" count="2" type="stmt"/>
        <line num="15" count="50" type="stmt"/>
        <line num="24" count="2" type="stmt"/>
        <line num="30" count="50" type="stmt"/>
        <line num="35" count="2" type="stmt"/>
        <line num="40" count="2" type="stmt"/>
        <line num="41" count="50" type="stmt"/>
        <line num="50" count="2" type="stmt"/>
        <line num="64" count="2" type="stmt"/>
      </file>
    </package>
    <package name="components.ChargeBar">
      <metrics statements="20" coveredstatements="20" conditionals="4" coveredconditionals="3" methods="6" coveredmethods="6"/>
      <file name="ChargeBar.jsx" path="/home/ton/Documents/Development/quantum/components/ChargeBar/ChargeBar.jsx">
        <metrics statements="20" coveredstatements="20" conditionals="4" coveredconditionals="3" methods="6" coveredmethods="6"/>
        <line num="13" count="2" type="stmt"/>
        <line num="15" count="2" type="stmt"/>
        <line num="26" count="6" type="stmt"/>
        <line num="33" count="2" type="stmt"/>
        <line num="42" count="6" type="stmt"/>
        <line num="48" count="2" type="stmt"/>
        <line num="57" count="6" type="stmt"/>
        <line num="64" count="2" type="stmt"/>
        <line num="68" count="2" type="stmt"/>
        <line num="78" count="2" type="stmt"/>
        <line num="79" count="6" type="stmt"/>
        <line num="85" count="2" type="stmt"/>
        <line num="86" count="2" type="stmt"/>
        <line num="88" count="2" type="stmt"/>
        <line num="105" count="6" type="stmt"/>
        <line num="107" count="6" type="stmt"/>
        <line num="128" count="2" type="stmt"/>
        <line num="142" count="2" type="stmt"/>
        <line num="156" count="7" type="stmt"/>
        <line num="157" count="7" type="cond" truecount="3" falsecount="1"/>
      </file>
      <file name="index.js" path="/home/ton/Documents/Development/quantum/components/ChargeBar/index.js">
        <metrics statements="0" coveredstatements="0" conditionals="0" coveredconditionals="0" methods="0" coveredmethods="0"/>
      </file>
    </package>
    <package name="components.Checkbox">
      <metrics statements="61" coveredstatements="61" conditionals="37" coveredconditionals="35" methods="18" coveredmethods="15"/>
      <file name="Checkbox.jsx" path="/home/ton/Documents/Development/quantum/components/Checkbox/Checkbox.jsx">
        <metrics statements="25" coveredstatements="25" conditionals="10" coveredconditionals="10" methods="9" coveredmethods="8"/>
        <line num="11" count="3" type="stmt"/>
        <line num="13" count="3" type="stmt"/>
        <line num="15" count="3" type="stmt"/>
        <line num="20" count="39" type="stmt"/>
        <line num="27" count="3" type="stmt"/>
        <line num="35" count="39" type="stmt"/>
        <line num="41" count="3" type="stmt"/>
        <line num="43" count="3" type="stmt"/>
        <line num="47" count="3" type="stmt"/>
        <line num="73" count="39" type="stmt"/>
        <line num="91" count="39" type="stmt"/>
        <line num="104" count="39" type="stmt"/>
        <line num="106" count="39" type="stmt"/>
        <line num="118" count="39" type="stmt"/>
        <line num="120" count="39" type="stmt"/>
        <line num="148" count="39" type="stmt"/>
        <line num="169" count="3" type="stmt"/>
        <line num="171" count="3" type="stmt"/>
        <line num="181" count="41" type="stmt"/>
        <line num="182" count="41" type="stmt"/>
        <line num="183" count="41" type="cond" truecount="2" falsecount="0"/>
        <line num="185" count="41" type="stmt"/>
        <line num="206" count="3" type="stmt"/>
        <line num="223" count="3" type="stmt"/>
        <line num="239" count="3" type="stmt"/>
      </file>
      <file name="CheckboxButton.jsx" path="/home/ton/Documents/Development/quantum/components/Checkbox/CheckboxButton.jsx">
        <metrics statements="20" coveredstatements="20" conditionals="17" coveredconditionals="15" methods="3" coveredmethods="2"/>
        <line num="10" count="2" type="stmt"/>
        <line num="12" count="2" type="stmt"/>
        <line num="16" count="2" type="stmt"/>
        <line num="18" count="2" type="stmt"/>
        <line num="22" count="2" type="stmt"/>
        <line num="24" count="39" type="cond" truecount="2" falsecount="0"/>
        <line num="41" count="2" type="stmt"/>
        <line num="46" count="2" type="stmt"/>
        <line num="65" count="39" type="stmt"/>
        <line num="66" count="39" type="cond" truecount="2" falsecount="0"/>
        <line num="70" count="39" type="cond" truecount="2" falsecount="0"/>
        <line num="71" count="3" type="stmt"/>
        <line num="72" count="36" type="cond" truecount="2" falsecount="0"/>
        <line num="73" count="2" type="stmt"/>
        <line num="74" count="34" type="cond" truecount="2" falsecount="0"/>
        <line num="75" count="8" type="stmt"/>
        <line num="78" count="39" type="stmt"/>
        <line num="109" count="2" type="stmt"/>
        <line num="122" count="2" type="stmt"/>
        <line num="139" count="2" type="stmt"/>
      </file>
      <file name="CheckboxGroup.jsx" path="/home/ton/Documents/Development/quantum/components/Checkbox/CheckboxGroup.jsx">
        <metrics statements="16" coveredstatements="16" conditionals="10" coveredconditionals="10" methods="6" coveredmethods="5"/>
        <line num="10" count="2" type="stmt"/>
        <line num="15" count="27" type="stmt"/>
        <line num="18" count="12" type="stmt"/>
        <line num="20" count="12" type="stmt"/>
        <line num="22" count="18" type="cond" truecount="2" falsecount="0"/>
        <line num="24" count="12" type="stmt"/>
        <line num="25" count="36" type="cond" truecount="2" falsecount="0"/>
        <line num="31" count="27" type="stmt"/>
        <line num="32" count="27" type="cond" truecount="2" falsecount="0"/>
        <line num="35" count="27" type="cond" truecount="2" falsecount="0"/>
        <line num="36" count="30" type="stmt"/>
        <line num="38" count="27" type="stmt"/>
        <line num="56" count="2" type="stmt"/>
        <line num="57" count="2" type="stmt"/>
        <line num="59" count="2" type="stmt"/>
        <line num="88" count="2" type="stmt"/>
      </file>
      <file name="CheckboxGroupContext.js" path="/home/ton/Documents/Development/quantum/components/Checkbox/CheckboxGroupContext.js">
        <metrics statements="0" coveredstatements="0" conditionals="0" coveredconditionals="0" methods="0" coveredmethods="0"/>
      </file>
      <file name="index.js" path="/home/ton/Documents/Development/quantum/components/Checkbox/index.js">
        <metrics statements="0" coveredstatements="0" conditionals="0" coveredconditionals="0" methods="0" coveredmethods="0"/>
      </file>
    </package>
    <package name="components.CircularLoader">
      <metrics statements="18" coveredstatements="18" conditionals="0" coveredconditionals="0" methods="5" coveredmethods="5"/>
      <file name="CircularLoader.jsx" path="/home/ton/Documents/Development/quantum/components/CircularLoader/CircularLoader.jsx">
        <metrics statements="18" coveredstatements="18" conditionals="0" coveredconditionals="0" methods="5" coveredmethods="5"/>
        <line num="6" count="2" type="stmt"/>
        <line num="7" count="2" type="stmt"/>
        <line num="15" count="2" type="stmt"/>
        <line num="18" count="2" type="stmt"/>
        <line num="27" count="1" type="stmt"/>
        <line num="32" count="2" type="stmt"/>
        <line num="38" count="2" type="stmt"/>
        <line num="53" count="2" type="stmt"/>
        <line num="60" count="2" type="stmt"/>
        <line num="72" count="1" type="stmt"/>
        <line num="77" count="2" type="stmt"/>
        <line num="81" count="1" type="stmt"/>
        <line num="87" count="2" type="stmt"/>
        <line num="97" count="1" type="stmt"/>
        <line num="99" count="1" type="stmt"/>
        <line num="101" count="1" type="stmt"/>
        <line num="110" count="2" type="stmt"/>
        <line num="119" count="2" type="stmt"/>
      </file>
      <file name="index.js" path="/home/ton/Documents/Development/quantum/components/CircularLoader/index.js">
        <metrics statements="0" coveredstatements="0" conditionals="0" coveredconditionals="0" methods="0" coveredmethods="0"/>
      </file>
    </package>
    <package name="components.Colors">
      <metrics statements="0" coveredstatements="0" conditionals="0" coveredconditionals="0" methods="0" coveredmethods="0"/>
      <file name="index.js" path="/home/ton/Documents/Development/quantum/components/Colors/index.js">
        <metrics statements="0" coveredstatements="0" conditionals="0" coveredconditionals="0" methods="0" coveredmethods="0"/>
      </file>
    </package>
    <package name="components.Dialog">
      <metrics statements="33" coveredstatements="33" conditionals="14" coveredconditionals="14" methods="10" coveredmethods="10"/>
      <file name="Dialog.jsx" path="/home/ton/Documents/Development/quantum/components/Dialog/Dialog.jsx">
        <metrics statements="33" coveredstatements="33" conditionals="14" coveredconditionals="14" methods="10" coveredmethods="10"/>
        <line num="8" count="2" type="stmt"/>
        <line num="14" count="6" type="stmt"/>
        <line num="34" count="2" type="stmt"/>
        <line num="43" count="12" type="stmt"/>
        <line num="45" count="12" type="stmt"/>
        <line num="47" count="12" type="stmt"/>
        <line num="49" count="12" type="stmt"/>
        <line num="50" count="3" type="stmt"/>
        <line num="51" count="3" type="stmt"/>
        <line num="54" count="12" type="stmt"/>
        <line num="55" count="2" type="cond" truecount="2" falsecount="0"/>
        <line num="56" count="1" type="stmt"/>
        <line num="60" count="12" type="stmt"/>
        <line num="61" count="3" type="cond" truecount="4" falsecount="0"/>
        <line num="62" count="2" type="stmt"/>
        <line num="65" count="3" type="cond" truecount="2" falsecount="0"/>
        <line num="66" count="1" type="stmt"/>
        <line num="70" count="12" type="cond" truecount="4" falsecount="0"/>
        <line num="71" count="1" type="stmt"/>
        <line num="72" count="1" type="stmt"/>
        <line num="76" count="12" type="stmt"/>
        <line num="77" count="6" type="stmt"/>
        <line num="78" count="6" type="stmt"/>
        <line num="79" count="6" type="stmt"/>
        <line num="81" count="6" type="stmt"/>
        <line num="82" count="6" type="stmt"/>
        <line num="83" count="6" type="stmt"/>
        <line num="84" count="6" type="stmt"/>
        <line num="88" count="12" type="cond" truecount="2" falsecount="0"/>
        <line num="92" count="3" type="stmt"/>
        <line num="104" count="2" type="stmt"/>
        <line num="124" count="2" type="stmt"/>
        <line num="201" count="2" type="stmt"/>
      </file>
      <file name="index.js" path="/home/ton/Documents/Development/quantum/components/Dialog/index.js">
        <metrics statements="0" coveredstatements="0" conditionals="0" coveredconditionals="0" methods="0" coveredmethods="0"/>
      </file>
    </package>
    <package name="components.Dropdown">
      <metrics statements="63" coveredstatements="63" conditionals="60" coveredconditionals="51" methods="21" coveredmethods="20"/>
      <file name="Dropdown.jsx" path="/home/ton/Documents/Development/quantum/components/Dropdown/Dropdown.jsx">
        <metrics statements="63" coveredstatements="63" conditionals="60" coveredconditionals="51" methods="21" coveredmethods="20"/>
        <line num="17" count="2" type="stmt"/>
        <line num="18" count="2" type="stmt"/>
        <line num="19" count="2" type="stmt"/>
        <line num="20" count="2" type="stmt"/>
        <line num="21" count="2" type="stmt"/>
        <line num="22" count="2" type="stmt"/>
        <line num="24" count="2" type="stmt"/>
        <line num="37" count="59" type="stmt"/>
        <line num="48" count="2" type="stmt"/>
        <line num="53" count="32" type="cond" truecount="2" falsecount="0"/>
        <line num="59" count="2" type="stmt"/>
        <line num="74" count="26" type="stmt"/>
        <line num="76" count="26" type="stmt"/>
        <line num="85" count="2" type="stmt"/>
        <line num="96" count="2" type="cond" truecount="2" falsecount="0"/>
        <line num="102" count="2" type="stmt"/>
        <line num="116" count="48" type="stmt"/>
        <line num="128" count="48" type="stmt"/>
        <line num="134" count="48" type="cond" truecount="2" falsecount="0"/>
        <line num="141" count="2" type="stmt"/>
        <line num="145" count="2" type="stmt"/>
        <line num="152" count="2" type="stmt"/>
        <line num="157" count="2" type="stmt"/>
        <line num="163" count="2" type="stmt"/>
        <line num="164" count="2" type="stmt"/>
        <line num="165" count="2" type="stmt"/>
        <line num="166" count="2" type="stmt"/>
        <line num="167" count="2" type="stmt"/>
        <line num="168" count="2" type="stmt"/>
        <line num="170" count="335" type="cond" truecount="3" falsecount="2"/>
        <line num="171" count="135" type="cond" truecount="2" falsecount="3"/>
        <line num="172" count="54" type="cond" truecount="1" falsecount="1"/>
        <line num="173" count="6" type="cond" truecount="1" falsecount="1"/>
        <line num="174" count="96" type="stmt"/>
        <line num="176" count="2" type="stmt"/>
        <line num="184" count="2" type="stmt"/>
        <line num="185" count="26" type="stmt"/>
        <line num="187" count="48" type="stmt"/>
        <line num="220" count="2" type="stmt"/>
        <line num="224" count="2" type="stmt"/>
        <line num="234" count="2" type="stmt"/>
        <line num="252" count="30" type="cond" truecount="2" falsecount="0"/>
        <line num="254" count="30" type="stmt"/>
        <line num="255" count="29" type="cond" truecount="4" falsecount="0"/>
        <line num="256" count="24" type="stmt"/>
        <line num="257" count="24" type="stmt"/>
        <line num="258" count="24" type="stmt"/>
        <line num="260" count="24" type="stmt"/>
        <line num="266" count="5" type="stmt"/>
        <line num="269" count="30" type="stmt"/>
        <line num="271" count="30" type="cond" truecount="2" falsecount="0"/>
        <line num="273" count="30" type="stmt"/>
        <line num="274" count="28" type="stmt"/>
        <line num="275" count="82" type="stmt"/>
        <line num="276" count="82" type="cond" truecount="2" falsecount="0"/>
        <line num="277" count="36" type="stmt"/>
        <line num="278" count="36" type="stmt"/>
        <line num="280" count="46" type="stmt"/>
        <line num="283" count="30" type="stmt"/>
        <line num="303" count="59" type="cond" truecount="2" falsecount="0"/>
        <line num="305" count="59" type="stmt"/>
        <line num="397" count="2" type="stmt"/>
        <line num="415" count="2" type="stmt"/>
      </file>
      <file name="index.js" path="/home/ton/Documents/Development/quantum/components/Dropdown/index.js">
        <metrics statements="0" coveredstatements="0" conditionals="0" coveredconditionals="0" methods="0" coveredmethods="0"/>
      </file>
    </package>
    <package name="components.Form">
      <metrics statements="111" coveredstatements="110" conditionals="66" coveredconditionals="56" methods="33" coveredmethods="30"/>
      <file name="Form.jsx" path="/home/ton/Documents/Development/quantum/components/Form/Form.jsx">
        <metrics statements="78" coveredstatements="78" conditionals="30" coveredconditionals="28" methods="22" coveredmethods="19"/>
        <line num="7" count="86" type="cond" truecount="2" falsecount="0"/>
        <line num="8" count="81" type="stmt"/>
        <line num="11" count="5" type="stmt"/>
        <line num="12" count="5" type="stmt"/>
        <line num="14" count="5" type="cond" truecount="3" falsecount="1"/>
        <line num="17" count="2" type="stmt"/>
        <line num="18" count="12" type="stmt"/>
        <line num="22" count="2" type="stmt"/>
        <line num="23" count="1442" type="cond" truecount="2" falsecount="0"/>
        <line num="27" count="14" type="stmt"/>
        <line num="29" count="14" type="stmt"/>
        <line num="35" count="14" type="stmt"/>
        <line num="36" count="14" type="stmt"/>
        <line num="38" count="14" type="stmt"/>
        <line num="39" count="80" type="cond" truecount="2" falsecount="0"/>
        <line num="43" count="69" type="stmt"/>
        <line num="44" count="69" type="cond" truecount="2" falsecount="0"/>
        <line num="48" count="14" type="stmt"/>
        <line num="49" count="200" type="stmt"/>
        <line num="51" count="200" type="stmt"/>
        <line num="52" count="1362" type="cond" truecount="2" falsecount="0"/>
        <line num="53" count="210" type="stmt"/>
        <line num="55" count="1152" type="cond" truecount="0" falsecount="1"/>
        <line num="56" count="1152" type="stmt"/>
        <line num="60" count="17" type="stmt"/>
        <line num="61" count="17" type="stmt"/>
        <line num="65" count="200" type="stmt"/>
        <line num="68" count="14" type="stmt"/>
        <line num="69" count="465" type="stmt"/>
        <line num="70" count="1694" type="cond" truecount="2" falsecount="0"/>
        <line num="71" count="171" type="stmt"/>
        <line num="74" count="1523" type="cond" truecount="2" falsecount="0"/>
        <line num="75" count="235" type="stmt"/>
        <line num="81" count="1288" type="stmt"/>
        <line num="84" count="14" type="stmt"/>
        <line num="85" count="81" type="stmt"/>
        <line num="86" count="81" type="stmt"/>
        <line num="87" count="81" type="cond" truecount="1" falsecount="0"/>
        <line num="91" count="81" type="stmt"/>
        <line num="96" count="81" type="cond" truecount="2" falsecount="0"/>
        <line num="97" count="8" type="stmt"/>
        <line num="98" count="13" type="stmt"/>
        <line num="101" count="13" type="cond" truecount="2" falsecount="0"/>
        <line num="104" count="73" type="stmt"/>
        <line num="107" count="81" type="cond" truecount="2" falsecount="0"/>
        <line num="108" count="55" type="stmt"/>
        <line num="111" count="81" type="stmt"/>
        <line num="114" count="14" type="stmt"/>
        <line num="115" count="16" type="stmt"/>
        <line num="117" count="16" type="stmt"/>
        <line num="118" count="81" type="stmt"/>
        <line num="120" count="81" type="stmt"/>
        <line num="122" count="81" type="stmt"/>
        <line num="123" count="81" type="stmt"/>
        <line num="125" count="81" type="stmt"/>
        <line num="129" count="14" type="stmt"/>
        <line num="130" count="17" type="stmt"/>
        <line num="131" count="17" type="stmt"/>
        <line num="136" count="17" type="stmt"/>
        <line num="137" count="17" type="stmt"/>
        <line num="139" count="17" type="stmt"/>
        <line num="140" count="17" type="stmt"/>
        <line num="143" count="14" type="stmt"/>
        <line num="144" count="16" type="stmt"/>
        <line num="146" count="16" type="stmt"/>
        <line num="147" count="16" type="stmt"/>
        <line num="149" count="16" type="stmt"/>
        <line num="151" count="18" type="stmt"/>
        <line num="153" count="16" type="stmt"/>
        <line num="154" count="16" type="stmt"/>
        <line num="155" count="16" type="stmt"/>
        <line num="157" count="16" type="cond" truecount="2" falsecount="0"/>
        <line num="163" count="200" type="stmt"/>
        <line num="164" count="200" type="stmt"/>
        <line num="165" count="200" type="stmt"/>
        <line num="167" count="200" type="stmt"/>
        <line num="175" count="2" type="stmt"/>
        <line num="181" count="2" type="stmt"/>
      </file>
      <file name="index.js" path="/home/ton/Documents/Development/quantum/components/Form/index.js">
        <metrics statements="0" coveredstatements="0" conditionals="0" coveredconditionals="0" methods="0" coveredmethods="0"/>
      </file>
      <file name="validations.js" path="/home/ton/Documents/Development/quantum/components/Form/validations.js">
        <metrics statements="33" coveredstatements="32" conditionals="36" coveredconditionals="28" methods="11" coveredmethods="11"/>
        <line num="1" count="2" type="stmt"/>
        <line num="7" count="10" type="stmt"/>
        <line num="8" count="1" type="stmt"/>
        <line num="12" count="16" type="cond" truecount="2" falsecount="0"/>
        <line num="17" count="18" type="cond" truecount="2" falsecount="0"/>
        <line num="21" count="8" type="stmt"/>
        <line num="23" count="8" type="cond" truecount="4" falsecount="0"/>
        <line num="24" count="7" type="stmt"/>
        <line num="27" count="1" type="stmt"/>
        <line num="28" count="10" type="cond" truecount="1" falsecount="1"/>
        <line num="29" count="0" type="stmt"/>
        <line num="33" count="1" type="stmt"/>
        <line num="34" count="1" type="stmt"/>
        <line num="37" count="1" type="stmt"/>
        <line num="38" count="9" type="stmt"/>
        <line num="41" count="1" type="stmt"/>
        <line num="42" count="1" type="cond" truecount="2" falsecount="2"/>
        <line num="44" count="1" type="stmt"/>
        <line num="47" count="1" type="cond" truecount="2" falsecount="2"/>
        <line num="51" count="8" type="stmt"/>
        <line num="53" count="8" type="cond" truecount="1" falsecount="1"/>
        <line num="57" count="8" type="stmt"/>
        <line num="58" count="8" type="stmt"/>
        <line num="59" count="8" type="stmt"/>
        <line num="61" count="8" type="cond" truecount="1" falsecount="1"/>
        <line num="65" count="13" type="cond" truecount="4" falsecount="0"/>
        <line num="66" count="10" type="stmt"/>
        <line num="68" count="3" type="stmt"/>
        <line num="72" count="8" type="cond" truecount="4" falsecount="0"/>
        <line num="73" count="1" type="stmt"/>
        <line num="75" count="7" type="stmt"/>
        <line num="79" count="8" type="stmt"/>
        <line num="80" count="8" type="cond" truecount="1" falsecount="1"/>
      </file>
    </package>
    <package name="components.GlobalStyle">
      <metrics statements="12" coveredstatements="11" conditionals="0" coveredconditionals="0" methods="5" coveredmethods="4"/>
      <file name="GlobalStyle.jsx" path="/home/ton/Documents/Development/quantum/components/GlobalStyle/GlobalStyle.jsx">
        <metrics statements="2" coveredstatements="1" conditionals="0" coveredconditionals="0" methods="1" coveredmethods="0"/>
        <line num="4" count="5" type="stmt"/>
        <line num="5" count="0" type="stmt"/>
      </file>
      <file name="index.js" path="/home/ton/Documents/Development/quantum/components/GlobalStyle/index.js">
        <metrics statements="0" coveredstatements="0" conditionals="0" coveredconditionals="0" methods="0" coveredmethods="0"/>
      </file>
      <file name="test.utils.js" path="/home/ton/Documents/Development/quantum/components/GlobalStyle/test.utils.js">
        <metrics statements="10" coveredstatements="10" conditionals="0" coveredconditionals="0" methods="4" coveredmethods="4"/>
        <line num="1" count="2" type="stmt"/>
        <line num="2" count="26" type="stmt"/>
        <line num="12" count="2" type="stmt"/>
        <line num="13" count="7" type="stmt"/>
        <line num="14" count="35" type="stmt"/>
        <line num="17" count="2" type="stmt"/>
        <line num="18" count="7" type="stmt"/>
        <line num="20" count="7" type="stmt"/>
        <line num="22" count="7" type="stmt"/>
        <line num="23" count="7" type="stmt"/>
      </file>
    </package>
    <package name="components.GlobalStyle.sub-components">
      <metrics statements="8" coveredstatements="8" conditionals="0" coveredconditionals="0" methods="2" coveredmethods="2"/>
      <file name="Blockquote.jsx" path="/home/ton/Documents/Development/quantum/components/GlobalStyle/sub-components/Blockquote.jsx">
        <metrics statements="1" coveredstatements="1" conditionals="0" coveredconditionals="0" methods="0" coveredmethods="0"/>
        <line num="3" count="6" type="stmt"/>
      </file>
      <file name="CSSVariables.jsx" path="/home/ton/Documents/Development/quantum/components/GlobalStyle/sub-components/CSSVariables.jsx">
        <metrics statements="1" coveredstatements="1" conditionals="0" coveredconditionals="0" methods="1" coveredmethods="1"/>
        <line num="1" count="548" type="stmt"/>
      </file>
      <file name="Subtitle.jsx" path="/home/ton/Documents/Development/quantum/components/GlobalStyle/sub-components/Subtitle.jsx">
        <metrics statements="1" coveredstatements="1" conditionals="0" coveredconditionals="0" methods="0" coveredmethods="0"/>
        <line num="3" count="6" type="stmt"/>
      </file>
      <file name="Title.jsx" path="/home/ton/Documents/Development/quantum/components/GlobalStyle/sub-components/Title.jsx">
        <metrics statements="1" coveredstatements="1" conditionals="0" coveredconditionals="0" methods="0" coveredmethods="0"/>
        <line num="3" count="6" type="stmt"/>
      </file>
      <file name="Typography.jsx" path="/home/ton/Documents/Development/quantum/components/GlobalStyle/sub-components/Typography.jsx">
        <metrics statements="4" coveredstatements="4" conditionals="0" coveredconditionals="0" methods="1" coveredmethods="1"/>
        <line num="7" count="7" type="stmt"/>
        <line num="9" count="7" type="stmt"/>
        <line num="91" count="7" type="stmt"/>
        <line num="92" count="9" type="stmt"/>
      </file>
    </package>
    <package name="components.Grid">
      <metrics statements="0" coveredstatements="0" conditionals="0" coveredconditionals="0" methods="0" coveredmethods="0"/>
      <file name="index.js" path="/home/ton/Documents/Development/quantum/components/Grid/index.js">
        <metrics statements="0" coveredstatements="0" conditionals="0" coveredconditionals="0" methods="0" coveredmethods="0"/>
      </file>
    </package>
    <package name="components.Grid.sub-components">
      <metrics statements="77" coveredstatements="76" conditionals="42" coveredconditionals="35" methods="23" coveredmethods="22"/>
      <file name="Col.jsx" path="/home/ton/Documents/Development/quantum/components/Grid/sub-components/Col.jsx">
        <metrics statements="22" coveredstatements="22" conditionals="24" coveredconditionals="19" methods="5" coveredmethods="5"/>
        <line num="7" count="4" type="stmt"/>
        <line num="8" count="172" type="cond" truecount="2" falsecount="0"/>
        <line num="10" count="172" type="cond" truecount="2" falsecount="0"/>
        <line num="13" count="4" type="stmt"/>
        <line num="21" count="172" type="cond" truecount="2" falsecount="0"/>
        <line num="22" count="172" type="cond" truecount="2" falsecount="0"/>
        <line num="23" count="172" type="stmt"/>
        <line num="33" count="172" type="cond" truecount="2" falsecount="0"/>
        <line num="64" count="172" type="cond" truecount="1" falsecount="1"/>
        <line num="71" count="172" type="stmt"/>
        <line num="79" count="4" type="stmt"/>
        <line num="94" count="172" type="stmt"/>
        <line num="96" count="172" type="stmt"/>
        <line num="115" count="172" type="stmt"/>
        <line num="116" count="172" type="stmt"/>
        <line num="117" count="172" type="stmt"/>
        <line num="139" count="4" type="stmt"/>
        <line num="141" count="43" type="stmt"/>
        <line num="142" count="172" type="stmt"/>
        <line num="150" count="4" type="stmt"/>
        <line num="155" count="4" type="stmt"/>
        <line num="171" count="4" type="stmt"/>
      </file>
      <file name="Container.jsx" path="/home/ton/Documents/Development/quantum/components/Grid/sub-components/Container.jsx">
        <metrics statements="13" coveredstatements="13" conditionals="4" coveredconditionals="4" methods="4" coveredmethods="4"/>
        <line num="7" count="5" type="stmt"/>
        <line num="15" count="32" type="stmt"/>
        <line num="20" count="32" type="stmt"/>
        <line num="22" count="32" type="stmt"/>
        <line num="24" count="32" type="stmt"/>
        <line num="30" count="5" type="stmt"/>
        <line num="35" count="8" type="stmt"/>
        <line num="36" count="32" type="stmt"/>
        <line num="50" count="5" type="stmt"/>
        <line num="56" count="8" type="cond" truecount="2" falsecount="0"/>
        <line num="64" count="5" type="stmt"/>
        <line num="78" count="5" type="stmt"/>
        <line num="85" count="5" type="stmt"/>
      </file>
      <file name="Hide.jsx" path="/home/ton/Documents/Development/quantum/components/Grid/sub-components/Hide.jsx">
        <metrics statements="11" coveredstatements="11" conditionals="8" coveredconditionals="8" methods="1" coveredmethods="1"/>
        <line num="6" count="5" type="stmt"/>
        <line num="8" count="45" type="stmt"/>
        <line num="10" count="45" type="stmt"/>
        <line num="12" count="45" type="cond" truecount="2" falsecount="0"/>
        <line num="13" count="45" type="cond" truecount="2" falsecount="0"/>
        <line num="14" count="45" type="cond" truecount="2" falsecount="0"/>
        <line num="15" count="45" type="cond" truecount="2" falsecount="0"/>
        <line num="17" count="45" type="stmt"/>
        <line num="21" count="5" type="stmt"/>
        <line num="23" count="5" type="stmt"/>
        <line num="33" count="5" type="stmt"/>
      </file>
      <file name="Row.jsx" path="/home/ton/Documents/Development/quantum/components/Grid/sub-components/Row.jsx">
        <metrics statements="31" coveredstatements="30" conditionals="6" coveredconditionals="4" methods="13" coveredmethods="12"/>
        <line num="8" count="4" type="stmt"/>
        <line num="12" count="172" type="stmt"/>
        <line num="16" count="172" type="stmt"/>
        <line num="18" count="172" type="stmt"/>
        <line num="23" count="4" type="stmt"/>
        <line num="27" count="43" type="stmt"/>
        <line num="28" count="172" type="stmt"/>
        <line num="40" count="4" type="stmt"/>
        <line num="44" count="172" type="stmt"/>
        <line num="49" count="172" type="stmt"/>
        <line num="51" count="172" type="stmt"/>
        <line num="58" count="4" type="stmt"/>
        <line num="62" count="43" type="stmt"/>
        <line num="63" count="172" type="stmt"/>
        <line num="75" count="4" type="stmt"/>
        <line num="76" count="43" type="stmt"/>
        <line num="78" count="172" type="stmt"/>
        <line num="83" count="4" type="stmt"/>
        <line num="103" count="43" type="stmt"/>
        <line num="105" count="43" type="stmt"/>
        <line num="109" count="43" type="stmt"/>
        <line num="111" count="43" type="stmt"/>
        <line num="112" count="43" type="stmt"/>
        <line num="116" count="43" type="stmt"/>
        <line num="119" count="43" type="stmt"/>
        <line num="120" count="43" type="cond" truecount="1" falsecount="1"/>
        <line num="121" count="0" type="stmt"/>
        <line num="124" count="43" type="stmt"/>
        <line num="132" count="4" type="stmt"/>
        <line num="147" count="4" type="stmt"/>
        <line num="153" count="4" type="stmt"/>
      </file>
      <file name="index.js" path="/home/ton/Documents/Development/quantum/components/Grid/sub-components/index.js">
        <metrics statements="0" coveredstatements="0" conditionals="0" coveredconditionals="0" methods="0" coveredmethods="0"/>
      </file>
    </package>
    <package name="components.Grid.sub-components.shared">
      <metrics statements="18" coveredstatements="18" conditionals="11" coveredconditionals="10" methods="11" coveredmethods="11"/>
      <file name="index.js" path="/home/ton/Documents/Development/quantum/components/Grid/sub-components/shared/index.js">
        <metrics statements="0" coveredstatements="0" conditionals="0" coveredconditionals="0" methods="0" coveredmethods="0"/>
      </file>
      <file name="media.js" path="/home/ton/Documents/Development/quantum/components/Grid/sub-components/shared/media.js">
        <metrics statements="10" coveredstatements="10" conditionals="2" coveredconditionals="2" methods="8" coveredmethods="8"/>
        <line num="3" count="12" type="stmt"/>
        <line num="4" count="773" type="stmt"/>
        <line num="5" count="3092" type="stmt"/>
        <line num="10" count="3092" type="stmt"/>
        <line num="13" count="12" type="stmt"/>
        <line num="17" count="51" type="stmt"/>
        <line num="18" count="22" type="stmt"/>
        <line num="23" count="23" type="stmt"/>
        <line num="28" count="24" type="stmt"/>
        <line num="33" count="24" type="stmt"/>
      </file>
      <file name="utils.js" path="/home/ton/Documents/Development/quantum/components/Grid/sub-components/shared/utils.js">
        <metrics statements="8" coveredstatements="8" conditionals="9" coveredconditionals="8" methods="3" coveredmethods="3"/>
        <line num="3" count="11" type="stmt"/>
        <line num="4" count="51" type="cond" truecount="2" falsecount="0"/>
        <line num="7" count="6" type="stmt"/>
        <line num="9" count="11" type="cond" truecount="1" falsecount="0"/>
        <line num="10" count="552" type="stmt"/>
        <line num="11" count="552" type="cond" truecount="1" falsecount="1"/>
        <line num="12" count="552" type="cond" truecount="2" falsecount="0"/>
        <line num="15" count="552" type="cond" truecount="2" falsecount="0"/>
      </file>
    </package>
    <package name="components.Hamburger">
      <metrics statements="17" coveredstatements="17" conditionals="10" coveredconditionals="10" methods="3" coveredmethods="3"/>
      <file name="Hamburger.jsx" path="/home/ton/Documents/Development/quantum/components/Hamburger/Hamburger.jsx">
        <metrics statements="17" coveredstatements="17" conditionals="10" coveredconditionals="10" methods="3" coveredmethods="3"/>
        <line num="9" count="2" type="stmt"/>
        <line num="10" count="2" type="stmt"/>
        <line num="12" count="2" type="stmt"/>
        <line num="13" count="8" type="cond" truecount="2" falsecount="0"/>
        <line num="15" count="8" type="stmt"/>
        <line num="18" count="2" type="stmt"/>
        <line num="25" count="2" type="stmt"/>
        <line num="29" count="2" type="cond" truecount="2" falsecount="0"/>
        <line num="36" count="2" type="stmt"/>
        <line num="40" count="2" type="stmt"/>
        <line num="44" count="2" type="stmt"/>
        <line num="51" count="8" type="stmt"/>
        <line num="62" count="8" type="stmt"/>
        <line num="69" count="2" type="stmt"/>
        <line num="70" count="2" type="stmt"/>
        <line num="72" count="2" type="stmt"/>
        <line num="80" count="2" type="stmt"/>
      </file>
      <file name="index.js" path="/home/ton/Documents/Development/quantum/components/Hamburger/index.js">
        <metrics statements="0" coveredstatements="0" conditionals="0" coveredconditionals="0" methods="0" coveredmethods="0"/>
      </file>
    </package>
    <package name="components.Icon">
      <metrics statements="9" coveredstatements="9" conditionals="2" coveredconditionals="1" methods="1" coveredmethods="1"/>
      <file name="Icon.jsx" path="/home/ton/Documents/Development/quantum/components/Icon/Icon.jsx">
        <metrics statements="9" coveredstatements="9" conditionals="2" coveredconditionals="1" methods="1" coveredmethods="1"/>
        <line num="87" count="27" type="stmt"/>
        <line num="89" count="27" type="stmt"/>
        <line num="97" count="27" type="stmt"/>
        <line num="98" count="331" type="stmt"/>
        <line num="181" count="331" type="cond" truecount="1" falsecount="1"/>
        <line num="183" count="331" type="stmt"/>
        <line num="185" count="331" type="stmt"/>
        <line num="196" count="27" type="stmt"/>
        <line num="202" count="27" type="stmt"/>
      </file>
      <file name="index.js" path="/home/ton/Documents/Development/quantum/components/Icon/index.js">
        <metrics statements="0" coveredstatements="0" conditionals="0" coveredconditionals="0" methods="0" coveredmethods="0"/>
      </file>
    </package>
    <package name="components.Input">
      <metrics statements="64" coveredstatements="64" conditionals="37" coveredconditionals="36" methods="20" coveredmethods="19"/>
      <file name="Input.jsx" path="/home/ton/Documents/Development/quantum/components/Input/Input.jsx">
        <metrics statements="51" coveredstatements="51" conditionals="37" coveredconditionals="36" methods="14" coveredmethods="13"/>
        <line num="19" count="4" type="stmt"/>
        <line num="21" count="4" type="stmt"/>
        <line num="28" count="13" type="stmt"/>
        <line num="37" count="4" type="stmt"/>
        <line num="43" count="2" type="stmt"/>
        <line num="48" count="4" type="stmt"/>
        <line num="54" count="1" type="stmt"/>
        <line num="59" count="4" type="stmt"/>
        <line num="62" count="2" type="stmt"/>
        <line num="70" count="4" type="stmt"/>
        <line num="74" count="4" type="stmt"/>
        <line num="75" count="4" type="stmt"/>
        <line num="76" count="4" type="stmt"/>
        <line num="77" count="4" type="stmt"/>
        <line num="82" count="39" type="stmt"/>
        <line num="84" count="39" type="stmt"/>
        <line num="86" count="39" type="stmt"/>
        <line num="92" count="39" type="cond" truecount="2" falsecount="0"/>
        <line num="95" count="39" type="stmt"/>
        <line num="96" count="1" type="stmt"/>
        <line num="97" count="1" type="stmt"/>
        <line num="98" count="1" type="stmt"/>
        <line num="103" count="1" type="stmt"/>
        <line num="106" count="39" type="stmt"/>
        <line num="107" count="2" type="stmt"/>
        <line num="110" count="39" type="stmt"/>
        <line num="111" count="2" type="stmt"/>
        <line num="112" count="2" type="cond" truecount="2" falsecount="0"/>
        <line num="115" count="4" type="stmt"/>
        <line num="117" count="4" type="stmt"/>
        <line num="119" count="4" type="stmt"/>
        <line num="121" count="4" type="stmt"/>
        <line num="123" count="4" type="stmt"/>
        <line num="125" count="4" type="stmt"/>
        <line num="140" count="43" type="stmt"/>
        <line num="141" count="43" type="stmt"/>
        <line num="142" count="43" type="stmt"/>
        <line num="144" count="43" type="stmt"/>
        <line num="145" count="43" type="stmt"/>
        <line num="146" count="43" type="cond" truecount="2" falsecount="0"/>
        <line num="147" count="43" type="cond" truecount="3" falsecount="0"/>
        <line num="148" count="43" type="stmt"/>
        <line num="149" count="43" type="stmt"/>
        <line num="150" count="1" type="stmt"/>
        <line num="154" count="1" type="stmt"/>
        <line num="157" count="43" type="stmt"/>
        <line num="181" count="9" type="stmt"/>
        <line num="228" count="4" type="stmt"/>
        <line num="272" count="4" type="stmt"/>
        <line num="277" count="5" type="stmt"/>
        <line num="292" count="4" type="stmt"/>
      </file>
      <file name="InputTypes.jsx" path="/home/ton/Documents/Development/quantum/components/Input/InputTypes.jsx">
        <metrics statements="13" coveredstatements="13" conditionals="0" coveredconditionals="0" methods="6" coveredmethods="6"/>
        <line num="6" count="4" type="stmt"/>
        <line num="7" count="1" type="stmt"/>
        <line num="8" count="1" type="stmt"/>
        <line num="9" count="1" type="stmt"/>
        <line num="10" count="1" type="stmt"/>
        <line num="11" count="1" type="stmt"/>
        <line num="12" count="1" type="stmt"/>
        <line num="15" count="4" type="stmt"/>
        <line num="16" count="4" type="stmt"/>
        <line num="17" count="4" type="stmt"/>
        <line num="18" count="4" type="stmt"/>
        <line num="19" count="4" type="stmt"/>
        <line num="20" count="4" type="stmt"/>
      </file>
      <file name="index.js" path="/home/ton/Documents/Development/quantum/components/Input/index.js">
        <metrics statements="0" coveredstatements="0" conditionals="0" coveredconditionals="0" methods="0" coveredmethods="0"/>
      </file>
    </package>
    <package name="components.Input.sub-components">
      <metrics statements="33" coveredstatements="33" conditionals="18" coveredconditionals="17" methods="6" coveredmethods="6"/>
      <file name="HelperText.jsx" path="/home/ton/Documents/Development/quantum/components/Input/sub-components/HelperText.jsx">
        <metrics statements="3" coveredstatements="3" conditionals="0" coveredconditionals="0" methods="0" coveredmethods="0"/>
        <line num="6" count="7" type="stmt"/>
        <line num="10" count="7" type="stmt"/>
        <line num="17" count="7" type="stmt"/>
      </file>
      <file name="InputErrorMessage.jsx" path="/home/ton/Documents/Development/quantum/components/Input/sub-components/InputErrorMessage.jsx">
        <metrics statements="5" coveredstatements="5" conditionals="2" coveredconditionals="2" methods="1" coveredmethods="1"/>
        <line num="6" count="7" type="stmt"/>
        <line num="13" count="10" type="cond" truecount="2" falsecount="0"/>
        <line num="19" count="7" type="stmt"/>
        <line num="21" count="7" type="stmt"/>
        <line num="29" count="7" type="stmt"/>
      </file>
      <file name="InputLabel.jsx" path="/home/ton/Documents/Development/quantum/components/Input/sub-components/InputLabel.jsx">
        <metrics statements="5" coveredstatements="5" conditionals="0" coveredconditionals="0" methods="1" coveredmethods="1"/>
        <line num="5" count="7" type="stmt"/>
        <line num="12" count="95" type="stmt"/>
        <line num="19" count="7" type="stmt"/>
        <line num="21" count="7" type="stmt"/>
        <line num="28" count="7" type="stmt"/>
      </file>
      <file name="RequiredMark.jsx" path="/home/ton/Documents/Development/quantum/components/Input/sub-components/RequiredMark.jsx">
        <metrics statements="4" coveredstatements="4" conditionals="2" coveredconditionals="2" methods="1" coveredmethods="1"/>
        <line num="5" count="7" type="stmt"/>
        <line num="11" count="4" type="stmt"/>
        <line num="16" count="7" type="stmt"/>
        <line num="23" count="7" type="stmt"/>
      </file>
      <file name="TextInput.jsx" path="/home/ton/Documents/Development/quantum/components/Input/sub-components/TextInput.jsx">
        <metrics statements="16" coveredstatements="16" conditionals="14" coveredconditionals="13" methods="3" coveredmethods="3"/>
        <line num="6" count="8" type="stmt"/>
        <line num="18" count="154" type="stmt"/>
        <line num="20" count="154" type="cond" truecount="2" falsecount="0"/>
        <line num="22" count="154" type="stmt"/>
        <line num="49" count="8" type="stmt"/>
        <line num="52" count="18" type="stmt"/>
        <line num="54" count="18" type="stmt"/>
        <line num="80" count="8" type="stmt"/>
        <line num="85" count="8" type="stmt"/>
        <line num="121" count="172" type="stmt"/>
        <line num="123" count="172" type="stmt"/>
        <line num="124" count="172" type="stmt"/>
        <line num="126" count="172" type="stmt"/>
        <line num="143" count="8" type="stmt"/>
        <line num="145" count="8" type="stmt"/>
        <line num="153" count="8" type="stmt"/>
      </file>
      <file name="index.js" path="/home/ton/Documents/Development/quantum/components/Input/sub-components/index.js">
        <metrics statements="0" coveredstatements="0" conditionals="0" coveredconditionals="0" methods="0" coveredmethods="0"/>
      </file>
    </package>
    <package name="components.Link">
      <metrics statements="6" coveredstatements="6" conditionals="8" coveredconditionals="8" methods="2" coveredmethods="2"/>
      <file name="Link.jsx" path="/home/ton/Documents/Development/quantum/components/Link/Link.jsx">
        <metrics statements="6" coveredstatements="6" conditionals="8" coveredconditionals="8" methods="2" coveredmethods="2"/>
        <line num="6" count="2" type="stmt"/>
        <line num="7" count="4" type="stmt"/>
        <line num="26" count="2" type="stmt"/>
        <line num="27" count="4" type="stmt"/>
        <line num="32" count="2" type="stmt"/>
        <line num="44" count="2" type="stmt"/>
      </file>
      <file name="index.js" path="/home/ton/Documents/Development/quantum/components/Link/index.js">
        <metrics statements="0" coveredstatements="0" conditionals="0" coveredconditionals="0" methods="0" coveredmethods="0"/>
      </file>
    </package>
    <package name="components.List">
      <metrics statements="23" coveredstatements="22" conditionals="12" coveredconditionals="9" methods="8" coveredmethods="7"/>
      <file name="List.jsx" path="/home/ton/Documents/Development/quantum/components/List/List.jsx">
        <metrics statements="23" coveredstatements="22" conditionals="12" coveredconditionals="9" methods="8" coveredmethods="7"/>
        <line num="10" count="2" type="stmt"/>
        <line num="11" count="4" type="cond" truecount="1" falsecount="1"/>
        <line num="26" count="0" type="stmt"/>
        <line num="32" count="6" type="stmt"/>
        <line num="38" count="2" type="stmt"/>
        <line num="47" count="6" type="cond" truecount="2" falsecount="0"/>
        <line num="58" count="2" type="stmt"/>
        <line num="69" count="2" type="stmt"/>
        <line num="71" count="2" type="stmt"/>
        <line num="83" count="2" type="stmt"/>
        <line num="100" count="2" type="stmt"/>
        <line num="104" count="6" type="stmt"/>
        <line num="106" count="6" type="stmt"/>
        <line num="112" count="6" type="cond" truecount="2" falsecount="0"/>
        <line num="114" count="2" type="stmt"/>
        <line num="116" count="2" type="stmt"/>
        <line num="118" count="2" type="stmt"/>
        <line num="120" count="2" type="stmt"/>
        <line num="131" count="6" type="stmt"/>
        <line num="133" count="6" type="cond" truecount="2" falsecount="0"/>
        <line num="135" count="6" type="stmt"/>
        <line num="149" count="2" type="stmt"/>
        <line num="163" count="2" type="stmt"/>
      </file>
      <file name="index.js" path="/home/ton/Documents/Development/quantum/components/List/index.js">
        <metrics statements="0" coveredstatements="0" conditionals="0" coveredconditionals="0" methods="0" coveredmethods="0"/>
      </file>
    </package>
    <package name="components.List.sub-components">
      <metrics statements="48" coveredstatements="46" conditionals="26" coveredconditionals="23" methods="11" coveredmethods="11"/>
      <file name="Content.jsx" path="/home/ton/Documents/Development/quantum/components/List/sub-components/Content.jsx">
        <metrics statements="13" coveredstatements="13" conditionals="16" coveredconditionals="16" methods="2" coveredmethods="2"/>
        <line num="8" count="4" type="stmt"/>
        <line num="13" count="4" type="stmt"/>
        <line num="16" count="27" type="stmt"/>
        <line num="18" count="26" type="cond" truecount="4" falsecount="0"/>
        <line num="20" count="26" type="cond" truecount="4" falsecount="0"/>
        <line num="24" count="26" type="cond" truecount="4" falsecount="0"/>
        <line num="25" count="20" type="stmt"/>
        <line num="28" count="6" type="stmt"/>
        <line num="40" count="27" type="stmt"/>
        <line num="42" count="27" type="stmt"/>
        <line num="50" count="4" type="stmt"/>
        <line num="61" count="4" type="stmt"/>
        <line num="81" count="4" type="stmt"/>
      </file>
      <file name="Header.jsx" path="/home/ton/Documents/Development/quantum/components/List/sub-components/Header.jsx">
        <metrics statements="7" coveredstatements="7" conditionals="0" coveredconditionals="0" methods="2" coveredmethods="2"/>
        <line num="6" count="5" type="stmt"/>
        <line num="11" count="27" type="stmt"/>
        <line num="16" count="5" type="stmt"/>
        <line num="18" count="27" type="stmt"/>
        <line num="20" count="5" type="stmt"/>
        <line num="26" count="5" type="stmt"/>
        <line num="36" count="5" type="stmt"/>
      </file>
      <file name="Item.jsx" path="/home/ton/Documents/Development/quantum/components/List/sub-components/Item.jsx">
        <metrics statements="21" coveredstatements="19" conditionals="10" coveredconditionals="7" methods="6" coveredmethods="6"/>
        <line num="8" count="3" type="stmt"/>
        <line num="16" count="1" type="stmt"/>
        <line num="21" count="3" type="stmt"/>
        <line num="23" count="3" type="stmt"/>
        <line num="24" count="23" type="cond" truecount="1" falsecount="1"/>
        <line num="31" count="3" type="stmt"/>
        <line num="40" count="23" type="stmt"/>
        <line num="47" count="3" type="stmt"/>
        <line num="50" count="3" type="stmt"/>
        <line num="51" count="18" type="cond" truecount="1" falsecount="1"/>
        <line num="52" count="18" type="stmt"/>
        <line num="55" count="0" type="stmt"/>
        <line num="58" count="23" type="stmt"/>
        <line num="59" count="1" type="cond" truecount="1" falsecount="1"/>
        <line num="60" count="1" type="stmt"/>
        <line num="63" count="0" type="stmt"/>
        <line num="67" count="23" type="stmt"/>
        <line num="69" count="23" type="stmt"/>
        <line num="80" count="3" type="stmt"/>
        <line num="91" count="3" type="stmt"/>
        <line num="111" count="3" type="stmt"/>
      </file>
      <file name="SubHeader.jsx" path="/home/ton/Documents/Development/quantum/components/List/sub-components/SubHeader.jsx">
        <metrics statements="7" coveredstatements="7" conditionals="0" coveredconditionals="0" methods="1" coveredmethods="1"/>
        <line num="6" count="5" type="stmt"/>
        <line num="15" count="5" type="stmt"/>
        <line num="17" count="5" type="stmt"/>
        <line num="18" count="4" type="stmt"/>
        <line num="21" count="5" type="stmt"/>
        <line num="27" count="5" type="stmt"/>
        <line num="37" count="5" type="stmt"/>
      </file>
    </package>
    <package name="components.Modal">
      <metrics statements="74" coveredstatements="61" conditionals="20" coveredconditionals="8" methods="17" coveredmethods="13"/>
      <file name="Modal.jsx" path="/home/ton/Documents/Development/quantum/components/Modal/Modal.jsx">
        <metrics statements="74" coveredstatements="61" conditionals="20" coveredconditionals="8" methods="17" coveredmethods="13"/>
        <line num="15" count="1" type="stmt"/>
        <line num="18" count="8" type="stmt"/>
        <line num="24" count="8" type="stmt"/>
        <line num="26" count="32" type="stmt"/>
        <line num="30" count="1" type="stmt"/>
        <line num="36" count="8" type="stmt"/>
        <line num="42" count="1" type="stmt"/>
        <line num="51" count="8" type="stmt"/>
        <line num="57" count="1" type="stmt"/>
        <line num="59" count="1" type="stmt"/>
        <line num="74" count="8" type="stmt"/>
        <line num="77" count="1" type="stmt"/>
        <line num="80" count="8" type="stmt"/>
        <line num="83" count="8" type="stmt"/>
[...]
        <line num="3" count="2" type="cond" truecount="0" falsecount="2"/>
        <line num="5" count="2" type="stmt"/>
        <line num="15" count="2" type="stmt"/>
        <line num="20" count="2" type="stmt"/>
      </file>
      <file name="TabbedView.jsx" path="/home/ton/Documents/Development/quantum/components/TabbedView/TabbedView.jsx">
        <metrics statements="36" coveredstatements="36" conditionals="14" coveredconditionals="14" methods="12" coveredmethods="12"/>
        <line num="13" count="31" type="stmt"/>
        <line num="15" count="2" type="stmt"/>
        <line num="37" count="8" type="stmt"/>
        <line num="38" count="8" type="stmt"/>
        <line num="40" count="8" type="stmt"/>
        <line num="53" count="2" type="stmt"/>
        <line num="55" count="2" type="stmt"/>
        <line num="89" count="23" type="stmt"/>
        <line num="90" count="23" type="stmt"/>
        <line num="138" count="2" type="stmt"/>
        <line num="140" count="2" type="stmt"/>
        <line num="144" count="2" type="stmt"/>
        <line num="151" count="2" type="stmt"/>
        <line num="159" count="2" type="stmt"/>
        <line num="163" count="23" type="cond" truecount="2" falsecount="0"/>
        <line num="167" count="6" type="stmt"/>
        <line num="169" count="6" type="stmt"/>
        <line num="171" count="6" type="cond" truecount="2" falsecount="0"/>
        <line num="172" count="1" type="stmt"/>
        <line num="178" count="5" type="stmt"/>
        <line num="179" count="5" type="stmt"/>
        <line num="183" count="6" type="stmt"/>
        <line num="184" count="2" type="stmt"/>
        <line num="185" count="2" type="stmt"/>
        <line num="188" count="6" type="stmt"/>
        <line num="189" count="115" type="stmt"/>
        <line num="195" count="2" type="stmt"/>
        <line num="198" count="8" type="stmt"/>
        <line num="199" count="8" type="stmt"/>
        <line num="201" count="8" type="stmt"/>
        <line num="205" count="23" type="stmt"/>
        <line num="208" count="2" type="stmt"/>
        <line num="225" count="23" type="stmt"/>
        <line num="242" count="2" type="stmt"/>
        <line num="262" count="2" type="stmt"/>
        <line num="275" count="2" type="stmt"/>
      </file>
      <file name="index.js" path="/home/ton/Documents/Development/quantum/components/TabbedView/index.js">
        <metrics statements="0" coveredstatements="0" conditionals="0" coveredconditionals="0" methods="0" coveredmethods="0"/>
      </file>
    </package>
    <package name="components.Tag">
      <metrics statements="23" coveredstatements="23" conditionals="20" coveredconditionals="20" methods="9" coveredmethods="9"/>
      <file name="Tag.jsx" path="/home/ton/Documents/Development/quantum/components/Tag/Tag.jsx">
        <metrics statements="23" coveredstatements="23" conditionals="20" coveredconditionals="20" methods="9" coveredmethods="9"/>
        <line num="12" count="2" type="stmt"/>
        <line num="25" count="51" type="stmt"/>
        <line num="30" count="2" type="stmt"/>
        <line num="31" count="36" type="stmt"/>
        <line num="37" count="36" type="stmt"/>
        <line num="39" count="36" type="stmt"/>
        <line num="46" count="2" type="stmt"/>
        <line num="53" count="36" type="stmt"/>
        <line num="64" count="2" type="stmt"/>
        <line num="70" count="36" type="cond" truecount="2" falsecount="0"/>
        <line num="75" count="2" type="stmt"/>
        <line num="77" count="36" type="cond" truecount="2" falsecount="0"/>
        <line num="84" count="2" type="stmt"/>
        <line num="85" count="30" type="stmt"/>
        <line num="91" count="2" type="stmt"/>
        <line num="95" count="2" type="stmt"/>
        <line num="105" count="15" type="stmt"/>
        <line num="109" count="15" type="stmt"/>
        <line num="113" count="2" type="stmt"/>
        <line num="115" count="2" type="stmt"/>
        <line num="116" count="37" type="stmt"/>
        <line num="128" count="2" type="stmt"/>
        <line num="150" count="2" type="stmt"/>
      </file>
      <file name="index.js" path="/home/ton/Documents/Development/quantum/components/Tag/index.js">
        <metrics statements="0" coveredstatements="0" conditionals="0" coveredconditionals="0" methods="0" coveredmethods="0"/>
      </file>
    </package>
    <package name="components.TextArea">
      <metrics statements="18" coveredstatements="18" conditionals="12" coveredconditionals="12" methods="5" coveredmethods="4"/>
      <file name="TextArea.jsx" path="/home/ton/Documents/Development/quantum/components/TextArea/TextArea.jsx">
        <metrics statements="18" coveredstatements="18" conditionals="12" coveredconditionals="12" methods="5" coveredmethods="4"/>
        <line num="14" count="2" type="stmt"/>
        <line num="16" count="2" type="stmt"/>
        <line num="24" count="18" type="stmt"/>
        <line num="32" count="23" type="stmt"/>
        <line num="34" count="23" type="stmt"/>
        <line num="36" count="23" type="stmt"/>
        <line num="41" count="23" type="cond" truecount="2" falsecount="0"/>
        <line num="44" count="23" type="stmt"/>
        <line num="45" count="1" type="stmt"/>
        <line num="46" count="1" type="stmt"/>
        <line num="47" count="1" type="stmt"/>
        <line num="52" count="1" type="stmt"/>
        <line num="65" count="24" type="stmt"/>
        <line num="66" count="24" type="stmt"/>
        <line num="68" count="24" type="stmt"/>
        <line num="99" count="2" type="stmt"/>
        <line num="113" count="2" type="stmt"/>
        <line num="131" count="2" type="stmt"/>
      </file>
      <file name="index.js" path="/home/ton/Documents/Development/quantum/components/TextArea/index.js">
        <metrics statements="0" coveredstatements="0" conditionals="0" coveredconditionals="0" methods="0" coveredmethods="0"/>
      </file>
    </package>
    <package name="components.Toggle">
      <metrics statements="19" coveredstatements="19" conditionals="0" coveredconditionals="0" methods="11" coveredmethods="10"/>
      <file name="Toggle.jsx" path="/home/ton/Documents/Development/quantum/components/Toggle/Toggle.jsx">
        <metrics statements="19" coveredstatements="19" conditionals="0" coveredconditionals="0" methods="11" coveredmethods="10"/>
        <line num="8" count="2" type="stmt"/>
        <line num="12" count="2" type="stmt"/>
        <line num="16" count="2" type="stmt"/>
        <line num="22" count="2" type="stmt"/>
        <line num="30" count="2" type="stmt"/>
        <line num="39" count="2" type="stmt"/>
        <line num="59" count="2" type="stmt"/>
        <line num="66" count="2" type="stmt"/>
        <line num="82" count="2" type="stmt"/>
        <line num="101" count="2" type="stmt"/>
        <line num="111" count="2" type="stmt"/>
        <line num="130" count="2" type="stmt"/>
        <line num="140" count="2" type="stmt"/>
        <line num="151" count="2" type="stmt"/>
        <line num="157" count="2" type="stmt"/>
        <line num="159" count="2" type="stmt"/>
        <line num="160" count="4" type="stmt"/>
        <line num="169" count="2" type="stmt"/>
        <line num="179" count="2" type="stmt"/>
      </file>
      <file name="index.js" path="/home/ton/Documents/Development/quantum/components/Toggle/index.js">
        <metrics statements="0" coveredstatements="0" conditionals="0" coveredconditionals="0" methods="0" coveredmethods="0"/>
      </file>
    </package>
    <package name="components.Tooltip">
      <metrics statements="32" coveredstatements="30" conditionals="14" coveredconditionals="11" methods="14" coveredmethods="11"/>
      <file name="Tooltip.jsx" path="/home/ton/Documents/Development/quantum/components/Tooltip/Tooltip.jsx">
        <metrics statements="24" coveredstatements="22" conditionals="14" coveredconditionals="11" methods="14" coveredmethods="11"/>
        <line num="11" count="2" type="stmt"/>
        <line num="14" count="6" type="cond" truecount="1" falsecount="1"/>
        <line num="15" count="6" type="cond" truecount="1" falsecount="1"/>
        <line num="28" count="6" type="stmt"/>
        <line num="36" count="6" type="stmt"/>
        <line num="41" count="6" type="stmt"/>
        <line num="45" count="2" type="stmt"/>
        <line num="47" count="6" type="cond" truecount="2" falsecount="0"/>
        <line num="50" count="6" type="cond" truecount="2" falsecount="0"/>
        <line num="52" count="6" type="cond" truecount="2" falsecount="0"/>
        <line num="55" count="2" type="stmt"/>
        <line num="59" count="6" type="cond" truecount="1" falsecount="1"/>
        <line num="64" count="6" type="stmt"/>
        <line num="65" count="6" type="stmt"/>
        <line num="66" count="6" type="stmt"/>
        <line num="69" count="6" type="stmt"/>
        <line num="80" count="6" type="stmt"/>
        <line num="81" count="6" type="stmt"/>
        <line num="83" count="6" type="stmt"/>
        <line num="85" count="0" type="stmt"/>
        <line num="86" count="0" type="stmt"/>
        <line num="102" count="2" type="stmt"/>
        <line num="104" count="2" type="stmt"/>
        <line num="122" count="2" type="stmt"/>
      </file>
      <file name="index.js" path="/home/ton/Documents/Development/quantum/components/Tooltip/index.js">
        <metrics statements="0" coveredstatements="0" conditionals="0" coveredconditionals="0" methods="0" coveredmethods="0"/>
      </file>
      <file name="options.js" path="/home/ton/Documents/Development/quantum/components/Tooltip/options.js">
        <metrics statements="8" coveredstatements="8" conditionals="0" coveredconditionals="0" methods="0" coveredmethods="0"/>
        <line num="1" count="2" type="stmt"/>
        <line num="2" count="2" type="stmt"/>
        <line num="3" count="2" type="stmt"/>
        <line num="4" count="2" type="stmt"/>
        <line num="5" count="2" type="stmt"/>
        <line num="8" count="2" type="stmt"/>
        <line num="15" count="2" type="stmt"/>
        <line num="22" count="2" type="stmt"/>
      </file>
    </package>
    <package name="components.shared">
      <metrics statements="64" coveredstatements="56" conditionals="39" coveredconditionals="25" methods="15" coveredmethods="12"/>
      <file name="ErrorMessage.jsx" path="/home/ton/Documents/Development/quantum/components/shared/ErrorMessage.jsx">
        <metrics statements="4" coveredstatements="4" conditionals="0" coveredconditionals="0" methods="1" coveredmethods="1"/>
        <line num="5" count="41" type="stmt"/>
        <line num="13" count="15" type="stmt"/>
        <line num="26" count="41" type="stmt"/>
        <line num="33" count="41" type="stmt"/>
      </file>
      <file name="FieldGroup.jsx" path="/home/ton/Documents/Development/quantum/components/shared/FieldGroup.jsx">
        <metrics statements="1" coveredstatements="1" conditionals="3" coveredconditionals="3" methods="1" coveredmethods="1"/>
        <line num="14" count="117" type="stmt"/>
      </file>
      <file name="HiddenInput.jsx" path="/home/ton/Documents/Development/quantum/components/shared/HiddenInput.jsx">
        <metrics statements="0" coveredstatements="0" conditionals="0" coveredconditionals="0" methods="0" coveredmethods="0"/>
      </file>
      <file name="Label.jsx" path="/home/ton/Documents/Development/quantum/components/shared/Label.jsx">
        <metrics statements="0" coveredstatements="0" conditionals="0" coveredconditionals="0" methods="0" coveredmethods="0"/>
      </file>
      <file name="breakpoints.js" path="/home/ton/Documents/Development/quantum/components/shared/breakpoints.js">
        <metrics statements="0" coveredstatements="0" conditionals="0" coveredconditionals="0" methods="0" coveredmethods="0"/>
      </file>
      <file name="hexToRgba.js" path="/home/ton/Documents/Development/quantum/components/shared/hexToRgba.js">
        <metrics statements="8" coveredstatements="8" conditionals="7" coveredconditionals="7" methods="2" coveredmethods="2"/>
        <line num="1" count="56" type="cond" truecount="1" falsecount="0"/>
        <line num="2" count="3907" type="stmt"/>
        <line num="4" count="3907" type="stmt"/>
        <line num="5" count="3907" type="cond" truecount="2" falsecount="0"/>
        <line num="6" count="3907" type="cond" truecount="2" falsecount="0"/>
        <line num="8" count="3907" type="stmt"/>
        <line num="9" count="11721" type="cond" truecount="2" falsecount="0"/>
        <line num="11" count="3907" type="stmt"/>
      </file>
      <file name="icons.js" path="/home/ton/Documents/Development/quantum/components/shared/icons.js">
        <metrics statements="1" coveredstatements="1" conditionals="0" coveredconditionals="0" methods="0" coveredmethods="0"/>
        <line num="1" count="41" type="stmt"/>
      </file>
      <file name="index.js" path="/home/ton/Documents/Development/quantum/components/shared/index.js">
        <metrics statements="0" coveredstatements="0" conditionals="0" coveredconditionals="0" methods="0" coveredmethods="0"/>
      </file>
      <file name="inputStyle.jsx" path="/home/ton/Documents/Development/quantum/components/shared/inputStyle.jsx">
        <metrics statements="13" coveredstatements="11" conditionals="6" coveredconditionals="0" methods="2" coveredmethods="0"/>
        <line num="4" count="41" type="stmt"/>
        <line num="20" count="41" type="stmt"/>
        <line num="25" count="41" type="stmt"/>
        <line num="29" count="41" type="stmt"/>
        <line num="34" count="41" type="stmt"/>
        <line num="42" count="41" type="stmt"/>
        <line num="48" count="41" type="stmt"/>
        <line num="57" count="41" type="stmt"/>
        <line num="61" count="41" type="stmt"/>
        <line num="65" count="41" type="stmt"/>
        <line num="69" count="41" type="stmt"/>
        <line num="76" count="0" type="cond" truecount="0" falsecount="2"/>
        <line num="89" count="0" type="cond" truecount="0" falsecount="4"/>
      </file>
      <file name="isSSR.js" path="/home/ton/Documents/Development/quantum/components/shared/isSSR.js">
        <metrics statements="1" coveredstatements="1" conditionals="0" coveredconditionals="0" methods="1" coveredmethods="1"/>
        <line num="1" count="10" type="stmt"/>
      </file>
      <file name="masks.js" path="/home/ton/Documents/Development/quantum/components/shared/masks.js">
        <metrics statements="5" coveredstatements="0" conditionals="4" coveredconditionals="0" methods="1" coveredmethods="0"/>
        <line num="41" count="0" type="stmt"/>
        <line num="42" count="0" type="cond" truecount="0" falsecount="2"/>
        <line num="44" count="0" type="stmt"/>
        <line num="61" count="0" type="stmt"/>
        <line num="78" count="0" type="cond" truecount="0" falsecount="2"/>
      </file>
      <file name="normalizeChars.js" path="/home/ton/Documents/Development/quantum/components/shared/normalizeChars.js">
        <metrics statements="11" coveredstatements="10" conditionals="16" coveredconditionals="13" methods="2" coveredmethods="2"/>
        <line num="1" count="42" type="stmt"/>
        <line num="2" count="841" type="stmt"/>
        <line num="5" count="168" type="cond" truecount="2" falsecount="0"/>
        <line num="6" count="142" type="cond" truecount="2" falsecount="0"/>
        <line num="7" count="70" type="cond" truecount="2" falsecount="0"/>
        <line num="8" count="58" type="cond" truecount="2" falsecount="0"/>
        <line num="9" count="56" type="cond" truecount="1" falsecount="1"/>
        <line num="10" count="56" type="cond" truecount="1" falsecount="1"/>
        <line num="11" count="56" type="cond" truecount="2" falsecount="0"/>
        <line num="12" count="1" type="cond" truecount="1" falsecount="1"/>
        <line num="13" count="0" type="stmt"/>
      </file>
      <file name="regressionTestContainer.js" path="/home/ton/Documents/Development/quantum/components/shared/regressionTestContainer.js">
        <metrics statements="2" coveredstatements="2" conditionals="0" coveredconditionals="0" methods="1" coveredmethods="1"/>
        <line num="1" count="1" type="stmt"/>
        <line num="2" count="8" type="stmt"/>
      </file>
      <file name="shadow.js" path="/home/ton/Documents/Development/quantum/components/shared/shadow.js">
        <metrics statements="9" coveredstatements="9" conditionals="2" coveredconditionals="2" methods="3" coveredmethods="3"/>
        <line num="3" count="42" type="stmt"/>
        <line num="100" count="42" type="stmt"/>
        <line num="102" count="42" type="stmt"/>
        <line num="111" count="1170" type="stmt"/>
        <line num="115" count="1170" type="stmt"/>
        <line num="119" count="1170" type="stmt"/>
        <line num="124" count="1170" type="stmt"/>
        <line num="127" count="856" type="cond" truecount="1" falsecount="0"/>
        <line num="128" count="1170" type="stmt"/>
      </file>
      <file name="theme.js" path="/home/ton/Documents/Development/quantum/components/shared/theme.js">
        <metrics statements="7" coveredstatements="7" conditionals="0" coveredconditionals="0" methods="0" coveredmethods="0"/>
        <line num="3" count="55" type="stmt"/>
        <line num="21" count="55" type="stmt"/>
        <line num="68" count="55" type="stmt"/>
        <line num="69" count="55" type="stmt"/>
        <line num="71" count="55" type="stmt"/>
        <line num="83" count="55" type="stmt"/>
        <line num="320" count="55" type="stmt"/>
      </file>
      <file name="uniqId.js" path="/home/ton/Documents/Development/quantum/components/shared/uniqId.js">
        <metrics statements="2" coveredstatements="2" conditionals="1" coveredconditionals="0" methods="1" coveredmethods="1"/>
        <line num="4" count="11" type="stmt"/>
        <line num="5" count="240" type="stmt"/>
      </file>
    </package>
    <package name="components.shared.hooks.UseMaxWidthMediaQuery">
      <metrics statements="12" coveredstatements="12" conditionals="4" coveredconditionals="4" methods="6" coveredmethods="3"/>
      <file name="Example.jsx" path="/home/ton/Documents/Development/quantum/components/shared/hooks/UseMaxWidthMediaQuery/Example.jsx">
        <metrics statements="3" coveredstatements="3" conditionals="2" coveredconditionals="2" methods="1" coveredmethods="1"/>
        <line num="4" count="1" type="stmt"/>
        <line num="5" count="3" type="stmt"/>
        <line num="7" count="3" type="cond" truecount="2" falsecount="0"/>
      </file>
      <file name="useMaxWidthMediaQuery.jsx" path="/home/ton/Documents/Development/quantum/components/shared/hooks/UseMaxWidthMediaQuery/useMaxWidthMediaQuery.jsx">
        <metrics statements="9" coveredstatements="9" conditionals="2" coveredconditionals="2" methods="5" coveredmethods="2"/>
        <line num="3" count="1" type="stmt"/>
        <line num="4" count="3" type="stmt"/>
        <line num="14" count="3" type="stmt"/>
        <line num="15" count="2" type="stmt"/>
        <line num="16" count="2" type="stmt"/>
        <line num="18" count="2" type="cond" truecount="2" falsecount="0"/>
        <line num="19" count="1" type="stmt"/>
        <line num="22" count="2" type="stmt"/>
        <line num="25" count="3" type="stmt"/>
      </file>
    </package>
    <package name="stories.Dialog">
      <metrics statements="1" coveredstatements="1" conditionals="0" coveredconditionals="0" methods="0" coveredmethods="0"/>
      <file name="ExampleStyle.js" path="/home/ton/Documents/Development/quantum/stories/Dialog/ExampleStyle.js">
        <metrics statements="1" coveredstatements="1" conditionals="0" coveredconditionals="0" methods="0" coveredmethods="0"/>
        <line num="15" count="1" type="stmt"/>
      </file>
    </package>
  </project>
</coverage>
