{
  "/home/ton/Documents/Development/quantum/components/index.js": {
    "path": "/home/ton/Documents/Development/quantum/components/index.js",
    "statementMap": {},
    "fnMap": {},
    "branchMap": {},
    "s": {},
    "f": {},
    "b": {},
    "_coverageSchema": "1a1c01bbd47fc00a2c39e90264f33305004495a9",
    "hash": "51fb9184ec8859989b2ba3832a35fcf9eeb2f692"
  },
  "/home/ton/Documents/Development/quantum/components/Accordion/Accordion.jsx": {
    "path": "/home/ton/Documents/Development/quantum/components/Accordion/Accordion.jsx",
    "statementMap": {
      "0": {
        "start": { "line": 14, "column": 16 },
        "end": { "line": 28, "column": 1 }
      },
      "1": {
        "start": { "line": 22, "column": 8 },
        "end": { "line": 25, "column": 3 }
      },
      "2": {
        "start": { "line": 30, "column": 23 },
        "end": { "line": 43, "column": 1 }
      },
      "3": {
        "start": { "line": 36, "column": 8 },
        "end": { "line": 39, "column": 3 }
      },
      "4": {
        "start": { "line": 45, "column": 24 },
        "end": { "line": 58, "column": 1 }
      },
      "5": {
        "start": { "line": 46, "column": 40 },
        "end": { "line": 50, "column": 3 }
      },
      "6": {
        "start": { "line": 60, "column": 25 },
        "end": { "line": 108, "column": 1 }
      },
      "7": {
        "start": { "line": 67, "column": 8 },
        "end": { "line": 95, "column": 3 }
      },
      "8": {
        "start": { "line": 103, "column": 4 },
        "end": { "line": 107, "column": 5 }
      },
      "9": {
        "start": { "line": 110, "column": 19 },
        "end": { "line": 124, "column": 1 }
      },
      "10": {
        "start": { "line": 117, "column": 8 },
        "end": { "line": 121, "column": 3 }
      },
      "11": {
        "start": { "line": 126, "column": 22 },
        "end": { "line": 174, "column": 1 }
      },
      "12": {
        "start": { "line": 134, "column": 8 },
        "end": { "line": 148, "column": 3 }
      },
      "13": {
        "start": { "line": 157, "column": 4 },
        "end": { "line": 171, "column": 5 }
      },
      "14": {
        "start": { "line": 176, "column": 0 },
        "end": { "line": 176, "column": 48 }
      },
      "15": {
        "start": { "line": 177, "column": 0 },
        "end": { "line": 177, "column": 50 }
      },
      "16": {
        "start": { "line": 181, "column": 4 },
        "end": { "line": 181, "column": 17 }
      },
      "17": {
        "start": { "line": 182, "column": 4 },
        "end": { "line": 184, "column": 6 }
      },
      "18": {
        "start": { "line": 188, "column": 4 },
        "end": { "line": 188, "column": 29 }
      },
      "19": {
        "start": { "line": 191, "column": 15 },
        "end": { "line": 203, "column": 3 }
      },
      "20": {
        "start": { "line": 192, "column": 22 },
        "end": { "line": 192, "column": 32 }
      },
      "21": {
        "start": { "line": 193, "column": 32 },
        "end": { "line": 193, "column": 42 }
      },
      "22": {
        "start": { "line": 194, "column": 19 },
        "end": { "line": 194, "column": 24 }
      },
      "23": {
        "start": { "line": 196, "column": 4 },
        "end": { "line": 198, "column": 5 }
      },
      "24": {
        "start": { "line": 197, "column": 6 },
        "end": { "line": 197, "column": 41 }
      },
      "25": {
        "start": { "line": 200, "column": 4 },
        "end": { "line": 200, "column": 66 }
      },
      "26": {
        "start": { "line": 202, "column": 4 },
        "end": { "line": 202, "column": 37 }
      },
      "27": {
        "start": { "line": 205, "column": 21 },
        "end": { "line": 217, "column": 6 }
      },
      "28": {
        "start": { "line": 206, "column": 4 },
        "end": { "line": 217, "column": 6 }
      },
      "29": {
        "start": { "line": 207, "column": 25 },
        "end": { "line": 207, "column": 29 }
      },
      "30": {
        "start": { "line": 208, "column": 6 },
        "end": { "line": 213, "column": 8 }
      },
      "31": {
        "start": { "line": 209, "column": 8 },
        "end": { "line": 211, "column": 9 }
      },
      "32": {
        "start": { "line": 210, "column": 10 },
        "end": { "line": 210, "column": 25 }
      },
      "33": {
        "start": { "line": 212, "column": 8 },
        "end": { "line": 212, "column": 27 }
      },
      "34": {
        "start": { "line": 214, "column": 6 },
        "end": { "line": 214, "column": 40 }
      },
      "35": {
        "start": { "line": 216, "column": 6 },
        "end": { "line": 216, "column": 48 }
      },
      "36": {
        "start": { "line": 220, "column": 22 },
        "end": { "line": 220, "column": 32 }
      },
      "37": {
        "start": { "line": 221, "column": 4 },
        "end": { "line": 221, "column": 59 }
      },
      "38": {
        "start": { "line": 221, "column": 30 },
        "end": { "line": 221, "column": 56 }
      },
      "39": {
        "start": { "line": 225, "column": 22 },
        "end": { "line": 225, "column": 32 }
      },
      "40": {
        "start": { "line": 226, "column": 26 },
        "end": { "line": 226, "column": 34 }
      },
      "41": {
        "start": { "line": 227, "column": 4 },
        "end": { "line": 227, "column": 71 }
      },
      "42": {
        "start": { "line": 229, "column": 4 },
        "end": { "line": 229, "column": 25 }
      },
      "43": {
        "start": { "line": 233, "column": 52 },
        "end": { "line": 233, "column": 56 }
      },
      "44": {
        "start": { "line": 234, "column": 22 },
        "end": { "line": 234, "column": 32 }
      },
      "45": {
        "start": { "line": 240, "column": 8 },
        "end": { "line": 240, "column": 13 }
      },
      "46": {
        "start": { "line": 241, "column": 19 },
        "end": { "line": 241, "column": 51 }
      },
      "47": {
        "start": { "line": 242, "column": 22 },
        "end": { "line": 242, "column": 41 }
      },
      "48": {
        "start": { "line": 243, "column": 21 },
        "end": { "line": 243, "column": 39 }
      },
      "49": {
        "start": { "line": 245, "column": 4 },
        "end": { "line": 280, "column": 6 }
      },
      "50": {
        "start": { "line": 255, "column": 25 },
        "end": { "line": 255, "column": 47 }
      },
      "51": {
        "start": { "line": 284, "column": 22 },
        "end": { "line": 284, "column": 32 }
      },
      "52": {
        "start": { "line": 285, "column": 22 },
        "end": { "line": 285, "column": 32 }
      },
      "53": {
        "start": { "line": 287, "column": 4 },
        "end": { "line": 287, "column": 75 }
      },
      "54": {
        "start": { "line": 291, "column": 0 },
        "end": { "line": 298, "column": 2 }
      },
      "55": {
        "start": { "line": 300, "column": 0 },
        "end": { "line": 323, "column": 2 }
      }
    },
    "fnMap": {
      "0": {
        "name": "(anonymous_0)",
        "decl": {
          "start": { "line": 15, "column": 4 },
          "end": { "line": 15, "column": 5 }
        },
        "loc": {
          "start": { "line": 22, "column": 8 },
          "end": { "line": 25, "column": 3 }
        },
        "line": 22
      },
      "1": {
        "name": "(anonymous_1)",
        "decl": {
          "start": { "line": 31, "column": 4 },
          "end": { "line": 31, "column": 5 }
        },
        "loc": {
          "start": { "line": 36, "column": 8 },
          "end": { "line": 39, "column": 3 }
        },
        "line": 36
      },
      "2": {
        "name": "(anonymous_2)",
        "decl": {
          "start": { "line": 46, "column": 4 },
          "end": { "line": 46, "column": 5 }
        },
        "loc": {
          "start": { "line": 46, "column": 40 },
          "end": { "line": 50, "column": 3 }
        },
        "line": 46
      },
      "3": {
        "name": "(anonymous_3)",
        "decl": {
          "start": { "line": 61, "column": 4 },
          "end": { "line": 61, "column": 5 }
        },
        "loc": {
          "start": { "line": 67, "column": 8 },
          "end": { "line": 95, "column": 3 }
        },
        "line": 67
      },
      "4": {
        "name": "(anonymous_4)",
        "decl": {
          "start": { "line": 97, "column": 4 },
          "end": { "line": 97, "column": 5 }
        },
        "loc": {
          "start": { "line": 103, "column": 4 },
          "end": { "line": 107, "column": 5 }
        },
        "line": 103
      },
      "5": {
        "name": "(anonymous_5)",
        "decl": {
          "start": { "line": 111, "column": 4 },
          "end": { "line": 111, "column": 5 }
        },
        "loc": {
          "start": { "line": 117, "column": 8 },
          "end": { "line": 121, "column": 3 }
        },
        "line": 117
      },
      "6": {
        "name": "(anonymous_6)",
        "decl": {
          "start": { "line": 129, "column": 4 },
          "end": { "line": 129, "column": 5 }
        },
        "loc": {
          "start": { "line": 134, "column": 8 },
          "end": { "line": 148, "column": 3 }
        },
        "line": 134
      },
      "7": {
        "name": "(anonymous_7)",
        "decl": {
          "start": { "line": 150, "column": 4 },
          "end": { "line": 150, "column": 5 }
        },
        "loc": {
          "start": { "line": 157, "column": 4 },
          "end": { "line": 171, "column": 5 }
        },
        "line": 157
      },
      "8": {
        "name": "(anonymous_8)",
        "decl": {
          "start": { "line": 180, "column": 2 },
          "end": { "line": 180, "column": 3 }
        },
        "loc": {
          "start": { "line": 180, "column": 21 },
          "end": { "line": 185, "column": 3 }
        },
        "line": 180
      },
      "9": {
        "name": "(anonymous_9)",
        "decl": {
          "start": { "line": 187, "column": 2 },
          "end": { "line": 187, "column": 3 }
        },
        "loc": {
          "start": { "line": 187, "column": 27 },
          "end": { "line": 189, "column": 3 }
        },
        "line": 187
      },
      "10": {
        "name": "(anonymous_10)",
        "decl": {
          "start": { "line": 191, "column": 15 },
          "end": { "line": 191, "column": 16 }
        },
        "loc": {
          "start": { "line": 191, "column": 32 },
          "end": { "line": 203, "column": 3 }
        },
        "line": 191
      },
      "11": {
        "name": "(anonymous_11)",
        "decl": {
          "start": { "line": 205, "column": 21 },
          "end": { "line": 205, "column": 22 }
        },
        "loc": {
          "start": { "line": 206, "column": 4 },
          "end": { "line": 217, "column": 6 }
        },
        "line": 206
      },
      "12": {
        "name": "(anonymous_12)",
        "decl": {
          "start": { "line": 206, "column": 14 },
          "end": { "line": 206, "column": 15 }
        },
        "loc": {
          "start": { "line": 206, "column": 31 },
          "end": { "line": 217, "column": 5 }
        },
        "line": 206
      },
      "13": {
        "name": "(anonymous_13)",
        "decl": {
          "start": { "line": 208, "column": 31 },
          "end": { "line": 208, "column": 32 }
        },
        "loc": {
          "start": { "line": 208, "column": 36 },
          "end": { "line": 213, "column": 7 }
        },
        "line": 208
      },
      "14": {
        "name": "(anonymous_14)",
        "decl": {
          "start": { "line": 219, "column": 2 },
          "end": { "line": 219, "column": 3 }
        },
        "loc": {
          "start": { "line": 219, "column": 21 },
          "end": { "line": 222, "column": 3 }
        },
        "line": 219
      },
      "15": {
        "name": "(anonymous_15)",
        "decl": {
          "start": { "line": 221, "column": 21 },
          "end": { "line": 221, "column": 22 }
        },
        "loc": {
          "start": { "line": 221, "column": 30 },
          "end": { "line": 221, "column": 56 }
        },
        "line": 221
      },
      "16": {
        "name": "(anonymous_16)",
        "decl": {
          "start": { "line": 224, "column": 2 },
          "end": { "line": 224, "column": 3 }
        },
        "loc": {
          "start": { "line": 224, "column": 48 },
          "end": { "line": 230, "column": 3 }
        },
        "line": 224
      },
      "17": {
        "name": "(anonymous_17)",
        "decl": {
          "start": { "line": 232, "column": 2 },
          "end": { "line": 232, "column": 3 }
        },
        "loc": {
          "start": { "line": 232, "column": 30 },
          "end": { "line": 281, "column": 3 }
        },
        "line": 232
      },
      "18": {
        "name": "(anonymous_18)",
        "decl": {
          "start": { "line": 255, "column": 19 },
          "end": { "line": 255, "column": 20 }
        },
        "loc": {
          "start": { "line": 255, "column": 25 },
          "end": { "line": 255, "column": 47 }
        },
        "line": 255
      },
      "19": {
        "name": "(anonymous_19)",
        "decl": {
          "start": { "line": 283, "column": 2 },
          "end": { "line": 283, "column": 3 }
        },
        "loc": {
          "start": { "line": 283, "column": 11 },
          "end": { "line": 288, "column": 3 }
        },
        "line": 283
      }
    },
    "branchMap": {
      "0": {
        "loc": {
          "start": { "line": 103, "column": 4 },
          "end": { "line": 107, "column": 5 }
        },
        "type": "binary-expr",
        "locations": [
          {
            "start": { "line": 103, "column": 4 },
            "end": { "line": 103, "column": 10 }
          },
          {
            "start": { "line": 104, "column": 4 },
            "end": { "line": 107, "column": 5 }
          }
        ],
        "line": 103
      },
      "1": {
        "loc": {
          "start": { "line": 157, "column": 4 },
          "end": { "line": 171, "column": 5 }
        },
        "type": "binary-expr",
        "locations": [
          {
            "start": { "line": 157, "column": 4 },
            "end": { "line": 157, "column": 10 }
          },
          {
            "start": { "line": 158, "column": 4 },
            "end": { "line": 171, "column": 5 }
          }
        ],
        "line": 157
      },
      "2": {
        "loc": {
          "start": { "line": 196, "column": 4 },
          "end": { "line": 198, "column": 5 }
        },
        "type": "if",
        "locations": [
          {
            "start": { "line": 196, "column": 4 },
            "end": { "line": 198, "column": 5 }
          },
          {
            "start": { "line": 196, "column": 4 },
            "end": { "line": 198, "column": 5 }
          }
        ],
        "line": 196
      },
      "3": {
        "loc": {
          "start": { "line": 209, "column": 8 },
          "end": { "line": 211, "column": 9 }
        },
        "type": "if",
        "locations": [
          {
            "start": { "line": 209, "column": 8 },
            "end": { "line": 211, "column": 9 }
          },
          {
            "start": { "line": 209, "column": 8 },
            "end": { "line": 211, "column": 9 }
          }
        ],
        "line": 209
      },
      "4": {
        "loc": {
          "start": { "line": 265, "column": 18 },
          "end": { "line": 265, "column": 56 }
        },
        "type": "cond-expr",
        "locations": [
          {
            "start": { "line": 265, "column": 27 },
            "end": { "line": 265, "column": 40 }
          },
          {
            "start": { "line": 265, "column": 43 },
            "end": { "line": 265, "column": 56 }
          }
        ],
        "line": 265
      },
      "5": {
        "loc": {
          "start": { "line": 268, "column": 9 },
          "end": { "line": 278, "column": 9 }
        },
        "type": "binary-expr",
        "locations": [
          {
            "start": { "line": 268, "column": 9 },
            "end": { "line": 268, "column": 16 }
          },
          {
            "start": { "line": 269, "column": 10 },
            "end": { "line": 277, "column": 29 }
          }
        ],
        "line": 268
      }
    },
    "s": {
      "0": 2,
      "1": 11,
      "2": 2,
      "3": 44,
      "4": 2,
      "5": 44,
      "6": 2,
      "7": 44,
      "8": 44,
      "9": 2,
      "10": 44,
      "11": 2,
      "12": 44,
      "13": 44,
      "14": 2,
      "15": 2,
      "16": 5,
      "17": 5,
      "18": 6,
      "19": 5,
      "20": 6,
      "21": 6,
      "22": 6,
      "23": 6,
      "24": 2,
      "25": 6,
      "26": 6,
      "27": 5,
      "28": 11,
      "29": 44,
      "30": 44,
      "31": 6,
      "32": 1,
      "33": 6,
      "34": 44,
      "35": 44,
      "36": 2,
      "37": 2,
      "38": 8,
      "39": 6,
      "40": 6,
      "41": 6,
      "42": 6,
      "43": 44,
      "44": 44,
      "45": 44,
      "46": 44,
      "47": 44,
      "48": 44,
      "49": 44,
      "50": 6,
      "51": 11,
      "52": 11,
      "53": 11,
      "54": 2,
      "55": 2
    },
    "f": {
      "0": 11,
      "1": 44,
      "2": 44,
      "3": 44,
      "4": 44,
      "5": 44,
      "6": 44,
      "7": 44,
      "8": 5,
      "9": 6,
      "10": 6,
      "11": 11,
      "12": 44,
      "13": 6,
      "14": 2,
      "15": 8,
      "16": 6,
      "17": 44,
      "18": 6,
      "19": 11
    },
    "b": {
      "0": [44, 7],
      "1": [44, 7],
      "2": [2, 4],
      "3": [1, 5],
      "4": [7, 37],
      "5": [44, 44]
    },
    "_coverageSchema": "1a1c01bbd47fc00a2c39e90264f33305004495a9",
    "hash": "221a681a88a676b6dbffe3fd3580bbe2684ef022"
  },
  "/home/ton/Documents/Development/quantum/components/Accordion/index.js": {
    "path": "/home/ton/Documents/Development/quantum/components/Accordion/index.js",
    "statementMap": {},
    "fnMap": {},
    "branchMap": {},
    "s": {},
    "f": {},
    "b": {},
    "_coverageSchema": "1a1c01bbd47fc00a2c39e90264f33305004495a9",
    "hash": "03aa3ffc3191853f295d8eceab087178e3c45834"
  },
  "/home/ton/Documents/Development/quantum/components/Accordion/mock.jsx": {
    "path": "/home/ton/Documents/Development/quantum/components/Accordion/mock.jsx",
    "statementMap": {
      "0": {
        "start": { "line": 4, "column": 26 },
        "end": { "line": 25, "column": 1 }
      },
      "1": {
        "start": { "line": 27, "column": 28 },
        "end": { "line": 45, "column": 1 }
      },
      "2": {
        "start": { "line": 47, "column": 22 },
        "end": { "line": 64, "column": 1 }
      },
      "3": {
        "start": { "line": 66, "column": 22 },
        "end": { "line": 87, "column": 1 }
      },
      "4": {
        "start": { "line": 89, "column": 13 },
        "end": { "line": 96, "column": 1 }
      },
      "5": {
        "start": { "line": 98, "column": 32 },
        "end": { "line": 105, "column": 1 }
      },
      "6": {
        "start": { "line": 107, "column": 31 },
        "end": { "line": 114, "column": 1 }
      },
      "7": {
        "start": { "line": 116, "column": 31 },
        "end": { "line": 118, "column": 1 }
      },
      "8": {
        "start": { "line": 120, "column": 17 },
        "end": { "line": 173, "column": 1 }
      }
    },
    "fnMap": {
      "0": {
        "name": "(anonymous_0)",
        "decl": {
          "start": { "line": 83, "column": 11 },
          "end": { "line": 83, "column": 12 }
        },
        "loc": {
          "start": { "line": 83, "column": 17 },
          "end": { "line": 86, "column": 3 }
        },
        "line": 83
      }
    },
    "branchMap": {},
    "s": {
      "0": 1,
      "1": 1,
      "2": 1,
      "3": 1,
      "4": 1,
      "5": 1,
      "6": 1,
      "7": 1,
      "8": 1
    },
    "f": { "0": 0 },
    "b": {},
    "_coverageSchema": "1a1c01bbd47fc00a2c39e90264f33305004495a9",
    "hash": "09361fde3553a8598c71acd4cb64263d2e042583"
  },
  "/home/ton/Documents/Development/quantum/components/Alert/Alert.jsx": {
    "path": "/home/ton/Documents/Development/quantum/components/Alert/Alert.jsx",
    "statementMap": {
      "0": {
        "start": { "line": 14, "column": 16 },
        "end": { "line": 21, "column": 1 }
      },
      "1": {
        "start": { "line": 23, "column": 18 },
        "end": { "line": 25, "column": 1 }
      },
      "2": {
        "start": { "line": 27, "column": 20 },
        "end": { "line": 40, "column": 1 }
      },
      "3": {
        "start": { "line": 42, "column": 0 },
        "end": { "line": 42, "column": 40 }
      },
      "4": {
        "start": { "line": 44, "column": 16 },
        "end": { "line": 85, "column": 1 }
      },
      "5": {
        "start": { "line": 61, "column": 8 },
        "end": { "line": 84, "column": 3 }
      },
      "6": {
        "start": { "line": 87, "column": 14 },
        "end": { "line": 95, "column": 1 }
      },
      "7": {
        "start": { "line": 88, "column": 2 },
        "end": { "line": 94, "column": 12 }
      },
      "8": {
        "start": { "line": 97, "column": 0 },
        "end": { "line": 111, "column": 2 }
      },
      "9": {
        "start": { "line": 113, "column": 0 },
        "end": { "line": 131, "column": 2 }
      }
    },
    "fnMap": {
      "0": {
        "name": "(anonymous_0)",
        "decl": {
          "start": { "line": 48, "column": 4 },
          "end": { "line": 48, "column": 5 }
        },
        "loc": {
          "start": { "line": 61, "column": 8 },
          "end": { "line": 84, "column": 3 }
        },
        "line": 61
      },
      "1": {
        "name": "(anonymous_1)",
        "decl": {
          "start": { "line": 87, "column": 14 },
          "end": { "line": 87, "column": 15 }
        },
        "loc": {
          "start": { "line": 88, "column": 2 },
          "end": { "line": 94, "column": 12 }
        },
        "line": 88
      }
    },
    "branchMap": {
      "0": {
        "loc": {
          "start": { "line": 90, "column": 7 },
          "end": { "line": 90, "column": 40 }
        },
        "type": "binary-expr",
        "locations": [
          {
            "start": { "line": 90, "column": 7 },
            "end": { "line": 90, "column": 11 }
          },
          {
            "start": { "line": 90, "column": 15 },
            "end": { "line": 90, "column": 40 }
          }
        ],
        "line": 90
      },
      "1": {
        "loc": {
          "start": { "line": 91, "column": 7 },
          "end": { "line": 91, "column": 42 }
        },
        "type": "binary-expr",
        "locations": [
          {
            "start": { "line": 91, "column": 7 },
            "end": { "line": 91, "column": 15 }
          },
          {
            "start": { "line": 91, "column": 19 },
            "end": { "line": 91, "column": 42 }
          }
        ],
        "line": 91
      },
      "2": {
        "loc": {
          "start": { "line": 92, "column": 7 },
          "end": { "line": 92, "column": 65 }
        },
        "type": "binary-expr",
        "locations": [
          {
            "start": { "line": 92, "column": 7 },
            "end": { "line": 92, "column": 14 }
          },
          {
            "start": { "line": 92, "column": 18 },
            "end": { "line": 92, "column": 65 }
          }
        ],
        "line": 92
      }
    },
    "s": {
      "0": 2,
      "1": 2,
      "2": 2,
      "3": 2,
      "4": 2,
      "5": 8,
      "6": 2,
      "7": 8,
      "8": 2,
      "9": 2
    },
    "f": { "0": 8, "1": 8 },
    "b": { "0": [8, 1], "1": [8, 8], "2": [8, 8] },
    "_coverageSchema": "1a1c01bbd47fc00a2c39e90264f33305004495a9",
    "hash": "b2e254919ad031cbd45e3c712c5556a4361017fe"
  },
  "/home/ton/Documents/Development/quantum/components/Alert/index.js": {
    "path": "/home/ton/Documents/Development/quantum/components/Alert/index.js",
    "statementMap": {},
    "fnMap": {},
    "branchMap": {},
    "s": {},
    "f": {},
    "b": {},
    "_coverageSchema": "1a1c01bbd47fc00a2c39e90264f33305004495a9",
    "hash": "2583ecc360def08b817c7aee81ec1df195ebe5c2"
  },
  "/home/ton/Documents/Development/quantum/components/AutoComplete/AutoComplete.jsx": {
    "path": "/home/ton/Documents/Development/quantum/components/AutoComplete/AutoComplete.jsx",
    "statementMap": {
      "0": {
        "start": { "line": 17, "column": 20 },
        "end": { "line": 17, "column": 26 }
      },
      "1": {
        "start": { "line": 18, "column": 29 },
        "end": { "line": 18, "column": 30 }
      },
      "2": {
        "start": { "line": 19, "column": 27 },
        "end": { "line": 19, "column": 47 }
      },
      "3": {
        "start": { "line": 21, "column": 25 },
        "end": { "line": 31, "column": 1 }
      },
      "4": {
        "start": { "line": 27, "column": 8 },
        "end": { "line": 30, "column": 3 }
      },
      "5": {
        "start": { "line": 33, "column": 21 },
        "end": { "line": 35, "column": 1 }
      },
      "6": {
        "start": { "line": 37, "column": 18 },
        "end": { "line": 45, "column": 1 }
      },
      "7": {
        "start": { "line": 42, "column": 8 },
        "end": { "line": 44, "column": 3 }
      },
      "8": {
        "start": { "line": 47, "column": 18 },
        "end": { "line": 59, "column": 1 }
      },
      "9": {
        "start": { "line": 54, "column": 8 },
        "end": { "line": 58, "column": 3 }
      },
      "10": {
        "start": { "line": 61, "column": 23 },
        "end": { "line": 72, "column": 1 }
      },
      "11": {
        "start": { "line": 69, "column": 8 },
        "end": { "line": 71, "column": 3 }
      },
      "12": {
        "start": { "line": 74, "column": 13 },
        "end": { "line": 98, "column": 1 }
      },
      "13": {
        "start": { "line": 91, "column": 8 },
        "end": { "line": 91, "column": 13 }
      },
      "14": {
        "start": { "line": 92, "column": 4 },
        "end": { "line": 96, "column": 6 }
      },
      "15": {
        "start": { "line": 100, "column": 17 },
        "end": { "line": 132, "column": 1 }
      },
      "16": {
        "start": { "line": 114, "column": 8 },
        "end": { "line": 119, "column": 3 }
      },
      "17": {
        "start": { "line": 128, "column": 10 },
        "end": { "line": 130, "column": 5 }
      },
      "18": {
        "start": { "line": 134, "column": 21 },
        "end": { "line": 143, "column": 1 }
      },
      "19": {
        "start": { "line": 145, "column": 21 },
        "end": { "line": 367, "column": 1 }
      },
      "20": {
        "start": { "line": 159, "column": 46 },
        "end": { "line": 159, "column": 58 }
      },
      "21": {
        "start": { "line": 160, "column": 52 },
        "end": { "line": 160, "column": 73 }
      },
      "22": {
        "start": { "line": 161, "column": 64 },
        "end": { "line": 163, "column": 3 }
      },
      "23": {
        "start": { "line": 164, "column": 48 },
        "end": { "line": 164, "column": 63 }
      },
      "24": {
        "start": { "line": 165, "column": 30 },
        "end": { "line": 165, "column": 41 }
      },
      "25": {
        "start": { "line": 167, "column": 21 },
        "end": { "line": 167, "column": 29 }
      },
      "26": {
        "start": { "line": 168, "column": 22 },
        "end": { "line": 168, "column": 30 }
      },
      "27": {
        "start": { "line": 170, "column": 30 },
        "end": { "line": 170, "column": 38 }
      },
      "28": {
        "start": { "line": 171, "column": 38 },
        "end": { "line": 171, "column": 140 }
      },
      "29": {
        "start": { "line": 172, "column": 43 },
        "end": { "line": 175, "column": 61 }
      },
      "30": {
        "start": { "line": 177, "column": 22 },
        "end": { "line": 182, "column": 6 }
      },
      "31": {
        "start": { "line": 178, "column": 4 },
        "end": { "line": 182, "column": 6 }
      },
      "32": {
        "start": { "line": 179, "column": 19 },
        "end": { "line": 179, "column": 45 }
      },
      "33": {
        "start": { "line": 180, "column": 6 },
        "end": { "line": 180, "column": 38 }
      },
      "34": {
        "start": { "line": 181, "column": 6 },
        "end": { "line": 181, "column": 70 }
      },
      "35": {
        "start": { "line": 184, "column": 23 },
        "end": { "line": 189, "column": 3 }
      },
      "36": {
        "start": { "line": 185, "column": 27 },
        "end": { "line": 185, "column": 45 }
      },
      "37": {
        "start": { "line": 186, "column": 4 },
        "end": { "line": 186, "column": 48 }
      },
      "38": {
        "start": { "line": 187, "column": 4 },
        "end": { "line": 187, "column": 41 }
      },
      "39": {
        "start": { "line": 188, "column": 4 },
        "end": { "line": 188, "column": 54 }
      },
      "40": {
        "start": { "line": 191, "column": 23 },
        "end": { "line": 196, "column": 3 }
      },
      "41": {
        "start": { "line": 192, "column": 4 },
        "end": { "line": 192, "column": 36 }
      },
      "42": {
        "start": { "line": 193, "column": 4 },
        "end": { "line": 193, "column": 31 }
      },
      "43": {
        "start": { "line": 194, "column": 4 },
        "end": { "line": 194, "column": 17 }
      },
      "44": {
        "start": { "line": 195, "column": 4 },
        "end": { "line": 195, "column": 31 }
      },
      "45": {
        "start": { "line": 205, "column": 27 },
        "end": { "line": 210, "column": 3 }
      },
      "46": {
        "start": { "line": 206, "column": 25 },
        "end": { "line": 206, "column": 52 }
      },
      "47": {
        "start": { "line": 207, "column": 4 },
        "end": { "line": 207, "column": 39 }
      },
      "48": {
        "start": { "line": 208, "column": 4 },
        "end": { "line": 208, "column": 52 }
      },
      "49": {
        "start": { "line": 209, "column": 4 },
        "end": { "line": 209, "column": 29 }
      },
      "50": {
        "start": { "line": 212, "column": 26 },
        "end": { "line": 216, "column": 3 }
      },
      "51": {
        "start": { "line": 213, "column": 4 },
        "end": { "line": 213, "column": 28 }
      },
      "52": {
        "start": { "line": 214, "column": 4 },
        "end": { "line": 214, "column": 23 }
      },
      "53": {
        "start": { "line": 215, "column": 4 },
        "end": { "line": 215, "column": 30 }
      },
      "54": {
        "start": { "line": 218, "column": 27 },
        "end": { "line": 220, "column": 3 }
      },
      "55": {
        "start": { "line": 219, "column": 4 },
        "end": { "line": 219, "column": 26 }
      },
      "56": {
        "start": { "line": 231, "column": 30 },
        "end": { "line": 254, "column": 12 }
      },
      "57": {
        "start": { "line": 232, "column": 4 },
        "end": { "line": 254, "column": 12 }
      },
      "58": {
        "start": { "line": 241, "column": 10 },
        "end": { "line": 251, "column": 21 }
      },
      "59": {
        "start": { "line": 244, "column": 27 },
        "end": { "line": 244, "column": 48 }
      },
      "60": {
        "start": { "line": 256, "column": 36 },
        "end": { "line": 261, "column": 3 }
      },
      "61": {
        "start": { "line": 257, "column": 4 },
        "end": { "line": 259, "column": 5 }
      },
      "62": {
        "start": { "line": 258, "column": 6 },
        "end": { "line": 258, "column": 46 }
      },
      "63": {
        "start": { "line": 260, "column": 4 },
        "end": { "line": 260, "column": 39 }
      },
      "64": {
        "start": { "line": 263, "column": 20 },
        "end": { "line": 263, "column": 44 }
      },
      "65": {
        "start": { "line": 264, "column": 18 },
        "end": { "line": 264, "column": 40 }
      },
      "66": {
        "start": { "line": 265, "column": 21 },
        "end": { "line": 265, "column": 41 }
      },
      "67": {
        "start": { "line": 266, "column": 19 },
        "end": { "line": 266, "column": 37 }
      },
      "68": {
        "start": { "line": 310, "column": 2 },
        "end": { "line": 317, "column": 9 }
      },
      "69": {
        "start": { "line": 311, "column": 4 },
        "end": { "line": 311, "column": 57 }
      },
      "70": {
        "start": { "line": 312, "column": 4 },
        "end": { "line": 312, "column": 55 }
      },
      "71": {
        "start": { "line": 313, "column": 4 },
        "end": { "line": 316, "column": 6 }
      },
      "72": {
        "start": { "line": 314, "column": 6 },
        "end": { "line": 314, "column": 62 }
      },
      "73": {
        "start": { "line": 315, "column": 6 },
        "end": { "line": 315, "column": 60 }
      },
      "74": {
        "start": { "line": 319, "column": 2 },
        "end": { "line": 366, "column": 4 }
      },
      "75": {
        "start": { "line": 339, "column": 25 },
        "end": { "line": 339, "column": 43 }
      },
      "76": {
        "start": { "line": 340, "column": 25 },
        "end": { "line": 340, "column": 40 }
      },
      "77": {
        "start": { "line": 348, "column": 27 },
        "end": { "line": 348, "column": 45 }
      },
      "78": {
        "start": { "line": 369, "column": 0 },
        "end": { "line": 390, "column": 2 }
      },
      "79": {
        "start": { "line": 392, "column": 0 },
        "end": { "line": 407, "column": 2 }
      }
    },
    "fnMap": {
      "0": {
        "name": "(anonymous_0)",
        "decl": {
          "start": { "line": 22, "column": 4 },
          "end": { "line": 22, "column": 5 }
        },
        "loc": {
          "start": { "line": 27, "column": 8 },
          "end": { "line": 30, "column": 3 }
        },
        "line": 27
      },
      "1": {
        "name": "(anonymous_1)",
        "decl": {
          "start": { "line": 38, "column": 4 },
          "end": { "line": 38, "column": 5 }
        },
        "loc": {
          "start": { "line": 42, "column": 8 },
          "end": { "line": 44, "column": 3 }
        },
        "line": 42
      },
      "2": {
        "name": "(anonymous_2)",
        "decl": {
          "start": { "line": 50, "column": 4 },
          "end": { "line": 50, "column": 5 }
        },
        "loc": {
          "start": { "line": 54, "column": 8 },
          "end": { "line": 58, "column": 3 }
        },
        "line": 54
      },
      "3": {
        "name": "(anonymous_3)",
        "decl": {
          "start": { "line": 62, "column": 4 },
          "end": { "line": 62, "column": 5 }
        },
        "loc": {
          "start": { "line": 69, "column": 8 },
          "end": { "line": 71, "column": 3 }
        },
        "line": 69
      },
      "4": {
        "name": "(anonymous_4)",
        "decl": {
          "start": { "line": 85, "column": 4 },
          "end": { "line": 85, "column": 5 }
        },
        "loc": {
          "start": { "line": 85, "column": 19 },
          "end": { "line": 97, "column": 3 }
        },
        "line": 85
      },
      "5": {
        "name": "(anonymous_5)",
        "decl": {
          "start": { "line": 107, "column": 4 },
          "end": { "line": 107, "column": 5 }
        },
        "loc": {
          "start": { "line": 114, "column": 8 },
          "end": { "line": 119, "column": 3 }
        },
        "line": 114
      },
      "6": {
        "name": "(anonymous_6)",
        "decl": {
          "start": { "line": 122, "column": 6 },
          "end": { "line": 122, "column": 7 }
        },
        "loc": {
          "start": { "line": 128, "column": 10 },
          "end": { "line": 130, "column": 5 }
        },
        "line": 128
      },
      "7": {
        "name": "(anonymous_7)",
        "decl": {
          "start": { "line": 145, "column": 21 },
          "end": { "line": 145, "column": 22 }
        },
        "loc": {
          "start": { "line": 158, "column": 6 },
          "end": { "line": 367, "column": 1 }
        },
        "line": 158
      },
      "8": {
        "name": "(anonymous_8)",
        "decl": {
          "start": { "line": 177, "column": 22 },
          "end": { "line": 177, "column": 23 }
        },
        "loc": {
          "start": { "line": 178, "column": 4 },
          "end": { "line": 182, "column": 6 }
        },
        "line": 178
      },
      "9": {
        "name": "(anonymous_9)",
        "decl": {
          "start": { "line": 178, "column": 23 },
          "end": { "line": 178, "column": 24 }
        },
        "loc": {
          "start": { "line": 178, "column": 37 },
          "end": { "line": 182, "column": 5 }
        },
        "line": 178
      },
      "10": {
        "name": "(anonymous_10)",
        "decl": {
          "start": { "line": 184, "column": 23 },
          "end": { "line": 184, "column": 24 }
        },
        "loc": {
          "start": { "line": 184, "column": 32 },
          "end": { "line": 189, "column": 3 }
        },
        "line": 184
      },
      "11": {
        "name": "(anonymous_11)",
        "decl": {
          "start": { "line": 191, "column": 23 },
          "end": { "line": 191, "column": 24 }
        },
        "loc": {
          "start": { "line": 191, "column": 39 },
          "end": { "line": 196, "column": 3 }
        },
        "line": 191
      },
      "12": {
        "name": "(anonymous_12)",
        "decl": {
          "start": { "line": 205, "column": 27 },
          "end": { "line": 205, "column": 28 }
        },
        "loc": {
          "start": { "line": 205, "column": 33 },
          "end": { "line": 210, "column": 3 }
        },
        "line": 205
      },
      "13": {
        "name": "(anonymous_13)",
        "decl": {
          "start": { "line": 212, "column": 26 },
          "end": { "line": 212, "column": 27 }
        },
        "loc": {
          "start": { "line": 212, "column": 34 },
          "end": { "line": 216, "column": 3 }
        },
        "line": 212
      },
      "14": {
        "name": "(anonymous_14)",
        "decl": {
          "start": { "line": 218, "column": 27 },
          "end": { "line": 218, "column": 28 }
        },
        "loc": {
          "start": { "line": 218, "column": 33 },
          "end": { "line": 220, "column": 3 }
        },
        "line": 218
      },
      "15": {
        "name": "(anonymous_15)",
        "decl": {
          "start": { "line": 231, "column": 30 },
          "end": { "line": 231, "column": 31 }
        },
        "loc": {
          "start": { "line": 232, "column": 4 },
          "end": { "line": 254, "column": 12 }
        },
        "line": 232
      },
      "16": {
        "name": "(anonymous_16)",
        "decl": {
          "start": { "line": 240, "column": 31 },
          "end": { "line": 240, "column": 32 }
        },
        "loc": {
          "start": { "line": 241, "column": 10 },
          "end": { "line": 251, "column": 21 }
        },
        "line": 241
      },
      "17": {
        "name": "(anonymous_17)",
        "decl": {
          "start": { "line": 244, "column": 21 },
          "end": { "line": 244, "column": 22 }
        },
        "loc": {
          "start": { "line": 244, "column": 27 },
          "end": { "line": 244, "column": 48 }
        },
        "line": 244
      },
      "18": {
        "name": "(anonymous_18)",
        "decl": {
          "start": { "line": 256, "column": 36 },
          "end": { "line": 256, "column": 37 }
        },
        "loc": {
          "start": { "line": 256, "column": 42 },
          "end": { "line": 261, "column": 3 }
        },
        "line": 256
      },
      "19": {
        "name": "(anonymous_19)",
        "decl": {
          "start": { "line": 310, "column": 12 },
          "end": { "line": 310, "column": 13 }
        },
        "loc": {
          "start": { "line": 310, "column": 18 },
          "end": { "line": 317, "column": 3 }
        },
        "line": 310
      },
      "20": {
        "name": "(anonymous_20)",
        "decl": {
          "start": { "line": 313, "column": 11 },
          "end": { "line": 313, "column": 12 }
        },
        "loc": {
          "start": { "line": 313, "column": 17 },
          "end": { "line": 316, "column": 5 }
        },
        "line": 313
      },
      "21": {
        "name": "(anonymous_21)",
        "decl": {
          "start": { "line": 339, "column": 19 },
          "end": { "line": 339, "column": 20 }
        },
        "loc": {
          "start": { "line": 339, "column": 25 },
          "end": { "line": 339, "column": 43 }
        },
        "line": 339
      },
      "22": {
        "name": "(anonymous_22)",
        "decl": {
          "start": { "line": 340, "column": 20 },
          "end": { "line": 340, "column": 21 }
        },
        "loc": {
          "start": { "line": 340, "column": 25 },
          "end": { "line": 340, "column": 40 }
        },
        "line": 340
      },
      "23": {
        "name": "(anonymous_23)",
        "decl": {
          "start": { "line": 348, "column": 21 },
          "end": { "line": 348, "column": 22 }
        },
        "loc": {
          "start": { "line": 348, "column": 27 },
          "end": { "line": 348, "column": 45 }
        },
        "line": 348
      },
      "24": {
        "name": "(anonymous_24)",
        "decl": {
          "start": { "line": 404, "column": 16 },
          "end": { "line": 404, "column": 17 }
        },
        "loc": {
          "start": { "line": 404, "column": 22 },
          "end": { "line": 404, "column": 24 }
        },
        "line": 404
      }
    },
    "branchMap": {
      "0": {
        "loc": {
          "start": { "line": 26, "column": 4 },
          "end": { "line": 26, "column": 20 }
        },
        "type": "default-arg",
        "locations": [
          {
            "start": { "line": 26, "column": 11 },
            "end": { "line": 26, "column": 20 }
          }
        ],
        "line": 26
      },
      "1": {
        "loc": {
          "start": { "line": 29, "column": 13 },
          "end": { "line": 29, "column": 59 }
        },
        "type": "cond-expr",
        "locations": [
          {
            "start": { "line": 29, "column": 34 },
            "end": { "line": 29, "column": 46 }
          },
          {
            "start": { "line": 29, "column": 49 },
            "end": { "line": 29, "column": 59 }
          }
        ],
        "line": 29
      },
      "2": {
        "loc": {
          "start": { "line": 70, "column": 13 },
          "end": { "line": 70, "column": 54 }
        },
        "type": "cond-expr",
        "locations": [
          {
            "start": { "line": 70, "column": 34 },
            "end": { "line": 70, "column": 42 }
          },
          {
            "start": { "line": 70, "column": 45 },
            "end": { "line": 70, "column": 54 }
          }
        ],
        "line": 70
      },
      "3": {
        "loc": {
          "start": { "line": 232, "column": 4 },
          "end": { "line": 254, "column": 12 }
        },
        "type": "cond-expr",
        "locations": [
          {
            "start": { "line": 233, "column": 6 },
            "end": { "line": 253, "column": 13 }
          },
          {
            "start": { "line": 254, "column": 8 },
            "end": { "line": 254, "column": 12 }
          }
        ],
        "line": 232
      },
      "4": {
        "loc": {
          "start": { "line": 232, "column": 4 },
          "end": { "line": 232, "column": 40 }
        },
        "type": "binary-expr",
        "locations": [
          {
            "start": { "line": 232, "column": 4 },
            "end": { "line": 232, "column": 19 }
          },
          {
            "start": { "line": 232, "column": 23 },
            "end": { "line": 232, "column": 40 }
          }
        ],
        "line": 232
      },
      "5": {
        "loc": {
          "start": { "line": 257, "column": 4 },
          "end": { "line": 259, "column": 5 }
        },
        "type": "if",
        "locations": [
          {
            "start": { "line": 257, "column": 4 },
            "end": { "line": 259, "column": 5 }
          },
          {
            "start": { "line": 257, "column": 4 },
            "end": { "line": 259, "column": 5 }
          }
        ],
        "line": 257
      },
      "6": {
        "loc": {
          "start": { "line": 324, "column": 11 },
          "end": { "line": 324, "column": 65 }
        },
        "type": "binary-expr",
        "locations": [
          {
            "start": { "line": 324, "column": 11 },
            "end": { "line": 324, "column": 19 }
          },
          {
            "start": { "line": 324, "column": 23 },
            "end": { "line": 324, "column": 65 }
          }
        ],
        "line": 324
      },
      "7": {
        "loc": {
          "start": { "line": 343, "column": 9 },
          "end": { "line": 350, "column": 9 }
        },
        "type": "binary-expr",
        "locations": [
          {
            "start": { "line": 343, "column": 9 },
            "end": { "line": 343, "column": 23 }
          },
          {
            "start": { "line": 343, "column": 27 },
            "end": { "line": 343, "column": 33 }
          },
          {
            "start": { "line": 343, "column": 37 },
            "end": { "line": 343, "column": 46 }
          },
          {
            "start": { "line": 344, "column": 10 },
            "end": { "line": 349, "column": 12 }
          }
        ],
        "line": 343
      },
      "8": {
        "loc": {
          "start": { "line": 352, "column": 9 },
          "end": { "line": 354, "column": 9 }
        },
        "type": "binary-expr",
        "locations": [
          {
            "start": { "line": 352, "column": 9 },
            "end": { "line": 352, "column": 14 }
          },
          {
            "start": { "line": 353, "column": 10 },
            "end": { "line": 353, "column": 74 }
          }
        ],
        "line": 352
      },
      "9": {
        "loc": {
          "start": { "line": 356, "column": 7 },
          "end": { "line": 356, "column": 58 }
        },
        "type": "binary-expr",
        "locations": [
          {
            "start": { "line": 356, "column": 7 },
            "end": { "line": 356, "column": 17 }
          },
          {
            "start": { "line": 356, "column": 21 },
            "end": { "line": 356, "column": 58 }
          }
        ],
        "line": 356
      },
      "10": {
        "loc": {
          "start": { "line": 357, "column": 7 },
          "end": { "line": 361, "column": 7 }
        },
        "type": "binary-expr",
        "locations": [
          {
            "start": { "line": 357, "column": 7 },
            "end": { "line": 357, "column": 12 }
          },
          {
            "start": { "line": 358, "column": 8 },
            "end": { "line": 360, "column": 28 }
          }
        ],
        "line": 357
      }
    },
    "s": {
      "0": 2,
      "1": 2,
      "2": 2,
      "3": 2,
      "4": 68,
      "5": 2,
      "6": 2,
      "7": 68,
      "8": 2,
      "9": 43,
      "10": 2,
      "11": 1,
      "12": 2,
      "13": 49,
      "14": 49,
      "15": 2,
      "16": 111,
      "17": 111,
      "18": 2,
      "19": 2,
      "20": 68,
      "21": 68,
      "22": 68,
      "23": 68,
      "24": 68,
      "25": 68,
      "26": 68,
      "27": 68,
      "28": 68,
      "29": 68,
      "30": 68,
      "31": 51,
      "32": 255,
      "33": 255,
      "34": 255,
      "35": 68,
      "36": 40,
      "37": 40,
      "38": 40,
      "39": 40,
      "40": 68,
      "41": 40,
      "42": 40,
      "43": 40,
      "44": 40,
      "45": 68,
      "46": 11,
      "47": 11,
      "48": 11,
      "49": 11,
      "50": 68,
      "51": 2,
      "52": 2,
      "53": 2,
      "54": 68,
      "55": 1,
      "56": 68,
      "57": 68,
      "58": 111,
      "59": 2,
      "60": 68,
      "61": 68,
      "62": 49,
      "63": 19,
      "64": 68,
      "65": 68,
      "66": 68,
      "67": 68,
      "68": 68,
      "69": 14,
      "70": 14,
      "71": 14,
      "72": 14,
      "73": 14,
      "74": 68,
      "75": 11,
      "76": 40,
      "77": 1,
      "78": 2,
      "79": 2
    },
    "f": {
      "0": 68,
      "1": 68,
      "2": 43,
      "3": 1,
      "4": 49,
      "5": 111,
      "6": 111,
      "7": 68,
      "8": 51,
      "9": 255,
      "10": 40,
      "11": 40,
      "12": 11,
      "13": 2,
      "14": 1,
      "15": 68,
      "16": 111,
      "17": 2,
      "18": 68,
      "19": 14,
      "20": 14,
      "21": 11,
      "22": 40,
      "23": 1,
      "24": 31
    },
    "b": {
      "0": [0],
      "1": [67, 1],
      "2": [1, 0],
      "3": [49, 19],
      "4": [68, 49],
      "5": [49, 19],
      "6": [68, 0],
      "7": [68, 42, 42, 42],
      "8": [68, 1],
      "9": [68, 1],
      "10": [68, 1]
    },
    "_coverageSchema": "1a1c01bbd47fc00a2c39e90264f33305004495a9",
    "hash": "e778e116377a479a63ef48d03342451d49c568e8"
  },
  "/home/ton/Documents/Development/quantum/components/AutoComplete/index.js": {
    "path": "/home/ton/Documents/Development/quantum/components/AutoComplete/index.js",
    "statementMap": {},
    "fnMap": {},
    "branchMap": {},
    "s": {},
    "f": {},
    "b": {},
    "_coverageSchema": "1a1c01bbd47fc00a2c39e90264f33305004495a9",
    "hash": "2e66db4262ec6efd50e4e0486e888c9e2cd5a9d9"
  },
  "/home/ton/Documents/Development/quantum/components/AutoComplete/SubComponents/UseKeyPress.jsx": {
    "path": "/home/ton/Documents/Development/quantum/components/AutoComplete/SubComponents/UseKeyPress.jsx",
    "statementMap": {
      "0": {
        "start": { "line": 3, "column": 20 },
        "end": { "line": 31, "column": 1 }
      },
      "1": {
        "start": { "line": 4, "column": 38 },
        "end": { "line": 4, "column": 53 }
      },
      "2": {
        "start": { "line": 20, "column": 2 },
        "end": { "line": 28, "column": 5 }
      },
      "3": {
        "start": { "line": 21, "column": 4 },
        "end": { "line": 21, "column": 52 }
      },
      "4": {
        "start": { "line": 22, "column": 4 },
        "end": { "line": 22, "column": 48 }
      },
      "5": {
        "start": { "line": 24, "column": 4 },
        "end": { "line": 27, "column": 6 }
      },
      "6": {
        "start": { "line": 25, "column": 6 },
        "end": { "line": 25, "column": 57 }
      },
      "7": {
        "start": { "line": 26, "column": 6 },
        "end": { "line": 26, "column": 53 }
      },
      "8": {
        "start": { "line": 30, "column": 2 },
        "end": { "line": 30, "column": 20 }
      }
    },
    "fnMap": {
      "0": {
        "name": "(anonymous_0)",
        "decl": {
          "start": { "line": 3, "column": 20 },
          "end": { "line": 3, "column": 21 }
        },
        "loc": {
          "start": { "line": 3, "column": 33 },
          "end": { "line": 31, "column": 1 }
        },
        "line": 3
      },
      "1": {
        "name": "(anonymous_1)",
        "decl": {
          "start": { "line": 20, "column": 12 },
          "end": { "line": 20, "column": 13 }
        },
        "loc": {
          "start": { "line": 20, "column": 18 },
          "end": { "line": 28, "column": 3 }
        },
        "line": 20
      },
      "2": {
        "name": "(anonymous_2)",
        "decl": {
          "start": { "line": 24, "column": 11 },
          "end": { "line": 24, "column": 12 }
        },
        "loc": {
          "start": { "line": 24, "column": 17 },
          "end": { "line": 27, "column": 5 }
        },
        "line": 24
      }
    },
    "branchMap": {},
    "s": {
      "0": 2,
      "1": 272,
      "2": 272,
      "3": 272,
      "4": 272,
      "5": 272,
      "6": 272,
      "7": 272,
      "8": 272
    },
    "f": { "0": 272, "1": 272, "2": 272 },
    "b": {},
    "_coverageSchema": "1a1c01bbd47fc00a2c39e90264f33305004495a9",
    "hash": "163e9222c7d9c76804894993fe154d95990256a5"
  },
  "/home/ton/Documents/Development/quantum/components/Avatar/Avatar.jsx": {
    "path": "/home/ton/Documents/Development/quantum/components/Avatar/Avatar.jsx",
    "statementMap": {
      "0": {
        "start": { "line": 8, "column": 20 },
        "end": { "line": 8, "column": 41 }
      },
      "1": {
        "start": { "line": 10, "column": 22 },
        "end": { "line": 16, "column": 1 }
      },
      "2": {
        "start": { "line": 18, "column": 20 },
        "end": { "line": 27, "column": 1 }
      },
      "3": {
        "start": { "line": 29, "column": 19 },
        "end": { "line": 39, "column": 1 }
      },
      "4": {
        "start": { "line": 41, "column": 27 },
        "end": { "line": 49, "column": 1 }
      },
      "5": {
        "start": { "line": 51, "column": 19 },
        "end": { "line": 55, "column": 1 }
      },
      "6": {
        "start": { "line": 57, "column": 19 },
        "end": { "line": 59, "column": 1 }
      },
      "7": {
        "start": { "line": 62, "column": 15 },
        "end": { "line": 81, "column": 1 }
      },
      "8": {
        "start": { "line": 70, "column": 2 },
        "end": { "line": 80, "column": 18 }
      },
      "9": {
        "start": { "line": 83, "column": 0 },
        "end": { "line": 83, "column": 44 }
      },
      "10": {
        "start": { "line": 84, "column": 0 },
        "end": { "line": 84, "column": 30 }
      },
      "11": {
        "start": { "line": 85, "column": 0 },
        "end": { "line": 85, "column": 54 }
      },
      "12": {
        "start": { "line": 87, "column": 0 },
        "end": { "line": 93, "column": 2 }
      },
      "13": {
        "start": { "line": 95, "column": 0 },
        "end": { "line": 101, "column": 2 }
      }
    },
    "fnMap": {
      "0": {
        "name": "(anonymous_0)",
        "decl": {
          "start": { "line": 62, "column": 15 },
          "end": { "line": 62, "column": 16 }
        },
        "loc": {
          "start": { "line": 70, "column": 2 },
          "end": { "line": 80, "column": 18 }
        },
        "line": 70
      }
    },
    "branchMap": {
      "0": {
        "loc": {
          "start": { "line": 71, "column": 8 },
          "end": { "line": 71, "column": 19 }
        },
        "type": "binary-expr",
        "locations": [
          {
            "start": { "line": 71, "column": 8 },
            "end": { "line": 71, "column": 12 }
          },
          {
            "start": { "line": 71, "column": 16 },
            "end": { "line": 71, "column": 19 }
          }
        ],
        "line": 71
      },
      "1": {
        "loc": {
          "start": { "line": 72, "column": 10 },
          "end": { "line": 72, "column": 27 }
        },
        "type": "binary-expr",
        "locations": [
          {
            "start": { "line": 72, "column": 10 },
            "end": { "line": 72, "column": 14 }
          },
          {
            "start": { "line": 72, "column": 18 },
            "end": { "line": 72, "column": 27 }
          }
        ],
        "line": 72
      },
      "2": {
        "loc": {
          "start": { "line": 76, "column": 5 },
          "end": { "line": 76, "column": 61 }
        },
        "type": "cond-expr",
        "locations": [
          {
            "start": { "line": 76, "column": 15 },
            "end": { "line": 76, "column": 44 }
          },
          {
            "start": { "line": 76, "column": 47 },
            "end": { "line": 76, "column": 61 }
          }
        ],
        "line": 76
      },
      "3": {
        "loc": {
          "start": { "line": 77, "column": 5 },
          "end": { "line": 77, "column": 59 }
        },
        "type": "binary-expr",
        "locations": [
          {
            "start": { "line": 77, "column": 5 },
            "end": { "line": 77, "column": 20 }
          },
          {
            "start": { "line": 77, "column": 24 },
            "end": { "line": 77, "column": 59 }
          }
        ],
        "line": 77
      },
      "4": {
        "loc": {
          "start": { "line": 78, "column": 5 },
          "end": { "line": 78, "column": 44 }
        },
        "type": "binary-expr",
        "locations": [
          {
            "start": { "line": 78, "column": 5 },
            "end": { "line": 78, "column": 9 }
          },
          {
            "start": { "line": 78, "column": 13 },
            "end": { "line": 78, "column": 44 }
          }
        ],
        "line": 78
      },
      "5": {
        "loc": {
          "start": { "line": 79, "column": 5 },
          "end": { "line": 79, "column": 59 }
        },
        "type": "binary-expr",
        "locations": [
          {
            "start": { "line": 79, "column": 5 },
            "end": { "line": 79, "column": 14 }
          },
          {
            "start": { "line": 79, "column": 18 },
            "end": { "line": 79, "column": 59 }
          }
        ],
        "line": 79
      }
    },
    "s": {
      "0": 2,
      "1": 2,
      "2": 2,
      "3": 2,
      "4": 2,
      "5": 2,
      "6": 2,
      "7": 2,
      "8": 7,
      "9": 2,
      "10": 2,
      "11": 2,
      "12": 2,
      "13": 2
    },
    "f": { "0": 7 },
    "b": {
      "0": [7, 1],
      "1": [7, 6],
      "2": [1, 6],
      "3": [7, 2],
      "4": [7, 1],
      "5": [7, 1]
    },
    "_coverageSchema": "1a1c01bbd47fc00a2c39e90264f33305004495a9",
    "hash": "4d09be9eccc1b06926a651a8601e4b76588c240e"
  },
  "/home/ton/Documents/Development/quantum/components/Avatar/index.js": {
    "path": "/home/ton/Documents/Development/quantum/components/Avatar/index.js",
    "statementMap": {},
    "fnMap": {},
    "branchMap": {},
    "s": {},
    "f": {},
    "b": {},
    "_coverageSchema": "1a1c01bbd47fc00a2c39e90264f33305004495a9",
    "hash": "a5842dde92ab7da3e376f879c4078c18a49ae428"
  },
  "/home/ton/Documents/Development/quantum/components/Badge/Badge.jsx": {
    "path": "/home/ton/Documents/Development/quantum/components/Badge/Badge.jsx",
    "statementMap": {
      "0": {
        "start": { "line": 10, "column": 18 },
        "end": { "line": 32, "column": 1 }
      },
      "1": {
        "start": { "line": 21, "column": 2 },
        "end": { "line": 27, "column": 3 }
      },
      "2": {
        "start": { "line": 22, "column": 31 },
        "end": { "line": 22, "column": 71 }
      },
      "3": {
        "start": { "line": 23, "column": 4 },
        "end": { "line": 26, "column": 6 }
      },
      "4": {
        "start": { "line": 28, "column": 2 },
        "end": { "line": 31, "column": 4 }
      },
      "5": {
        "start": { "line": 34, "column": 21 },
        "end": { "line": 41, "column": 1 }
      },
      "6": {
        "start": { "line": 38, "column": 4 },
        "end": { "line": 40, "column": 46 }
      },
      "7": {
        "start": { "line": 43, "column": 20 },
        "end": { "line": 91, "column": 1 }
      },
      "8": {
        "start": { "line": 63, "column": 6 },
        "end": { "line": 63, "column": 67 }
      },
      "9": {
        "start": { "line": 65, "column": 4 },
        "end": { "line": 69, "column": 8 }
      },
      "10": {
        "start": { "line": 73, "column": 4 },
        "end": { "line": 78, "column": 3 }
      },
      "11": {
        "start": { "line": 81, "column": 4 },
        "end": { "line": 88, "column": 3 }
      },
      "12": {
        "start": { "line": 94, "column": 14 },
        "end": { "line": 112, "column": 1 }
      },
      "13": {
        "start": { "line": 95, "column": 16 },
        "end": { "line": 95, "column": 44 }
      },
      "14": {
        "start": { "line": 97, "column": 2 },
        "end": { "line": 111, "column": 4 }
      },
      "15": {
        "start": { "line": 114, "column": 0 },
        "end": { "line": 114, "column": 42 }
      },
      "16": {
        "start": { "line": 115, "column": 0 },
        "end": { "line": 115, "column": 40 }
      },
      "17": {
        "start": { "line": 116, "column": 0 },
        "end": { "line": 116, "column": 28 }
      },
      "18": {
        "start": { "line": 118, "column": 0 },
        "end": { "line": 144, "column": 2 }
      },
      "19": {
        "start": { "line": 146, "column": 0 },
        "end": { "line": 159, "column": 2 }
      }
    },
    "fnMap": {
      "0": {
        "name": "(anonymous_0)",
        "decl": {
          "start": { "line": 10, "column": 18 },
          "end": { "line": 10, "column": 19 }
        },
        "loc": {
          "start": { "line": 20, "column": 6 },
          "end": { "line": 32, "column": 1 }
        },
        "line": 20
      },
      "1": {
        "name": "(anonymous_1)",
        "decl": {
          "start": { "line": 37, "column": 4 },
          "end": { "line": 37, "column": 5 }
        },
        "loc": {
          "start": { "line": 38, "column": 4 },
          "end": { "line": 40, "column": 46 }
        },
        "line": 38
      },
      "2": {
        "name": "(anonymous_2)",
        "decl": {
          "start": { "line": 54, "column": 4 },
          "end": { "line": 54, "column": 5 }
        },
        "loc": {
          "start": { "line": 61, "column": 8 },
          "end": { "line": 70, "column": 3 }
        },
        "line": 61
      },
      "3": {
        "name": "(anonymous_3)",
        "decl": {
          "start": { "line": 72, "column": 4 },
          "end": { "line": 72, "column": 5 }
        },
        "loc": {
          "start": { "line": 73, "column": 4 },
          "end": { "line": 78, "column": 3 }
        },
        "line": 73
      },
      "4": {
        "name": "(anonymous_4)",
        "decl": {
          "start": { "line": 80, "column": 4 },
          "end": { "line": 80, "column": 5 }
        },
        "loc": {
          "start": { "line": 81, "column": 4 },
          "end": { "line": 88, "column": 3 }
        },
        "line": 81
      },
      "5": {
        "name": "(anonymous_5)",
        "decl": {
          "start": { "line": 94, "column": 14 },
          "end": { "line": 94, "column": 15 }
        },
        "loc": {
          "start": { "line": 94, "column": 68 },
          "end": { "line": 112, "column": 1 }
        },
        "line": 94
      }
    },
    "branchMap": {
      "0": {
        "loc": {
          "start": { "line": 21, "column": 2 },
          "end": { "line": 27, "column": 3 }
        },
        "type": "if",
        "locations": [
          {
            "start": { "line": 21, "column": 2 },
            "end": { "line": 27, "column": 3 }
          },
          {
            "start": { "line": 21, "column": 2 },
            "end": { "line": 27, "column": 3 }
          }
        ],
        "line": 21
      },
      "1": {
        "loc": {
          "start": { "line": 38, "column": 4 },
          "end": { "line": 40, "column": 46 }
        },
        "type": "cond-expr",
        "locations": [
          {
            "start": { "line": 39, "column": 8 },
            "end": { "line": 39, "column": 29 }
          },
          {
            "start": { "line": 40, "column": 8 },
            "end": { "line": 40, "column": 46 }
          }
        ],
        "line": 38
      },
      "2": {
        "loc": {
          "start": { "line": 63, "column": 6 },
          "end": { "line": 63, "column": 67 }
        },
        "type": "cond-expr",
        "locations": [
          {
            "start": { "line": 63, "column": 49 },
            "end": { "line": 63, "column": 56 }
          },
          {
            "start": { "line": 63, "column": 59 },
            "end": { "line": 63, "column": 67 }
          }
        ],
        "line": 63
      },
      "3": {
        "loc": {
          "start": { "line": 63, "column": 6 },
          "end": { "line": 63, "column": 46 }
        },
        "type": "binary-expr",
        "locations": [
          {
            "start": { "line": 63, "column": 6 },
            "end": { "line": 63, "column": 30 }
          },
          {
            "start": { "line": 63, "column": 34 },
            "end": { "line": 63, "column": 46 }
          }
        ],
        "line": 63
      },
      "4": {
        "loc": {
          "start": { "line": 73, "column": 4 },
          "end": { "line": 78, "column": 3 }
        },
        "type": "binary-expr",
        "locations": [
          {
            "start": { "line": 73, "column": 4 },
            "end": { "line": 73, "column": 26 }
          },
          {
            "start": { "line": 74, "column": 4 },
            "end": { "line": 78, "column": 3 }
          }
        ],
        "line": 73
      },
      "5": {
        "loc": {
          "start": { "line": 81, "column": 4 },
          "end": { "line": 88, "column": 3 }
        },
        "type": "binary-expr",
        "locations": [
          {
            "start": { "line": 81, "column": 4 },
            "end": { "line": 81, "column": 13 }
          },
          {
            "start": { "line": 82, "column": 4 },
            "end": { "line": 88, "column": 3 }
          }
        ],
        "line": 81
      },
      "6": {
        "loc": {
          "start": { "line": 95, "column": 16 },
          "end": { "line": 95, "column": 44 }
        },
        "type": "cond-expr",
        "locations": [
          {
            "start": { "line": 95, "column": 30 },
            "end": { "line": 95, "column": 35 }
          },
          {
            "start": { "line": 95, "column": 38 },
            "end": { "line": 95, "column": 44 }
          }
        ],
        "line": 95
      },
      "7": {
        "loc": {
          "start": { "line": 107, "column": 9 },
          "end": { "line": 107, "column": 21 }
        },
        "type": "binary-expr",
        "locations": [
          {
            "start": { "line": 107, "column": 9 },
            "end": { "line": 107, "column": 12 }
          },
          {
            "start": { "line": 107, "column": 16 },
            "end": { "line": 107, "column": 21 }
          }
        ],
        "line": 107
      }
    },
    "s": {
      "0": 3,
      "1": 8,
      "2": 1,
      "3": 1,
      "4": 7,
      "5": 3,
      "6": 8,
      "7": 3,
      "8": 8,
      "9": 8,
      "10": 8,
      "11": 8,
      "12": 3,
      "13": 8,
      "14": 8,
      "15": 3,
      "16": 3,
      "17": 3,
      "18": 3,
      "19": 3
    },
    "f": { "0": 8, "1": 8, "2": 8, "3": 8, "4": 8, "5": 8 },
    "b": {
      "0": [1, 7],
      "1": [1, 7],
      "2": [1, 7],
      "3": [8, 7],
      "4": [8, 1],
      "5": [8, 1],
      "6": [1, 7],
      "7": [8, 7]
    },
    "_coverageSchema": "1a1c01bbd47fc00a2c39e90264f33305004495a9",
    "hash": "02b47e68d9a04efff98e8961769e3996b8e21088"
  },
  "/home/ton/Documents/Development/quantum/components/Badge/index.js": {
    "path": "/home/ton/Documents/Development/quantum/components/Badge/index.js",
    "statementMap": {},
    "fnMap": {},
    "branchMap": {},
    "s": {},
    "f": {},
    "b": {},
    "_coverageSchema": "1a1c01bbd47fc00a2c39e90264f33305004495a9",
    "hash": "a0f5f000ea6a4da463f365fe5f3e27493495b7be"
  },
  "/home/ton/Documents/Development/quantum/components/Button/Button.jsx": {
    "path": "/home/ton/Documents/Development/quantum/components/Button/Button.jsx",
    "statementMap": {
      "0": {
        "start": { "line": 15, "column": 19 },
        "end": { "line": 30, "column": 1 }
      },
      "1": {
        "start": { "line": 23, "column": 4 },
        "end": { "line": 27, "column": 5 }
      },
      "2": {
        "start": { "line": 32, "column": 31 },
        "end": { "line": 53, "column": 1 }
      },
      "3": {
        "start": { "line": 33, "column": 20 },
        "end": { "line": 39, "column": 3 }
      },
      "4": {
        "start": { "line": 41, "column": 22 },
        "end": { "line": 47, "column": 3 }
      },
      "5": {
        "start": { "line": 49, "column": 2 },
        "end": { "line": 52, "column": 4 }
      },
      "6": {
        "start": { "line": 55, "column": 21 },
        "end": { "line": 199, "column": 1 }
      },
      "7": {
        "start": { "line": 64, "column": 4 },
        "end": { "line": 66, "column": 5 }
      },
      "8": {
        "start": { "line": 76, "column": 20 },
        "end": { "line": 82, "column": 5 }
      },
      "9": {
        "start": { "line": 84, "column": 4 },
        "end": { "line": 86, "column": 6 }
      },
      "10": {
        "start": { "line": 95, "column": 24 },
        "end": { "line": 95, "column": 25 }
      },
      "11": {
        "start": { "line": 96, "column": 23 },
        "end": { "line": 96, "column": 38 }
      },
      "12": {
        "start": { "line": 97, "column": 21 },
        "end": { "line": 103, "column": 5 }
      },
      "13": {
        "start": { "line": 105, "column": 4 },
        "end": { "line": 107, "column": 6 }
      },
      "14": {
        "start": { "line": 111, "column": 4 },
        "end": { "line": 115, "column": 5 }
      },
      "15": {
        "start": { "line": 119, "column": 13 },
        "end": { "line": 119, "column": 41 }
      },
      "16": {
        "start": { "line": 145, "column": 8 },
        "end": { "line": 145, "column": 13 }
      },
      "17": {
        "start": { "line": 151, "column": 4 },
        "end": { "line": 167, "column": 5 }
      },
      "18": {
        "start": { "line": 152, "column": 6 },
        "end": { "line": 152, "column": 27 }
      },
      "19": {
        "start": { "line": 153, "column": 6 },
        "end": { "line": 153, "column": 31 }
      },
      "20": {
        "start": { "line": 154, "column": 6 },
        "end": { "line": 154, "column": 29 }
      },
      "21": {
        "start": { "line": 155, "column": 11 },
        "end": { "line": 167, "column": 5 }
      },
      "22": {
        "start": { "line": 156, "column": 6 },
        "end": { "line": 156, "column": 25 }
      },
      "23": {
        "start": { "line": 157, "column": 6 },
        "end": { "line": 157, "column": 33 }
      },
      "24": {
        "start": { "line": 158, "column": 6 },
        "end": { "line": 158, "column": 31 }
      },
      "25": {
        "start": { "line": 159, "column": 11 },
        "end": { "line": 167, "column": 5 }
      },
      "26": {
        "start": { "line": 160, "column": 6 },
        "end": { "line": 160, "column": 27 }
      },
      "27": {
        "start": { "line": 161, "column": 6 },
        "end": { "line": 161, "column": 28 }
      },
      "28": {
        "start": { "line": 162, "column": 6 },
        "end": { "line": 162, "column": 29 }
      },
      "29": {
        "start": { "line": 164, "column": 6 },
        "end": { "line": 164, "column": 29 }
      },
      "30": {
        "start": { "line": 165, "column": 6 },
        "end": { "line": 165, "column": 28 }
      },
      "31": {
        "start": { "line": 166, "column": 6 },
        "end": { "line": 166, "column": 24 }
      },
      "32": {
        "start": { "line": 169, "column": 4 },
        "end": { "line": 197, "column": 6 }
      },
      "33": {
        "start": { "line": 201, "column": 15 },
        "end": { "line": 213, "column": 1 }
      },
      "34": {
        "start": { "line": 202, "column": 2 },
        "end": { "line": 212, "column": 17 }
      },
      "35": {
        "start": { "line": 215, "column": 0 },
        "end": { "line": 236, "column": 2 }
      },
      "36": {
        "start": { "line": 238, "column": 0 },
        "end": { "line": 273, "column": 2 }
      },
      "37": {
        "start": { "line": 275, "column": 19 },
        "end": { "line": 321, "column": 1 }
      },
      "38": {
        "start": { "line": 291, "column": 8 },
        "end": { "line": 291, "column": 13 }
      },
      "39": {
        "start": { "line": 293, "column": 4 },
        "end": { "line": 319, "column": 6 }
      },
      "40": {
        "start": { "line": 323, "column": 0 },
        "end": { "line": 341, "column": 2 }
      },
      "41": {
        "start": { "line": 343, "column": 0 },
        "end": { "line": 355, "column": 2 }
      },
      "42": {
        "start": { "line": 357, "column": 0 },
        "end": { "line": 357, "column": 25 }
      }
    },
    "fnMap": {
      "0": {
        "name": "(anonymous_0)",
        "decl": {
          "start": { "line": 18, "column": 4 },
          "end": { "line": 18, "column": 5 }
        },
        "loc": {
          "start": { "line": 23, "column": 4 },
          "end": { "line": 27, "column": 5 }
        },
        "line": 23
      },
      "1": {
        "name": "(anonymous_1)",
        "decl": {
          "start": { "line": 32, "column": 31 },
          "end": { "line": 32, "column": 32 }
        },
        "loc": {
          "start": { "line": 32, "column": 70 },
          "end": { "line": 53, "column": 1 }
        },
        "line": 32
      },
      "2": {
        "name": "(anonymous_2)",
        "decl": {
          "start": { "line": 63, "column": 4 },
          "end": { "line": 63, "column": 5 }
        },
        "loc": {
          "start": { "line": 64, "column": 4 },
          "end": { "line": 66, "column": 5 }
        },
        "line": 64
      },
      "3": {
        "name": "(anonymous_3)",
        "decl": {
          "start": { "line": 70, "column": 4 },
          "end": { "line": 70, "column": 5 }
        },
        "loc": {
          "start": { "line": 75, "column": 8 },
          "end": { "line": 87, "column": 3 }
        },
        "line": 75
      },
      "4": {
        "name": "(anonymous_4)",
        "decl": {
          "start": { "line": 89, "column": 4 },
          "end": { "line": 89, "column": 5 }
        },
        "loc": {
          "start": { "line": 94, "column": 8 },
          "end": { "line": 108, "column": 3 }
        },
        "line": 94
      },
      "5": {
        "name": "(anonymous_5)",
        "decl": {
          "start": { "line": 110, "column": 4 },
          "end": { "line": 110, "column": 5 }
        },
        "loc": {
          "start": { "line": 111, "column": 4 },
          "end": { "line": 115, "column": 5 }
        },
        "line": 111
      },
      "6": {
        "name": "(anonymous_6)",
        "decl": {
          "start": { "line": 119, "column": 4 },
          "end": { "line": 119, "column": 5 }
        },
        "loc": {
          "start": { "line": 119, "column": 13 },
          "end": { "line": 119, "column": 41 }
        },
        "line": 119
      },
      "7": {
        "name": "(anonymous_7)",
        "decl": {
          "start": { "line": 121, "column": 4 },
          "end": { "line": 121, "column": 5 }
        },
        "loc": {
          "start": { "line": 121, "column": 44 },
          "end": { "line": 198, "column": 3 }
        },
        "line": 121
      },
      "8": {
        "name": "(anonymous_8)",
        "decl": {
          "start": { "line": 201, "column": 15 },
          "end": { "line": 201, "column": 16 }
        },
        "loc": {
          "start": { "line": 202, "column": 2 },
          "end": { "line": 212, "column": 17 }
        },
        "line": 202
      },
      "9": {
        "name": "(anonymous_9)",
        "decl": {
          "start": { "line": 226, "column": 11 },
          "end": { "line": 226, "column": 12 }
        },
        "loc": {
          "start": { "line": 226, "column": 17 },
          "end": { "line": 226, "column": 19 }
        },
        "line": 226
      },
      "10": {
        "name": "(anonymous_10)",
        "decl": {
          "start": { "line": 276, "column": 4 },
          "end": { "line": 276, "column": 5 }
        },
        "loc": {
          "start": { "line": 276, "column": 25 },
          "end": { "line": 320, "column": 3 }
        },
        "line": 276
      }
    },
    "branchMap": {
      "0": {
        "loc": {
          "start": { "line": 65, "column": 16 },
          "end": { "line": 65, "column": 52 }
        },
        "type": "cond-expr",
        "locations": [
          {
            "start": { "line": 65, "column": 27 },
            "end": { "line": 65, "column": 40 }
          },
          {
            "start": { "line": 65, "column": 43 },
            "end": { "line": 65, "column": 52 }
          }
        ],
        "line": 65
      },
      "1": {
        "loc": {
          "start": { "line": 111, "column": 4 },
          "end": { "line": 115, "column": 5 }
        },
        "type": "binary-expr",
        "locations": [
          {
            "start": { "line": 111, "column": 4 },
            "end": { "line": 111, "column": 16 }
          },
          {
            "start": { "line": 112, "column": 4 },
            "end": { "line": 115, "column": 5 }
          }
        ],
        "line": 111
      },
      "2": {
        "loc": {
          "start": { "line": 119, "column": 13 },
          "end": { "line": 119, "column": 41 }
        },
        "type": "binary-expr",
        "locations": [
          {
            "start": { "line": 119, "column": 13 },
            "end": { "line": 119, "column": 23 }
          },
          {
            "start": { "line": 119, "column": 27 },
            "end": { "line": 119, "column": 41 }
          }
        ],
        "line": 119
      },
      "3": {
        "loc": {
          "start": { "line": 151, "column": 4 },
          "end": { "line": 167, "column": 5 }
        },
        "type": "if",
        "locations": [
          {
            "start": { "line": 151, "column": 4 },
            "end": { "line": 167, "column": 5 }
          },
          {
            "start": { "line": 151, "column": 4 },
            "end": { "line": 167, "column": 5 }
          }
        ],
        "line": 151
      },
      "4": {
        "loc": {
          "start": { "line": 151, "column": 8 },
          "end": { "line": 151, "column": 27 }
        },
        "type": "binary-expr",
        "locations": [
          {
            "start": { "line": 151, "column": 8 },
            "end": { "line": 151, "column": 16 }
          },
          {
            "start": { "line": 151, "column": 20 },
            "end": { "line": 151, "column": 27 }
          }
        ],
        "line": 151
      },
      "5": {
        "loc": {
          "start": { "line": 155, "column": 11 },
          "end": { "line": 167, "column": 5 }
        },
        "type": "if",
        "locations": [
          {
            "start": { "line": 155, "column": 11 },
            "end": { "line": 167, "column": 5 }
          },
          {
            "start": { "line": 155, "column": 11 },
            "end": { "line": 167, "column": 5 }
          }
        ],
        "line": 155
      },
      "6": {
        "loc": {
          "start": { "line": 159, "column": 11 },
          "end": { "line": 167, "column": 5 }
        },
        "type": "if",
        "locations": [
          {
            "start": { "line": 159, "column": 11 },
            "end": { "line": 167, "column": 5 }
          },
          {
            "start": { "line": 159, "column": 11 },
            "end": { "line": 167, "column": 5 }
          }
        ],
        "line": 159
      },
      "7": {
        "loc": {
          "start": { "line": 175, "column": 10 },
          "end": { "line": 181, "column": 14 }
        },
        "type": "cond-expr",
        "locations": [
          {
            "start": { "line": 176, "column": 12 },
            "end": { "line": 180, "column": 13 }
          },
          {
            "start": { "line": 181, "column": 12 },
            "end": { "line": 181, "column": 14 }
          }
        ],
        "line": 175
      },
      "8": {
        "loc": {
          "start": { "line": 178, "column": 34 },
          "end": { "line": 178, "column": 71 }
        },
        "type": "cond-expr",
        "locations": [
          {
            "start": { "line": 178, "column": 44 },
[...]
        "end": { "line": 6, "column": 24 }
      },
      "5": {
        "start": { "line": 6, "column": 13 },
        "end": { "line": 6, "column": 24 }
      },
      "6": {
        "start": { "line": 7, "column": 6 },
        "end": { "line": 7, "column": 24 }
      },
      "7": {
        "start": { "line": 7, "column": 13 },
        "end": { "line": 7, "column": 24 }
      },
      "8": {
        "start": { "line": 8, "column": 6 },
        "end": { "line": 8, "column": 24 }
      },
      "9": {
        "start": { "line": 8, "column": 13 },
        "end": { "line": 8, "column": 24 }
      },
      "10": {
        "start": { "line": 9, "column": 6 },
        "end": { "line": 9, "column": 24 }
      },
      "11": {
        "start": { "line": 9, "column": 13 },
        "end": { "line": 9, "column": 24 }
      },
      "12": {
        "start": { "line": 10, "column": 6 },
        "end": { "line": 10, "column": 24 }
      },
      "13": {
        "start": { "line": 10, "column": 13 },
        "end": { "line": 10, "column": 24 }
      },
      "14": {
        "start": { "line": 11, "column": 6 },
        "end": { "line": 11, "column": 37 }
      },
      "15": {
        "start": { "line": 11, "column": 26 },
        "end": { "line": 11, "column": 37 }
      },
      "16": {
        "start": { "line": 12, "column": 6 },
        "end": { "line": 12, "column": 38 }
      },
      "17": {
        "start": { "line": 12, "column": 28 },
        "end": { "line": 12, "column": 38 }
      },
      "18": {
        "start": { "line": 13, "column": 6 },
        "end": { "line": 13, "column": 16 }
      }
    },
    "fnMap": {
      "0": {
        "name": "(anonymous_0)",
        "decl": {
          "start": { "line": 1, "column": 23 },
          "end": { "line": 1, "column": 24 }
        },
        "loc": {
          "start": { "line": 2, "column": 2 },
          "end": { "line": 15, "column": 3 }
        },
        "line": 2
      },
      "1": {
        "name": "(anonymous_1)",
        "decl": {
          "start": { "line": 4, "column": 4 },
          "end": { "line": 4, "column": 5 }
        },
        "loc": {
          "start": { "line": 4, "column": 65 },
          "end": { "line": 14, "column": 5 }
        },
        "line": 4
      }
    },
    "branchMap": {
      "0": {
        "loc": {
          "start": { "line": 5, "column": 6 },
          "end": { "line": 5, "column": 24 }
        },
        "type": "if",
        "locations": [
          {
            "start": { "line": 5, "column": 6 },
            "end": { "line": 5, "column": 24 }
          },
          {
            "start": { "line": 5, "column": 6 },
            "end": { "line": 5, "column": 24 }
          }
        ],
        "line": 5
      },
      "1": {
        "loc": {
          "start": { "line": 6, "column": 6 },
          "end": { "line": 6, "column": 24 }
        },
        "type": "if",
        "locations": [
          {
            "start": { "line": 6, "column": 6 },
            "end": { "line": 6, "column": 24 }
          },
          {
            "start": { "line": 6, "column": 6 },
            "end": { "line": 6, "column": 24 }
          }
        ],
        "line": 6
      },
      "2": {
        "loc": {
          "start": { "line": 7, "column": 6 },
          "end": { "line": 7, "column": 24 }
        },
        "type": "if",
        "locations": [
          {
            "start": { "line": 7, "column": 6 },
            "end": { "line": 7, "column": 24 }
          },
          {
            "start": { "line": 7, "column": 6 },
            "end": { "line": 7, "column": 24 }
          }
        ],
        "line": 7
      },
      "3": {
        "loc": {
          "start": { "line": 8, "column": 6 },
          "end": { "line": 8, "column": 24 }
        },
        "type": "if",
        "locations": [
          {
            "start": { "line": 8, "column": 6 },
            "end": { "line": 8, "column": 24 }
          },
          {
            "start": { "line": 8, "column": 6 },
            "end": { "line": 8, "column": 24 }
          }
        ],
        "line": 8
      },
      "4": {
        "loc": {
          "start": { "line": 9, "column": 6 },
          "end": { "line": 9, "column": 24 }
        },
        "type": "if",
        "locations": [
          {
            "start": { "line": 9, "column": 6 },
            "end": { "line": 9, "column": 24 }
          },
          {
            "start": { "line": 9, "column": 6 },
            "end": { "line": 9, "column": 24 }
          }
        ],
        "line": 9
      },
      "5": {
        "loc": {
          "start": { "line": 10, "column": 6 },
          "end": { "line": 10, "column": 24 }
        },
        "type": "if",
        "locations": [
          {
            "start": { "line": 10, "column": 6 },
            "end": { "line": 10, "column": 24 }
          },
          {
            "start": { "line": 10, "column": 6 },
            "end": { "line": 10, "column": 24 }
          }
        ],
        "line": 10
      },
      "6": {
        "loc": {
          "start": { "line": 11, "column": 6 },
          "end": { "line": 11, "column": 37 }
        },
        "type": "if",
        "locations": [
          {
            "start": { "line": 11, "column": 6 },
            "end": { "line": 11, "column": 37 }
          },
          {
            "start": { "line": 11, "column": 6 },
            "end": { "line": 11, "column": 37 }
          }
        ],
        "line": 11
      },
      "7": {
        "loc": {
          "start": { "line": 12, "column": 6 },
          "end": { "line": 12, "column": 38 }
        },
        "type": "if",
        "locations": [
          {
            "start": { "line": 12, "column": 6 },
            "end": { "line": 12, "column": 38 }
          },
          {
            "start": { "line": 12, "column": 6 },
            "end": { "line": 12, "column": 38 }
          }
        ],
        "line": 12
      }
    },
    "s": {
      "0": 42,
      "1": 841,
      "2": 168,
      "3": 26,
      "4": 142,
      "5": 72,
      "6": 70,
      "7": 12,
      "8": 58,
      "9": 2,
      "10": 56,
      "11": 0,
      "12": 56,
      "13": 0,
      "14": 56,
      "15": 55,
      "16": 1,
      "17": 1,
      "18": 0
    },
    "f": { "0": 841, "1": 168 },
    "b": {
      "0": [26, 142],
      "1": [72, 70],
      "2": [12, 58],
      "3": [2, 56],
      "4": [0, 56],
      "5": [0, 56],
      "6": [55, 1],
      "7": [1, 0]
    },
    "_coverageSchema": "1a1c01bbd47fc00a2c39e90264f33305004495a9",
    "hash": "e84f0c4d76ffb83dd5be17ac19471c3f5db97a8d"
  },
  "/home/ton/Documents/Development/quantum/components/shared/regressionTestContainer.js": {
    "path": "/home/ton/Documents/Development/quantum/components/shared/regressionTestContainer.js",
    "statementMap": {
      "0": {
        "start": { "line": 1, "column": 32 },
        "end": { "line": 2, "column": 44 }
      },
      "1": {
        "start": { "line": 2, "column": 2 },
        "end": { "line": 2, "column": 44 }
      }
    },
    "fnMap": {
      "0": {
        "name": "(anonymous_0)",
        "decl": {
          "start": { "line": 1, "column": 32 },
          "end": { "line": 1, "column": 33 }
        },
        "loc": {
          "start": { "line": 2, "column": 2 },
          "end": { "line": 2, "column": 44 }
        },
        "line": 2
      }
    },
    "branchMap": {},
    "s": { "0": 1, "1": 8 },
    "f": { "0": 8 },
    "b": {},
    "_coverageSchema": "1a1c01bbd47fc00a2c39e90264f33305004495a9",
    "hash": "c36591370867f244c03b3e1a6ceda15de32c248f"
  },
  "/home/ton/Documents/Development/quantum/components/shared/shadow.js": {
    "path": "/home/ton/Documents/Development/quantum/components/shared/shadow.js",
    "statementMap": {
      "0": {
        "start": { "line": 3, "column": 16 },
        "end": { "line": 94, "column": 1 }
      },
      "1": {
        "start": { "line": 100, "column": 4 },
        "end": { "line": 100, "column": 11 }
      },
      "2": {
        "start": { "line": 102, "column": 24 },
        "end": { "line": 125, "column": 1 }
      },
      "3": {
        "start": { "line": 111, "column": 16 },
        "end": { "line": 114, "column": 5 }
      },
      "4": {
        "start": { "line": 115, "column": 19 },
        "end": { "line": 118, "column": 5 }
      },
      "5": {
        "start": { "line": 119, "column": 18 },
        "end": { "line": 122, "column": 5 }
      },
      "6": {
        "start": { "line": 124, "column": 2 },
        "end": { "line": 124, "column": 58 }
      },
      "7": {
        "start": { "line": 127, "column": 15 },
        "end": { "line": 128, "column": 42 }
      },
      "8": {
        "start": { "line": 127, "column": 41 },
        "end": { "line": 128, "column": 42 }
      },
      "9": {
        "start": { "line": 128, "column": 2 },
        "end": { "line": 128, "column": 42 }
      }
    },
    "fnMap": {
      "0": {
        "name": "(anonymous_0)",
        "decl": {
          "start": { "line": 102, "column": 24 },
          "end": { "line": 102, "column": 25 }
        },
        "loc": {
          "start": { "line": 110, "column": 5 },
          "end": { "line": 125, "column": 1 }
        },
        "line": 110
      },
      "1": {
        "name": "(anonymous_1)",
        "decl": {
          "start": { "line": 127, "column": 15 },
          "end": { "line": 127, "column": 16 }
        },
        "loc": {
          "start": { "line": 127, "column": 41 },
          "end": { "line": 128, "column": 42 }
        },
        "line": 127
      },
      "2": {
        "name": "(anonymous_2)",
        "decl": {
          "start": { "line": 127, "column": 41 },
          "end": { "line": 127, "column": 42 }
        },
        "loc": {
          "start": { "line": 128, "column": 2 },
          "end": { "line": 128, "column": 42 }
        },
        "line": 128
      }
    },
    "branchMap": {
      "0": {
        "loc": {
          "start": { "line": 109, "column": 2 },
          "end": { "line": 109, "column": 22 }
        },
        "type": "default-arg",
        "locations": [
          {
            "start": { "line": 109, "column": 10 },
            "end": { "line": 109, "column": 22 }
          }
        ],
        "line": 109
      },
      "1": {
        "loc": {
          "start": { "line": 127, "column": 16 },
          "end": { "line": 127, "column": 29 }
        },
        "type": "default-arg",
        "locations": [
          {
            "start": { "line": 127, "column": 28 },
            "end": { "line": 127, "column": 29 }
          }
        ],
        "line": 127
      }
    },
    "s": {
      "0": 42,
      "1": 42,
      "2": 42,
      "3": 1170,
      "4": 1170,
      "5": 1170,
      "6": 1170,
      "7": 42,
      "8": 856,
      "9": 1170
    },
    "f": { "0": 1170, "1": 856, "2": 1170 },
    "b": { "0": [328], "1": [4] },
    "_coverageSchema": "1a1c01bbd47fc00a2c39e90264f33305004495a9",
    "hash": "4ea0ceb271d9c1016b223ed11ab4d8f344c4c7aa"
  },
  "/home/ton/Documents/Development/quantum/components/shared/theme.js": {
    "path": "/home/ton/Documents/Development/quantum/components/shared/theme.js",
    "statementMap": {
      "0": {
        "start": { "line": 3, "column": 20 },
        "end": { "line": 19, "column": 1 }
      },
      "1": {
        "start": { "line": 21, "column": 15 },
        "end": { "line": 66, "column": 1 }
      },
      "2": {
        "start": { "line": 68, "column": 15 },
        "end": { "line": 68, "column": 16 }
      },
      "3": {
        "start": { "line": 69, "column": 21 },
        "end": { "line": 69, "column": 23 }
      },
      "4": {
        "start": { "line": 71, "column": 16 },
        "end": { "line": 81, "column": 1 }
      },
      "5": {
        "start": { "line": 83, "column": 19 },
        "end": { "line": 318, "column": 1 }
      },
      "6": {
        "start": { "line": 320, "column": 14 },
        "end": { "line": 327, "column": 1 }
      }
    },
    "fnMap": {},
    "branchMap": {},
    "s": { "0": 55, "1": 55, "2": 55, "3": 55, "4": 55, "5": 55, "6": 55 },
    "f": {},
    "b": {},
    "_coverageSchema": "1a1c01bbd47fc00a2c39e90264f33305004495a9",
    "hash": "a70c2fa6eec856d608b65f6630fd0b7b49de4de4"
  },
  "/home/ton/Documents/Development/quantum/components/shared/uniqId.js": {
    "path": "/home/ton/Documents/Development/quantum/components/shared/uniqId.js",
    "statementMap": {
      "0": {
        "start": { "line": 4, "column": 17 },
        "end": { "line": 4, "column": 19 }
      },
      "1": {
        "start": { "line": 5, "column": 2 },
        "end": { "line": 5, "column": 51 }
      },
      "2": {
        "start": { "line": 5, "column": 15 },
        "end": { "line": 5, "column": 51 }
      }
    },
    "fnMap": {
      "0": {
        "name": "(anonymous_0)",
        "decl": {
          "start": { "line": 3, "column": 15 },
          "end": { "line": 3, "column": 16 }
        },
        "loc": {
          "start": { "line": 3, "column": 38 },
          "end": { "line": 6, "column": 1 }
        },
        "line": 3
      }
    },
    "branchMap": {
      "0": {
        "loc": {
          "start": { "line": 3, "column": 25 },
          "end": { "line": 3, "column": 36 }
        },
        "type": "default-arg",
        "locations": [
          {
            "start": { "line": 3, "column": 34 },
            "end": { "line": 3, "column": 36 }
          }
        ],
        "line": 3
      }
    },
    "s": { "0": 11, "1": 11, "2": 240 },
    "f": { "0": 11 },
    "b": { "0": [0] },
    "_coverageSchema": "1a1c01bbd47fc00a2c39e90264f33305004495a9",
    "hash": "69085bbfc91a6bf898c05e82de83075e1bc1d615"
  },
  "/home/ton/Documents/Development/quantum/components/shared/hooks/UseMaxWidthMediaQuery/Example.jsx": {
    "path": "/home/ton/Documents/Development/quantum/components/shared/hooks/UseMaxWidthMediaQuery/Example.jsx",
    "statementMap": {
      "0": {
        "start": { "line": 4, "column": 26 },
        "end": { "line": 8, "column": 1 }
      },
      "1": {
        "start": { "line": 5, "column": 21 },
        "end": { "line": 5, "column": 47 }
      },
      "2": {
        "start": { "line": 7, "column": 2 },
        "end": { "line": 7, "column": 70 }
      }
    },
    "fnMap": {
      "0": {
        "name": "(anonymous_0)",
        "decl": {
          "start": { "line": 4, "column": 26 },
          "end": { "line": 4, "column": 27 }
        },
        "loc": {
          "start": { "line": 4, "column": 32 },
          "end": { "line": 8, "column": 1 }
        },
        "line": 4
      }
    },
    "branchMap": {
      "0": {
        "loc": {
          "start": { "line": 7, "column": 9 },
          "end": { "line": 7, "column": 69 }
        },
        "type": "cond-expr",
        "locations": [
          {
            "start": { "line": 7, "column": 22 },
            "end": { "line": 7, "column": 44 }
          },
          {
            "start": { "line": 7, "column": 47 },
            "end": { "line": 7, "column": 69 }
          }
        ],
        "line": 7
      }
    },
    "s": { "0": 1, "1": 3, "2": 3 },
    "f": { "0": 3 },
    "b": { "0": [1, 2] },
    "_coverageSchema": "1a1c01bbd47fc00a2c39e90264f33305004495a9",
    "hash": "b6b65fb1fb8f8b95baeccbff9347dcfbdb60279d"
  },
  "/home/ton/Documents/Development/quantum/components/shared/hooks/UseMaxWidthMediaQuery/useMaxWidthMediaQuery.jsx": {
    "path": "/home/ton/Documents/Development/quantum/components/shared/hooks/UseMaxWidthMediaQuery/useMaxWidthMediaQuery.jsx",
    "statementMap": {
      "0": {
        "start": { "line": 3, "column": 30 },
        "end": { "line": 26, "column": 1 }
      },
      "1": {
        "start": { "line": 4, "column": 44 },
        "end": { "line": 4, "column": 59 }
      },
      "2": {
        "start": { "line": 14, "column": 2 },
        "end": { "line": 23, "column": 9 }
      },
      "3": {
        "start": { "line": 15, "column": 18 },
        "end": { "line": 15, "column": 62 }
      },
      "4": {
        "start": { "line": 16, "column": 4 },
        "end": { "line": 16, "column": 59 }
      },
      "5": {
        "start": { "line": 16, "column": 42 },
        "end": { "line": 16, "column": 57 }
      },
      "6": {
        "start": { "line": 18, "column": 4 },
        "end": { "line": 20, "column": 5 }
      },
      "7": {
        "start": { "line": 19, "column": 6 },
        "end": { "line": 19, "column": 29 }
      },
      "8": {
        "start": { "line": 22, "column": 4 },
        "end": { "line": 22, "column": 75 }
      },
      "9": {
        "start": { "line": 22, "column": 17 },
        "end": { "line": 22, "column": 74 }
      },
      "10": {
        "start": { "line": 22, "column": 58 },
        "end": { "line": 22, "column": 73 }
      },
      "11": {
        "start": { "line": 25, "column": 2 },
        "end": { "line": 25, "column": 23 }
      }
    },
    "fnMap": {
      "0": {
        "name": "(anonymous_0)",
        "decl": {
          "start": { "line": 3, "column": 30 },
          "end": { "line": 3, "column": 31 }
        },
        "loc": {
          "start": { "line": 3, "column": 39 },
          "end": { "line": 26, "column": 1 }
        },
        "line": 3
      },
      "1": {
        "name": "(anonymous_1)",
        "decl": {
          "start": { "line": 14, "column": 12 },
          "end": { "line": 14, "column": 13 }
        },
        "loc": {
          "start": { "line": 14, "column": 18 },
          "end": { "line": 23, "column": 3 }
        },
        "line": 14
      },
      "2": {
        "name": "(anonymous_2)",
        "decl": {
          "start": { "line": 16, "column": 37 },
          "end": { "line": 16, "column": 38 }
        },
        "loc": {
          "start": { "line": 16, "column": 42 },
          "end": { "line": 16, "column": 57 }
        },
        "line": 16
      },
      "3": {
        "name": "(anonymous_3)",
        "decl": {
          "start": { "line": 22, "column": 11 },
          "end": { "line": 22, "column": 12 }
        },
        "loc": {
          "start": { "line": 22, "column": 17 },
          "end": { "line": 22, "column": 74 }
        },
        "line": 22
      },
      "4": {
        "name": "(anonymous_4)",
        "decl": {
          "start": { "line": 22, "column": 53 },
          "end": { "line": 22, "column": 54 }
        },
        "loc": {
          "start": { "line": 22, "column": 58 },
          "end": { "line": 22, "column": 73 }
        },
        "line": 22
      }
    },
    "branchMap": {
      "0": {
        "loc": {
          "start": { "line": 18, "column": 4 },
          "end": { "line": 20, "column": 5 }
        },
        "type": "if",
        "locations": [
          {
            "start": { "line": 18, "column": 4 },
            "end": { "line": 20, "column": 5 }
          },
          {
            "start": { "line": 18, "column": 4 },
            "end": { "line": 20, "column": 5 }
          }
        ],
        "line": 18
      }
    },
    "s": {
      "0": 1,
      "1": 3,
      "2": 3,
      "3": 2,
      "4": 2,
      "5": 0,
      "6": 2,
      "7": 1,
      "8": 2,
      "9": 0,
      "10": 0,
      "11": 3
    },
    "f": { "0": 3, "1": 2, "2": 0, "3": 0, "4": 0 },
    "b": { "0": [1, 1] },
    "_coverageSchema": "1a1c01bbd47fc00a2c39e90264f33305004495a9",
    "hash": "894e87edb83818d857b148aeeb30e3f02eb950ee"
  },
  "/home/ton/Documents/Development/quantum/stories/Dialog/ExampleStyle.js": {
    "path": "/home/ton/Documents/Development/quantum/stories/Dialog/ExampleStyle.js",
    "statementMap": {
      "0": {
        "start": { "line": 15, "column": 22 },
        "end": { "line": 19, "column": 1 }
      }
    },
    "fnMap": {},
    "branchMap": {},
    "s": { "0": 1 },
    "f": {},
    "b": {},
    "_coverageSchema": "1a1c01bbd47fc00a2c39e90264f33305004495a9",
    "hash": "445b41984a10f20958cc80ba90853dcbaf96513c"
  }
}
