TN:
SF:components/index.js
FNF:0
FNH:0
LF:0
LH:0
BRF:0
BRH:0
end_of_record
TN:
SF:components/Accordion/Accordion.jsx
FN:15,(anonymous_0)
FN:31,(anonymous_1)
FN:46,(anonymous_2)
FN:61,(anonymous_3)
FN:97,(anonymous_4)
FN:111,(anonymous_5)
FN:129,(anonymous_6)
FN:150,(anonymous_7)
FN:180,(anonymous_8)
FN:187,(anonymous_9)
FN:191,(anonymous_10)
FN:205,(anonymous_11)
FN:206,(anonymous_12)
FN:208,(anonymous_13)
FN:219,(anonymous_14)
FN:221,(anonymous_15)
FN:224,(anonymous_16)
FN:232,(anonymous_17)
FN:255,(anonymous_18)
FN:283,(anonymous_19)
FNF:20
FNH:20
FNDA:11,(anonymous_0)
FNDA:44,(anonymous_1)
FNDA:44,(anonymous_2)
FNDA:44,(anonymous_3)
FNDA:44,(anonymous_4)
FNDA:44,(anonymous_5)
FNDA:44,(anonymous_6)
FNDA:44,(anonymous_7)
FNDA:5,(anonymous_8)
FNDA:6,(anonymous_9)
FNDA:6,(anonymous_10)
FNDA:11,(anonymous_11)
FNDA:44,(anonymous_12)
FNDA:6,(anonymous_13)
FNDA:2,(anonymous_14)
FNDA:8,(anonymous_15)
FNDA:6,(anonymous_16)
FNDA:44,(anonymous_17)
FNDA:6,(anonymous_18)
FNDA:11,(anonymous_19)
DA:14,2
DA:22,11
DA:30,2
DA:36,44
DA:45,2
DA:46,44
DA:60,2
DA:67,44
DA:103,44
DA:110,2
DA:117,44
DA:126,2
DA:134,44
DA:157,44
DA:176,2
DA:177,2
DA:181,5
DA:182,5
DA:188,6
DA:191,5
DA:192,6
DA:193,6
DA:194,6
DA:196,6
DA:197,2
DA:200,6
DA:202,6
DA:205,5
DA:206,11
DA:207,44
DA:208,44
DA:209,6
DA:210,1
DA:212,6
DA:214,44
DA:216,44
DA:220,2
DA:221,8
DA:225,6
DA:226,6
DA:227,6
DA:229,6
DA:233,44
DA:234,44
DA:240,44
DA:241,44
DA:242,44
DA:243,44
DA:245,44
DA:255,6
DA:284,11
DA:285,11
DA:287,11
DA:291,2
DA:300,2
LF:55
LH:55
BRDA:103,0,0,44
BRDA:103,0,1,7
BRDA:157,1,0,44
BRDA:157,1,1,7
BRDA:196,2,0,2
BRDA:196,2,1,4
BRDA:209,3,0,1
BRDA:209,3,1,5
BRDA:265,4,0,7
BRDA:265,4,1,37
BRDA:268,5,0,44
BRDA:268,5,1,44
BRF:12
BRH:12
end_of_record
TN:
SF:components/Accordion/index.js
FNF:0
FNH:0
LF:0
LH:0
BRF:0
BRH:0
end_of_record
TN:
SF:components/Accordion/mock.jsx
FN:83,(anonymous_0)
FNF:1
FNH:0
FNDA:0,(anonymous_0)
DA:4,1
DA:27,1
DA:47,1
DA:66,1
DA:89,1
DA:98,1
DA:107,1
DA:116,1
DA:120,1
LF:9
LH:9
BRF:0
BRH:0
end_of_record
TN:
SF:components/Alert/Alert.jsx
FN:48,(anonymous_0)
FN:87,(anonymous_1)
FNF:2
FNH:2
FNDA:8,(anonymous_0)
FNDA:8,(anonymous_1)
DA:14,2
DA:23,2
DA:27,2
DA:42,2
DA:44,2
DA:61,8
DA:87,2
DA:88,8
DA:97,2
DA:113,2
LF:10
LH:10
BRDA:90,0,0,8
BRDA:90,0,1,1
BRDA:91,1,0,8
BRDA:91,1,1,8
BRDA:92,2,0,8
BRDA:92,2,1,8
BRF:6
BRH:6
end_of_record
TN:
SF:components/Alert/index.js
FNF:0
FNH:0
LF:0
LH:0
BRF:0
BRH:0
end_of_record
TN:
SF:components/AutoComplete/AutoComplete.jsx
FN:22,(anonymous_0)
FN:38,(anonymous_1)
FN:50,(anonymous_2)
FN:62,(anonymous_3)
FN:85,(anonymous_4)
FN:107,(anonymous_5)
FN:122,(anonymous_6)
FN:145,(anonymous_7)
FN:177,(anonymous_8)
FN:178,(anonymous_9)
FN:184,(anonymous_10)
FN:191,(anonymous_11)
FN:205,(anonymous_12)
FN:212,(anonymous_13)
FN:218,(anonymous_14)
FN:231,(anonymous_15)
FN:240,(anonymous_16)
FN:244,(anonymous_17)
FN:256,(anonymous_18)
FN:310,(anonymous_19)
FN:313,(anonymous_20)
FN:339,(anonymous_21)
FN:340,(anonymous_22)
FN:348,(anonymous_23)
FN:404,(anonymous_24)
FNF:25
FNH:25
FNDA:68,(anonymous_0)
FNDA:68,(anonymous_1)
FNDA:43,(anonymous_2)
FNDA:1,(anonymous_3)
FNDA:49,(anonymous_4)
FNDA:111,(anonymous_5)
FNDA:111,(anonymous_6)
FNDA:68,(anonymous_7)
FNDA:51,(anonymous_8)
FNDA:255,(anonymous_9)
FNDA:40,(anonymous_10)
FNDA:40,(anonymous_11)
FNDA:11,(anonymous_12)
FNDA:2,(anonymous_13)
FNDA:1,(anonymous_14)
FNDA:68,(anonymous_15)
FNDA:111,(anonymous_16)
FNDA:2,(anonymous_17)
FNDA:68,(anonymous_18)
FNDA:14,(anonymous_19)
FNDA:14,(anonymous_20)
FNDA:11,(anonymous_21)
FNDA:40,(anonymous_22)
FNDA:1,(anonymous_23)
FNDA:31,(anonymous_24)
DA:17,2
DA:18,2
DA:19,2
DA:21,2
DA:27,68
DA:33,2
DA:37,2
DA:42,68
DA:47,2
DA:54,43
DA:61,2
DA:69,1
DA:74,2
DA:91,49
DA:92,49
DA:100,2
DA:114,111
DA:128,111
DA:134,2
DA:145,2
DA:159,68
DA:160,68
DA:161,68
DA:164,68
DA:165,68
DA:167,68
DA:168,68
DA:170,68
DA:171,68
DA:172,68
DA:177,68
DA:178,51
DA:179,255
DA:180,255
DA:181,255
DA:184,68
DA:185,40
DA:186,40
DA:187,40
DA:188,40
DA:191,68
DA:192,40
DA:193,40
DA:194,40
DA:195,40
DA:205,68
DA:206,11
DA:207,11
DA:208,11
DA:209,11
DA:212,68
DA:213,2
DA:214,2
DA:215,2
DA:218,68
DA:219,1
DA:231,68
DA:232,68
DA:241,111
DA:244,2
DA:256,68
DA:257,68
DA:258,49
DA:260,19
DA:263,68
DA:264,68
DA:265,68
DA:266,68
DA:310,68
DA:311,14
DA:312,14
DA:313,14
DA:314,14
DA:315,14
DA:319,68
DA:339,11
DA:340,40
DA:348,1
DA:369,2
DA:392,2
LF:80
LH:80
BRDA:26,0,0,0
BRDA:29,1,0,67
BRDA:29,1,1,1
BRDA:70,2,0,1
BRDA:70,2,1,0
BRDA:232,3,0,49
BRDA:232,3,1,19
BRDA:232,4,0,68
BRDA:232,4,1,49
BRDA:257,5,0,49
BRDA:257,5,1,19
BRDA:324,6,0,68
BRDA:324,6,1,0
BRDA:343,7,0,68
BRDA:343,7,1,42
BRDA:343,7,2,42
BRDA:343,7,3,42
BRDA:352,8,0,68
BRDA:352,8,1,1
BRDA:356,9,0,68
BRDA:356,9,1,1
BRDA:357,10,0,68
BRDA:357,10,1,1
BRF:23
BRH:20
end_of_record
TN:
SF:components/AutoComplete/index.js
FNF:0
FNH:0
LF:0
LH:0
BRF:0
BRH:0
end_of_record
TN:
SF:components/AutoComplete/SubComponents/UseKeyPress.jsx
FN:3,(anonymous_0)
FN:20,(anonymous_1)
FN:24,(anonymous_2)
FNF:3
FNH:3
FNDA:272,(anonymous_0)
FNDA:272,(anonymous_1)
FNDA:272,(anonymous_2)
DA:3,2
DA:4,272
DA:20,272
DA:21,272
DA:22,272
DA:24,272
DA:25,272
DA:26,272
DA:30,272
LF:9
LH:9
BRF:0
BRH:0
end_of_record
TN:
SF:components/Avatar/Avatar.jsx
FN:62,(anonymous_0)
FNF:1
FNH:1
FNDA:7,(anonymous_0)
DA:8,2
DA:10,2
DA:18,2
DA:29,2
DA:41,2
DA:51,2
DA:57,2
DA:62,2
DA:70,7
DA:83,2
DA:84,2
DA:85,2
DA:87,2
DA:95,2
LF:14
LH:14
BRDA:71,0,0,7
BRDA:71,0,1,1
BRDA:72,1,0,7
BRDA:72,1,1,6
BRDA:76,2,0,1
BRDA:76,2,1,6
BRDA:77,3,0,7
BRDA:77,3,1,2
BRDA:78,4,0,7
BRDA:78,4,1,1
BRDA:79,5,0,7
BRDA:79,5,1,1
BRF:12
BRH:12
end_of_record
TN:
SF:components/Avatar/index.js
FNF:0
FNH:0
LF:0
LH:0
BRF:0
BRH:0
end_of_record
TN:
SF:components/Badge/Badge.jsx
FN:10,(anonymous_0)
FN:37,(anonymous_1)
FN:54,(anonymous_2)
FN:72,(anonymous_3)
FN:80,(anonymous_4)
FN:94,(anonymous_5)
FNF:6
FNH:6
FNDA:8,(anonymous_0)
FNDA:8,(anonymous_1)
FNDA:8,(anonymous_2)
FNDA:8,(anonymous_3)
FNDA:8,(anonymous_4)
FNDA:8,(anonymous_5)
DA:10,3
DA:21,8
DA:22,1
DA:23,1
DA:28,7
DA:34,3
DA:38,8
DA:43,3
DA:63,8
DA:65,8
DA:73,8
DA:81,8
DA:94,3
DA:95,8
DA:97,8
DA:114,3
DA:115,3
DA:116,3
DA:118,3
DA:146,3
LF:20
LH:20
BRDA:21,0,0,1
BRDA:21,0,1,7
BRDA:38,1,0,1
BRDA:38,1,1,7
BRDA:63,2,0,1
BRDA:63,2,1,7
BRDA:63,3,0,8
BRDA:63,3,1,7
BRDA:73,4,0,8
BRDA:73,4,1,1
BRDA:81,5,0,8
BRDA:81,5,1,1
BRDA:95,6,0,1
BRDA:95,6,1,7
BRDA:107,7,0,8
BRDA:107,7,1,7
BRF:16
BRH:16
end_of_record
TN:
SF:components/Badge/index.js
FNF:0
FNH:0
LF:0
LH:0
BRF:0
BRH:0
end_of_record
TN:
SF:components/Button/Button.jsx
FN:18,(anonymous_0)
FN:32,(anonymous_1)
FN:63,(anonymous_2)
FN:70,(anonymous_3)
FN:89,(anonymous_4)
FN:110,(anonymous_5)
FN:119,(anonymous_6)
FN:121,(anonymous_7)
FN:201,(anonymous_8)
FN:226,(anonymous_9)
FN:276,(anonymous_10)
FNF:11
FNH:10
FNDA:69,(anonymous_0)
FNDA:130,(anonymous_1)
FNDA:130,(anonymous_2)
FNDA:130,(anonymous_3)
FNDA:130,(anonymous_4)
FNDA:130,(anonymous_5)
FNDA:130,(anonymous_6)
FNDA:130,(anonymous_7)
FNDA:130,(anonymous_8)
FNDA:0,(anonymous_9)
FNDA:60,(anonymous_10)
DA:15,12
DA:23,69
DA:32,12
DA:33,130
DA:41,130
DA:49,130
DA:55,12
DA:64,130
DA:76,130
DA:84,130
DA:95,130
DA:96,130
DA:97,130
DA:105,130
DA:111,130
DA:119,130
DA:145,130
DA:151,130
DA:152,1
DA:153,1
DA:154,1
DA:155,129
DA:156,27
DA:157,27
DA:158,27
DA:159,102
DA:160,1
DA:161,1
DA:162,1
DA:164,101
DA:165,101
DA:166,101
DA:169,130
DA:201,12
DA:202,130
DA:215,12
DA:238,12
DA:275,12
DA:291,60
DA:293,60
DA:323,12
DA:343,12
DA:357,12
LF:43
LH:43
BRDA:65,0,0,2
BRDA:65,0,1,128
BRDA:111,1,0,130
BRDA:111,1,1,1
BRDA:119,2,0,130
BRDA:119,2,1,1
BRDA:151,3,0,1
BRDA:151,3,1,129
BRDA:151,4,0,130
BRDA:151,4,1,2
BRDA:155,5,0,27
BRDA:155,5,1,102
BRDA:159,6,0,1
BRDA:159,6,1,101
BRDA:175,7,0,128
BRDA:175,7,1,2
BRDA:178,8,0,27
BRDA:178,8,1,101
BRDA:186,9,0,128
BRDA:186,9,1,2
BRDA:190,10,0,128
BRDA:190,10,1,2
BRDA:193,11,0,27
BRDA:193,11,1,101
BRDA:203,12,0,130
BRDA:203,12,1,69
BRDA:205,13,0,4
BRDA:205,13,1,65
BRF:28
BRH:28
end_of_record
TN:
SF:components/Button/index.js
FNF:0
FNH:0
LF:0
LH:0
BRF:0
BRH:0
end_of_record
TN:
SF:components/Card/Card.jsx
FN:27,(anonymous_0)
FN:55,(anonymous_1)
FNF:2
FNH:2
FNDA:231,(anonymous_0)
FNDA:231,(anonymous_1)
DA:19,4
DA:33,231
DA:39,4
DA:41,4
DA:43,4
DA:45,4
DA:47,4
DA:49,4
DA:51,4
DA:53,4
DA:55,231
DA:58,4
DA:64,4
LF:13
LH:13
BRF:0
BRH:0
end_of_record
TN:
SF:components/Card/index.js
FNF:0
FNH:0
LF:0
LH:0
BRF:0
BRH:0
end_of_record
TN:
SF:components/Card/sub-components/Content.jsx
FN:12,(anonymous_0)
FNF:1
FNH:1
FNDA:227,(anonymous_0)
DA:9,4
DA:17,227
DA:23,4
DA:30,4
DA:37,4
LF:5
LH:5
BRF:0
BRH:0
end_of_record
TN:
SF:components/Card/sub-components/Description.jsx
FN:11,(anonymous_0)
FN:23,(anonymous_1)
FNF:2
FNH:2
FNDA:174,(anonymous_0)
FNDA:174,(anonymous_1)
DA:10,4
DA:17,174
DA:23,174
DA:25,4
DA:27,4
DA:36,4
LF:6
LH:6
BRDA:18,0,0,1
BRDA:18,0,1,173
BRF:2
BRH:2
end_of_record
TN:
SF:components/Card/sub-components/Footer.jsx
FN:6,(anonymous_0)
FNF:1
FNH:1
FNDA:5,(anonymous_0)
DA:5,4
DA:10,5
DA:13,4
DA:19,4
DA:25,4
LF:5
LH:5
BRF:0
BRH:0
end_of_record
TN:
SF:components/Card/sub-components/Header.jsx
FN:9,(anonymous_0)
FNF:1
FNH:1
FNDA:3,(anonymous_0)
DA:6,4
DA:13,3
DA:26,4
DA:32,4
DA:38,4
LF:5
LH:5
BRF:0
BRH:0
end_of_record
TN:
SF:components/Card/sub-components/HeaderText.jsx
FNF:0
FNH:0
DA:3,4
DA:8,4
LF:2
LH:2
BRF:0
BRH:0
end_of_record
TN:
SF:components/Card/sub-components/Media.jsx
FN:12,(anonymous_0)
FN:32,(anonymous_1)
FNF:2
FNH:2
FNDA:172,(anonymous_0)
FNDA:172,(anonymous_1)
DA:7,4
DA:19,172
DA:25,4
DA:32,4
DA:33,172
DA:38,4
DA:40,4
DA:49,4
LF:8
LH:8
BRF:0
BRH:0
end_of_record
TN:
SF:components/Card/sub-components/Thumbnail.jsx
FN:8,(anonymous_0)
FN:13,(anonymous_1)
FN:26,(anonymous_2)
FNF:3
FNH:3
FNDA:2,(anonymous_0)
FNDA:2,(anonymous_1)
FNDA:2,(anonymous_2)
DA:7,4
DA:8,2
DA:20,2
DA:26,4
DA:28,4
DA:30,4
DA:40,4
LF:7
LH:7
BRDA:8,0,0,1
BRDA:8,0,1,1
BRDA:22,1,0,1
BRDA:22,1,1,1
BRF:4
BRH:4
end_of_record
TN:
SF:components/Card/sub-components/Title.jsx
FN:8,(anonymous_0)
FN:14,(anonymous_1)
FNF:2
FNH:2
FNDA:176,(anonymous_0)
FNDA:176,(anonymous_1)
DA:7,4
DA:9,176
DA:14,176
DA:16,4
DA:18,4
DA:26,4
LF:6
LH:6
BRDA:9,0,0,173
BRDA:9,0,1,3
BRF:2
BRH:2
end_of_record
TN:
SF:components/Card/sub-components/index.js
FNF:0
FNH:0
LF:0
LH:0
BRF:0
BRH:0
end_of_record
TN:
SF:components/Carousel/Carousel.jsx
FN:11,(anonymous_0)
FN:51,(anonymous_1)
FNF:2
FNH:2
FNDA:9,(anonymous_0)
FNDA:72,(anonymous_1)
DA:9,1
DA:11,1
DA:20,9
DA:22,9
DA:48,9
DA:52,72
DA:64,1
DA:77,1
LF:8
LH:8
BRDA:23,0,0,7
BRDA:23,0,1,2
BRF:2
BRH:2
end_of_record
TN:
SF:components/Carousel/slick.js
FN:4,(anonymous_0)
FN:13,(anonymous_1)
FN:158,(anonymous_2)
FN:174,(anonymous_3)
FNF:4
FNH:4
FNDA:9,(anonymous_0)
FNDA:9,(anonymous_1)
FNDA:9,(anonymous_2)
FNDA:9,(anonymous_3)
DA:3,1
DA:8,9
DA:19,9
DA:164,9
DA:180,9
LF:5
LH:5
BRF:0
BRH:0
end_of_record
TN:
SF:components/Carousel/watchMedia.mock
FN:1,(anonymous_0)
FNF:1
FNH:1
FNDA:4,(anonymous_0)
DA:1,4
LF:1
LH:1
BRF:0
BRH:0
end_of_record
TN:
SF:components/Carousel/sub-components/Arrow.jsx
FN:5,(anonymous_0)
FN:9,(anonymous_1)
FN:24,(anonymous_2)
FNF:3
FNH:2
FNDA:18,(anonymous_0)
FNDA:18,(anonymous_1)
FNDA:0,(anonymous_2)
DA:5,1
DA:6,18
DA:7,18
DA:9,18
DA:10,18
DA:12,18
DA:22,1
DA:27,1
LF:8
LH:8
BRF:0
BRH:0
end_of_record
TN:
SF:components/Carousel/sub-components/CarouselCard.jsx
FN:6,(anonymous_0)
FN:12,(anonymous_1)
FNF:2
FNH:2
FNDA:222,(anonymous_0)
FNDA:222,(anonymous_1)
DA:6,2
DA:7,222
DA:9,172
DA:12,2
DA:13,222
DA:16,2
LF:6
LH:6
BRDA:7,0,0,50
BRDA:7,0,1,172
BRF:2
BRH:2
end_of_record
TN:
SF:components/Carousel/sub-components/DescriptionCard.jsx
FN:19,(anonymous_0)
FN:28,(anonymous_1)
FN:33,(anonymous_2)
FN:47,(anonymous_3)
FN:54,(anonymous_4)
FN:71,(anonymous_5)
FN:91,(anonymous_6)
FN:93,(anonymous_7)
FNF:8
FNH:8
FNDA:172,(anonymous_0)
FNDA:172,(anonymous_1)
FNDA:172,(anonymous_2)
FNDA:172,(anonymous_3)
FNDA:172,(anonymous_4)
FNDA:172,(anonymous_5)
FNDA:172,(anonymous_6)
FNDA:172,(anonymous_7)
DA:7,2
DA:18,2
DA:23,172
DA:28,172
DA:31,2
DA:37,172
DA:43,2
DA:47,172
DA:53,2
DA:59,172
DA:70,2
DA:76,172
DA:88,2
DA:89,2
DA:91,172
DA:93,2
DA:94,172
DA:96,172
DA:115,2
DA:123,2
LF:20
LH:20
BRF:0
BRH:0
end_of_record
TN:
SF:components/Carousel/sub-components/ThumbCard.jsx
FN:11,(anonymous_0)
FN:26,(anonymous_1)
FN:40,(anonymous_2)
FNF:3
FNH:3
FNDA:50,(anonymous_0)
FNDA:50,(anonymous_1)
FNDA:50,(anonymous_2)
DA:7,2
DA:8,2
DA:10,2
DA:15,50
DA:24,2
DA:30,50
DA:35,2
DA:40,2
DA:41,50
DA:50,2
DA:64,2
LF:11
LH:11
BRF:0
BRH:0
end_of_record
TN:
SF:components/ChargeBar/ChargeBar.jsx
FN:26,(anonymous_0)
FN:42,(anonymous_1)
FN:57,(anonymous_2)
FN:79,(anonymous_3)
FN:88,(anonymous_4)
FN:155,(anonymous_5)
FNF:6
FNH:6
FNDA:6,(anonymous_0)
FNDA:6,(anonymous_1)
FNDA:6,(anonymous_2)
FNDA:6,(anonymous_3)
FNDA:6,(anonymous_4)
FNDA:7,(anonymous_5)
DA:13,2
DA:15,2
DA:26,6
DA:33,2
DA:42,6
DA:48,2
DA:57,6
DA:64,2
DA:68,2
DA:78,2
DA:79,6
DA:85,2
DA:86,2
DA:88,2
DA:105,6
DA:107,6
DA:128,2
DA:142,2
DA:156,7
DA:157,7
LF:20
LH:20
BRDA:157,0,0,7
BRDA:157,0,1,0
BRDA:157,1,0,7
BRDA:157,1,1,7
BRF:4
BRH:3
end_of_record
TN:
SF:components/ChargeBar/index.js
FNF:0
FNH:0
LF:0
LH:0
BRF:0
BRH:0
end_of_record
TN:
SF:components/Checkbox/Checkbox.jsx
FN:16,(anonymous_0)
FN:28,(anonymous_1)
FN:66,(anonymous_2)
FN:84,(anonymous_3)
FN:99,(anonymous_4)
FN:113,(anonymous_5)
FN:142,(anonymous_6)
FN:171,(anonymous_7)
FN:231,(anonymous_8)
FNF:9
FNH:8
FNDA:39,(anonymous_0)
FNDA:39,(anonymous_1)
FNDA:39,(anonymous_2)
FNDA:39,(anonymous_3)
FNDA:39,(anonymous_4)
FNDA:39,(anonymous_5)
FNDA:39,(anonymous_6)
FNDA:41,(anonymous_7)
FNDA:0,(anonymous_8)
DA:11,3
DA:13,3
DA:15,3
DA:20,39
DA:27,3
DA:35,39
DA:41,3
DA:43,3
DA:47,3
DA:73,39
DA:91,39
DA:104,39
DA:106,39
DA:118,39
DA:120,39
DA:148,39
DA:169,3
DA:171,3
DA:181,41
DA:182,41
DA:183,41
DA:185,41
DA:206,3
DA:223,3
DA:239,3
LF:25
LH:25
BRDA:121,0,0,39
BRDA:121,0,1,5
BRDA:183,1,0,11
BRDA:183,2,0,11
BRDA:198,3,0,41
BRDA:198,3,1,29
BRDA:198,3,2,21
BRDA:201,4,0,41
BRDA:201,4,1,5
BRDA:201,4,2,2
BRF:10
BRH:10
end_of_record
TN:
SF:components/Checkbox/CheckboxButton.jsx
FN:23,(anonymous_0)
FN:46,(anonymous_1)
FN:118,(anonymous_2)
FNF:3
FNH:2
FNDA:39,(anonymous_0)
FNDA:39,(anonymous_1)
FNDA:0,(anonymous_2)
DA:10,2
DA:12,2
DA:16,2
DA:18,2
DA:22,2
DA:24,39
DA:41,2
DA:46,2
DA:65,39
DA:66,39
DA:70,39
DA:71,3
DA:72,36
DA:73,2
DA:74,34
DA:75,8
DA:78,39
DA:109,2
DA:122,2
DA:139,2
LF:20
LH:20
BRDA:24,0,0,39
BRDA:24,0,1,3
BRDA:61,1,0,0
BRDA:62,2,0,0
BRDA:66,3,0,39
BRDA:66,3,1,39
BRDA:70,4,0,3
BRDA:70,4,1,36
BRDA:72,5,0,2
BRDA:72,5,1,34
BRDA:74,6,0,8
BRDA:74,6,1,26
BRDA:102,7,0,39
BRDA:102,7,1,18
BRDA:102,7,2,12
BRDA:103,8,0,39
BRDA:103,8,1,2
BRF:17
BRH:15
end_of_record
TN:
SF:components/Checkbox/CheckboxGroup.jsx
FN:15,(anonymous_0)
FN:22,(anonymous_1)
FN:25,(anonymous_2)
FN:30,(anonymous_3)
FN:36,(anonymous_4)
FN:92,(anonymous_5)
FNF:6
FNH:5
FNDA:12,(anonymous_0)
FNDA:18,(anonymous_1)
FNDA:36,(anonymous_2)
FNDA:27,(anonymous_3)
FNDA:30,(anonymous_4)
FNDA:0,(anonymous_5)
DA:10,2
DA:15,27
DA:18,12
DA:20,12
DA:22,18
DA:24,12
DA:25,36
DA:31,27
DA:32,27
DA:35,27
DA:36,30
DA:38,27
DA:56,2
DA:57,2
DA:59,2
DA:88,2
LF:16
LH:16
BRDA:22,0,0,12
BRDA:22,0,1,6
BRDA:25,1,0,12
BRDA:25,1,1,24
BRDA:32,2,0,22
BRDA:32,2,1,5
BRDA:35,3,0,27
BRDA:35,3,1,10
BRDA:50,4,0,27
BRDA:50,4,1,2
BRF:10
BRH:10
end_of_record
TN:
SF:components/Checkbox/CheckboxGroupContext.js
FNF:0
FNH:0
LF:0
LH:0
BRF:0
BRH:0
end_of_record
TN:
SF:components/Checkbox/index.js
FNF:0
FNH:0
LF:0
LH:0
BRF:0
BRH:0
end_of_record
TN:
SF:components/CircularLoader/CircularLoader.jsx
FN:6,(anonymous_0)
FN:27,(anonymous_1)
FN:72,(anonymous_2)
FN:81,(anonymous_3)
FN:87,(anonymous_4)
FNF:5
FNH:5
FNDA:2,(anonymous_0)
FNDA:1,(anonymous_1)
FNDA:1,(anonymous_2)
FNDA:1,(anonymous_3)
FNDA:1,(anonymous_4)
DA:6,2
DA:7,2
DA:15,2
DA:18,2
DA:27,1
DA:32,2
DA:38,2
DA:53,2
DA:60,2
DA:72,1
DA:77,2
DA:81,1
DA:87,2
DA:97,1
DA:99,1
DA:101,1
DA:110,2
DA:119,2
LF:18
LH:18
BRF:0
BRH:0
end_of_record
TN:
SF:components/CircularLoader/index.js
FNF:0
FNH:0
LF:0
LH:0
BRF:0
BRH:0
end_of_record
TN:
SF:components/Colors/index.js
FNF:0
FNH:0
LF:0
LH:0
BRF:0
BRH:0
end_of_record
TN:
SF:components/Dialog/Dialog.jsx
FN:10,(anonymous_0)
FN:34,(anonymous_1)
FN:49,(anonymous_2)
FN:54,(anonymous_3)
FN:60,(anonymous_4)
FN:71,(anonymous_5)
FN:76,(anonymous_6)
FN:81,(anonymous_7)
FN:92,(anonymous_8)
FN:202,(anonymous_9)
FNF:10
FNH:10
FNDA:6,(anonymous_0)
FNDA:12,(anonymous_1)
FNDA:3,(anonymous_2)
FNDA:2,(anonymous_3)
FNDA:3,(anonymous_4)
FNDA:1,(anonymous_5)
FNDA:6,(anonymous_6)
FNDA:6,(anonymous_7)
FNDA:3,(anonymous_8)
FNDA:1,(anonymous_9)
DA:8,2
DA:14,6
DA:34,2
DA:43,12
DA:45,12
DA:47,12
DA:49,12
DA:50,3
DA:51,3
DA:54,12
DA:55,2
DA:56,1
DA:60,12
DA:61,3
DA:62,2
DA:65,3
DA:66,1
DA:70,12
DA:71,1
DA:72,1
DA:76,12
DA:77,6
DA:78,6
DA:79,6
DA:81,6
DA:82,6
DA:83,6
DA:84,6
DA:88,12
DA:92,3
DA:104,2
DA:124,2
DA:201,2
LF:33
LH:33
BRDA:55,0,0,1
BRDA:55,0,1,1
BRDA:61,1,0,2
BRDA:61,1,1,1
BRDA:61,2,0,3
BRDA:61,2,1,3
BRDA:65,3,0,1
BRDA:65,3,1,2
BRDA:70,4,0,1
BRDA:70,4,1,11
BRDA:70,5,0,12
BRDA:70,5,1,2
BRDA:88,6,0,6
BRDA:88,6,1,6
BRF:14
BRH:14
end_of_record
TN:
SF:components/Dialog/index.js
FNF:0
FNH:0
LF:0
LH:0
BRF:0
BRH:0
end_of_record
TN:
SF:components/Dropdown/Dropdown.jsx
FN:31,(anonymous_0)
FN:52,(anonymous_1)
FN:70,(anonymous_2)
FN:88,(anonymous_3)
FN:109,(anonymous_4)
FN:122,(anonymous_5)
FN:133,(anonymous_6)
FN:146,(anonymous_7)
FN:170,(anonymous_8)
FN:171,(anonymous_9)
FN:172,(anonymous_10)
FN:173,(anonymous_11)
FN:174,(anonymous_12)
FN:184,(anonymous_13)
FN:186,(anonymous_14)
FN:234,(anonymous_15)
FN:254,(anonymous_16)
FN:273,(anonymous_17)
FN:274,(anonymous_18)
FN:293,(anonymous_19)
FN:409,(anonymous_20)
FNF:21
FNH:20
FNDA:59,(anonymous_0)
FNDA:32,(anonymous_1)
FNDA:26,(anonymous_2)
FNDA:2,(anonymous_3)
FNDA:48,(anonymous_4)
FNDA:48,(anonymous_5)
FNDA:48,(anonymous_6)
FNDA:2,(anonymous_7)
FNDA:335,(anonymous_8)
FNDA:135,(anonymous_9)
FNDA:54,(anonymous_10)
FNDA:6,(anonymous_11)
FNDA:96,(anonymous_12)
FNDA:26,(anonymous_13)
FNDA:48,(anonymous_14)
FNDA:30,(anonymous_15)
FNDA:29,(anonymous_16)
FNDA:28,(anonymous_17)
FNDA:82,(anonymous_18)
FNDA:59,(anonymous_19)
FNDA:0,(anonymous_20)
DA:17,2
DA:18,2
DA:19,2
DA:20,2
DA:21,2
DA:22,2
DA:24,2
DA:37,59
DA:48,2
DA:53,32
DA:59,2
DA:74,26
DA:76,26
DA:85,2
DA:96,2
DA:102,2
DA:116,48
DA:128,48
DA:134,48
DA:141,2
DA:145,2
DA:152,2
DA:157,2
DA:163,2
DA:164,2
DA:165,2
DA:166,2
DA:167,2
DA:168,2
DA:170,335
DA:171,135
DA:172,54
DA:173,6
DA:174,96
DA:176,2
DA:184,2
DA:185,26
DA:187,48
DA:220,2
DA:224,2
DA:234,2
DA:252,30
DA:254,30
DA:255,29
DA:256,24
DA:257,24
DA:258,24
DA:260,24
DA:266,5
DA:269,30
DA:271,30
DA:273,30
DA:274,28
DA:275,82
DA:276,82
DA:277,36
DA:278,36
DA:280,46
DA:283,30
DA:303,59
DA:305,59
DA:397,2
DA:415,2
LF:63
LH:63
BRDA:39,0,0,27
BRDA:39,0,1,32
BRDA:43,1,0,2
BRDA:43,1,1,57
BRDA:53,2,0,32
BRDA:53,2,1,32
BRDA:96,3,0,2
BRDA:96,3,1,2
BRDA:134,4,0,48
BRDA:134,4,1,2
BRDA:170,5,0,228
BRDA:170,5,1,107
BRDA:170,6,0,228
BRDA:170,6,1,0
BRDA:170,6,2,0
BRDA:171,7,0,135
BRDA:171,7,1,0
BRDA:171,8,0,135
BRDA:171,8,1,0
BRDA:171,8,2,0
BRDA:172,9,0,54
BRDA:172,9,1,0
BRDA:173,10,0,6
BRDA:173,10,1,0
BRDA:195,11,0,2
BRDA:195,11,1,46
BRDA:201,12,0,0
BRDA:201,12,1,2
BRDA:210,13,0,46
BRDA:210,13,1,6
BRDA:252,14,0,2
BRDA:252,14,1,28
BRDA:255,15,0,24
BRDA:255,15,1,5
BRDA:255,16,0,29
BRDA:255,16,1,25
BRDA:262,17,0,22
BRDA:262,17,1,2
BRDA:271,18,0,30
BRDA:271,18,1,28
BRDA:276,19,0,36
BRDA:276,19,1,46
BRDA:303,20,0,28
BRDA:303,20,1,31
BRDA:307,21,0,59
BRDA:307,21,1,8
BRDA:315,22,0,8
BRDA:315,22,1,2
BRDA:324,23,0,27
BRDA:324,23,1,32
BRDA:346,24,0,27
BRDA:346,24,1,18
BRDA:372,25,0,8
BRDA:372,25,1,24
BRDA:377,26,0,32
BRDA:377,26,1,8
BRDA:391,27,0,30
BRDA:391,27,1,0
BRDA:392,28,0,30
BRDA:392,28,1,2
BRF:60
BRH:51
end_of_record
TN:
SF:components/Dropdown/index.js
FNF:0
FNH:0
LF:0
LH:0
BRF:0
BRH:0
end_of_record
TN:
SF:components/Form/Form.jsx
FN:6,execValidate
FN:18,(anonymous_1)
FN:22,(anonymous_2)
FN:26,(anonymous_3)
FN:38,(anonymous_4)
FN:48,(anonymous_5)
FN:51,(anonymous_6)
FN:55,(anonymous_7)
FN:59,(anonymous_8)
FN:68,(anonymous_9)
FN:69,(anonymous_10)
FN:84,(anonymous_11)
FN:87,(anonymous_12)
FN:114,(anonymous_13)
FN:117,(anonymous_14)
FN:129,(anonymous_15)
FN:143,(anonymous_16)
FN:151,(anonymous_17)
FN:153,(anonymous_18)
FN:161,(anonymous_19)
FN:176,(anonymous_20)
FN:177,(anonymous_21)
FNF:22
FNH:19
FNDA:86,execValidate
FNDA:12,(anonymous_1)
FNDA:1442,(anonymous_2)
FNDA:14,(anonymous_3)
FNDA:80,(anonymous_4)
FNDA:200,(anonymous_5)
FNDA:1362,(anonymous_6)
FNDA:0,(anonymous_7)
FNDA:17,(anonymous_8)
FNDA:465,(anonymous_9)
FNDA:1694,(anonymous_10)
FNDA:81,(anonymous_11)
FNDA:15,(anonymous_12)
FNDA:16,(anonymous_13)
FNDA:81,(anonymous_14)
FNDA:17,(anonymous_15)
FNDA:16,(anonymous_16)
FNDA:18,(anonymous_17)
FNDA:16,(anonymous_18)
FNDA:200,(anonymous_19)
FNDA:0,(anonymous_20)
FNDA:0,(anonymous_21)
DA:7,86
DA:8,81
DA:11,5
DA:12,5
DA:14,5
DA:17,2
DA:18,12
DA:22,2
DA:23,1442
DA:27,14
DA:29,14
DA:35,14
DA:36,14
DA:38,14
DA:39,80
DA:43,69
DA:44,69
DA:48,14
DA:49,200
DA:51,200
DA:52,1362
DA:53,210
DA:55,1152
DA:56,1152
DA:60,17
DA:61,17
DA:65,200
DA:68,14
DA:69,465
DA:70,1694
DA:71,171
DA:74,1523
DA:75,235
DA:81,1288
DA:84,14
DA:85,81
DA:86,81
DA:87,81
DA:91,81
DA:96,81
DA:97,8
DA:98,13
DA:101,13
DA:104,73
DA:107,81
DA:108,55
DA:111,81
DA:114,14
DA:115,16
DA:117,16
DA:118,81
DA:120,81
DA:122,81
DA:123,81
DA:125,81
DA:129,14
DA:130,17
DA:131,17
DA:136,17
DA:137,17
DA:139,17
DA:140,17
DA:143,14
DA:144,16
DA:146,16
DA:147,16
DA:149,16
DA:151,18
DA:153,16
DA:154,16
DA:155,16
DA:157,16
DA:163,200
DA:164,200
DA:165,200
DA:167,200
DA:175,2
DA:181,2
LF:78
LH:78
BRDA:7,0,0,81
BRDA:7,0,1,5
BRDA:14,1,0,2
BRDA:14,1,1,3
BRDA:14,2,0,2
BRDA:14,2,1,0
BRDA:23,3,0,1442
BRDA:23,3,1,1442
BRDA:39,4,0,11
BRDA:39,4,1,69
BRDA:44,5,0,1
BRDA:44,5,1,68
BRDA:52,6,0,210
BRDA:52,6,1,1152
BRDA:55,7,0,0
BRDA:58,8,0,1152
BRDA:58,8,1,611
BRDA:70,9,0,171
BRDA:70,9,1,1523
BRDA:74,10,0,235
BRDA:74,10,1,1288
BRDA:87,11,0,15
BRDA:96,12,0,8
BRDA:96,12,1,73
BRDA:101,13,0,5
BRDA:101,13,1,8
BRDA:107,14,0,55
BRDA:107,14,1,26
BRDA:157,15,0,4
BRDA:157,15,1,12
BRF:30
BRH:28
end_of_record
TN:
SF:components/Form/index.js
FNF:0
FNH:0
LF:0
LH:0
BRF:0
BRH:0
end_of_record
TN:
SF:components/Form/validations.js
FN:7,(anonymous_0)
FN:8,(anonymous_1)
FN:11,removeNonDigit
FN:16,(anonymous_3)
FN:20,(anonymous_4)
FN:33,(anonymous_5)
FN:50,(anonymous_6)
FN:56,(anonymous_7)
FN:64,(anonymous_8)
FN:71,(anonymous_9)
FN:78,(anonymous_10)
FNF:11
FNH:11
FNDA:10,(anonymous_0)
FNDA:1,(anonymous_1)
FNDA:16,removeNonDigit
FNDA:18,(anonymous_3)
FNDA:8,(anonymous_4)
FNDA:1,(anonymous_5)
FNDA:8,(anonymous_6)
FNDA:8,(anonymous_7)
FNDA:13,(anonymous_8)
FNDA:8,(anonymous_9)
FNDA:8,(anonymous_10)
DA:1,2
DA:7,10
DA:8,1
DA:12,16
DA:17,18
DA:21,8
DA:23,8
DA:24,7
DA:27,1
DA:28,10
DA:29,0
DA:33,1
DA:34,1
DA:37,1
DA:38,9
DA:41,1
DA:42,1
DA:44,1
DA:47,1
DA:51,8
DA:53,8
DA:57,8
DA:58,8
DA:59,8
DA:61,8
DA:65,13
DA:66,10
DA:68,3
DA:72,8
DA:73,1
DA:75,7
DA:79,8
DA:80,8
LF:33
LH:32
BRDA:12,0,0,1
BRDA:12,0,1,15
BRDA:17,1,0,6
BRDA:17,1,1,12
BRDA:20,2,0,8
BRDA:23,3,0,7
BRDA:23,3,1,1
BRDA:23,4,0,8
BRDA:23,4,1,1
BRDA:28,5,0,0
BRDA:28,5,1,10
BRDA:42,6,0,1
BRDA:42,6,1,0
BRDA:42,7,0,1
BRDA:42,7,1,0
BRDA:47,8,0,0
BRDA:47,8,1,1
BRDA:47,9,0,1
BRDA:47,9,1,0
BRDA:53,10,0,8
BRDA:53,10,1,0
BRDA:56,11,0,7
BRDA:61,12,0,0
BRDA:61,12,1,8
BRDA:64,13,0,7
BRDA:65,14,0,10
BRDA:65,14,1,3
BRDA:65,15,0,13
BRDA:65,15,1,13
BRDA:71,16,0,7
BRDA:72,17,0,1
BRDA:72,17,1,7
BRDA:72,18,0,8
BRDA:72,18,1,8
BRDA:80,19,0,0
BRDA:80,19,1,8
BRF:36
BRH:28
end_of_record
TN:
SF:components/GlobalStyle/GlobalStyle.jsx
FN:4,(anonymous_0)
FNF:1
FNH:0
FNDA:0,(anonymous_0)
DA:4,5
DA:5,0
LF:2
LH:1
BRF:0
BRH:0
end_of_record
TN:
SF:components/GlobalStyle/index.js
FNF:0
FNH:0
LF:0
LH:0
BRF:0
BRH:0
end_of_record
TN:
SF:components/GlobalStyle/test.utils.js
FN:1,(anonymous_0)
FN:12,(anonymous_1)
FN:14,(anonymous_2)
FN:17,(anonymous_3)
FNF:4
FNH:4
FNDA:26,(anonymous_0)
FNDA:7,(anonymous_1)
FNDA:35,(anonymous_2)
FNDA:7,(anonymous_3)
DA:1,2
DA:2,26
DA:12,2
DA:13,7
DA:14,35
DA:17,2
DA:18,7
DA:20,7
DA:22,7
DA:23,7
LF:10
LH:10
BRF:0
BRH:0
end_of_record
TN:
SF:components/GlobalStyle/sub-components/Blockquote.jsx
FNF:0
FNH:0
DA:3,6
LF:1
LH:1
BRF:0
BRH:0
end_of_record
TN:
SF:components/GlobalStyle/sub-components/CSSVariables.jsx
FN:1,(anonymous_0)
FNF:1
FNH:1
FNDA:548,(anonymous_0)
DA:1,548
LF:1
LH:1
BRF:0
BRH:0
end_of_record
TN:
SF:components/GlobalStyle/sub-components/Subtitle.jsx
FNF:0
FNH:0
DA:3,6
LF:1
LH:1
BRF:0
BRH:0
end_of_record
TN:
SF:components/GlobalStyle/sub-components/Title.jsx
FNF:0
FNH:0
DA:3,6
LF:1
LH:1
BRF:0
BRH:0
end_of_record
TN:
SF:components/GlobalStyle/sub-components/Typography.jsx
FN:91,(anonymous_0)
FNF:1
FNH:1
FNDA:9,(anonymous_0)
DA:7,7
DA:9,7
DA:91,7
DA:92,9
LF:4
LH:4
BRF:0
BRH:0
end_of_record
TN:
SF:components/Grid/index.js
FNF:0
FNH:0
LF:0
LH:0
BRF:0
BRH:0
end_of_record
TN:
SF:components/Grid/sub-components/Col.jsx
FN:7,(anonymous_0)
FN:13,(anonymous_1)
FN:79,(anonymous_2)
FN:140,(anonymous_3)
FN:141,(anonymous_4)
FNF:5
FNH:5
FNDA:172,(anonymous_0)
FNDA:172,(anonymous_1)
FNDA:172,(anonymous_2)
FNDA:43,(anonymous_3)
FNDA:172,(anonymous_4)
DA:7,4
DA:8,172
DA:10,172
DA:13,4
DA:21,172
DA:22,172
DA:23,172
DA:33,172
DA:64,172
DA:71,172
DA:79,4
DA:94,172
DA:96,172
DA:115,172
DA:116,172
DA:117,172
DA:139,4
DA:141,43
DA:142,172
DA:150,4
DA:155,4
DA:171,4
LF:22
LH:22
BRDA:8,0,0,99
BRDA:8,0,1,73
BRDA:10,1,0,172
BRDA:10,1,1,10
BRDA:21,2,0,162
BRDA:21,2,1,10
BRDA:22,3,0,99
BRDA:22,3,1,73
BRDA:33,4,0,99
BRDA:33,4,1,73
BRDA:36,5,0,99
BRDA:36,5,1,0
BRDA:52,6,0,73
BRDA:52,6,1,0
BRDA:64,7,0,172
BRDA:64,7,1,0
BRDA:67,8,0,172
BRDA:67,8,1,10
BRDA:82,9,0,0
BRDA:83,10,0,0
BRDA:84,11,0,172
BRDA:86,12,0,40
BRDA:87,13,0,40
BRDA:88,14,0,172
BRF:24
BRH:19
end_of_record
TN:
SF:components/Grid/sub-components/Container.jsx
FN:7,(anonymous_0)
FN:30,(anonymous_1)
FN:35,(anonymous_2)
FN:56,(anonymous_3)
FNF:4
FNH:4
FNDA:32,(anonymous_0)
FNDA:8,(anonymous_1)
FNDA:32,(anonymous_2)
FNDA:8,(anonymous_3)
DA:7,5
DA:15,32
DA:20,32
DA:22,32
DA:24,32
DA:30,5
DA:35,8
DA:36,32
DA:50,5
DA:56,8
DA:64,5
DA:78,5
DA:85,5
LF:13
LH:13
BRDA:25,0,0,4
BRDA:25,0,1,28
BRDA:56,1,0,8
BRDA:56,1,1,7
BRF:4
BRH:4
end_of_record
TN:
SF:components/Grid/sub-components/Hide.jsx
FN:7,(anonymous_0)
FNF:1
FNH:1
FNDA:45,(anonymous_0)
DA:6,5
DA:8,45
DA:10,45
DA:12,45
DA:13,45
DA:14,45
DA:15,45
DA:17,45
DA:21,5
DA:23,5
DA:33,5
LF:11
LH:11
BRDA:12,0,0,21
BRDA:12,0,1,24
BRDA:13,1,0,22
BRDA:13,1,1,23
BRDA:14,2,0,22
BRDA:14,2,1,23
BRDA:15,3,0,22
BRDA:15,3,1,23
BRF:8
BRH:8
end_of_record
TN:
SF:components/Grid/sub-components/Row.jsx
FN:8,(anonymous_0)
FN:23,(anonymous_1)
FN:27,(anonymous_2)
FN:40,(anonymous_3)
FN:58,(anonymous_4)
FN:62,(anonymous_5)
FN:75,(anonymous_6)
FN:77,(anonymous_7)
FN:102,(anonymous_8)
FN:108,(anonymous_9)
FN:111,(anonymous_10)
FN:119,(anonymous_11)
FN:121,(anonymous_12)
FNF:13
FNH:12
FNDA:172,(anonymous_0)
FNDA:43,(anonymous_1)
FNDA:172,(anonymous_2)
FNDA:172,(anonymous_3)
FNDA:43,(anonymous_4)
FNDA:172,(anonymous_5)
FNDA:43,(anonymous_6)
FNDA:172,(anonymous_7)
FNDA:43,(anonymous_8)
FNDA:43,(anonymous_9)
FNDA:43,(anonymous_10)
FNDA:43,(anonymous_11)
FNDA:0,(anonymous_12)
DA:8,4
DA:12,172
DA:16,172
DA:18,172
DA:23,4
DA:27,43
DA:28,172
DA:40,4
DA:44,172
DA:49,172
DA:51,172
DA:58,4
DA:62,43
DA:63,172
DA:75,4
DA:76,43
DA:78,172
DA:83,4
DA:103,43
DA:105,43
DA:109,43
DA:111,43
DA:112,43
DA:116,43
DA:119,43
DA:120,43
DA:121,0
DA:124,43
DA:132,4
DA:147,4
DA:153,4
LF:31
LH:30
BRDA:114,0,0,0
BRDA:114,0,1,43
BRDA:114,1,0,43
BRDA:114,1,1,43
BRDA:120,2,0,0
BRDA:120,2,1,43
BRF:6
BRH:4
end_of_record
TN:
SF:components/Grid/sub-components/index.js
FNF:0
FNH:0
LF:0
LH:0
BRF:0
BRH:0
end_of_record
TN:
SF:components/Grid/sub-components/shared/index.js
FNF:0
FNH:0
LF:0
LH:0
BRF:0
BRH:0
end_of_record
TN:
SF:components/Grid/sub-components/shared/media.js
FN:3,(anonymous_0)
FN:4,(anonymous_1)
FN:5,(anonymous_2)
FN:13,(anonymous_3)
FN:18,(anonymous_4)
FN:23,(anonymous_5)
FN:28,(anonymous_6)
FN:33,(anonymous_7)
FNF:8
FNH:8
FNDA:773,(anonymous_0)
FNDA:3092,(anonymous_1)
FNDA:825,(anonymous_2)
FNDA:51,(anonymous_3)
FNDA:22,(anonymous_4)
FNDA:23,(anonymous_5)
FNDA:24,(anonymous_6)
FNDA:24,(anonymous_7)
DA:3,12
DA:4,773
DA:5,3092
DA:10,3092
DA:13,12
DA:17,51
DA:18,22
DA:23,23
DA:28,24
DA:33,24
LF:10
LH:10
BRDA:6,0,0,825
BRDA:6,0,1,188
BRF:2
BRH:2
end_of_record
TN:
SF:components/Grid/sub-components/shared/utils.js
FN:3,(anonymous_0)
FN:7,(anonymous_1)
FN:9,(anonymous_2)
FNF:3
FNH:3
FNDA:51,(anonymous_0)
FNDA:6,(anonymous_1)
FNDA:552,(anonymous_2)
DA:3,11
DA:4,51
DA:7,6
DA:9,11
DA:10,552
DA:11,552
DA:12,552
DA:15,552
LF:8
LH:8
BRDA:4,0,0,51
BRDA:4,0,1,5
BRDA:9,1,0,346
BRDA:11,2,0,552
BRDA:11,2,1,0
BRDA:12,3,0,6
BRDA:12,3,1,546
BRDA:15,4,0,206
BRDA:15,4,1,346
BRF:9
BRH:8
end_of_record
TN:
SF:components/Hamburger/Hamburger.jsx
FN:12,(anonymous_0)
FN:29,(anonymous_1)
FN:44,(anonymous_2)
FNF:3
FNH:3
FNDA:8,(anonymous_0)
FNDA:2,(anonymous_1)
FNDA:8,(anonymous_2)
DA:9,2
DA:10,2
DA:12,2
DA:13,8
DA:15,8
DA:18,2
DA:25,2
DA:29,2
DA:36,2
DA:40,2
DA:44,2
DA:51,8
DA:62,8
DA:69,2
DA:70,2
DA:72,2
DA:80,2
LF:17
LH:17
BRDA:13,0,0,4
BRDA:13,0,1,4
BRDA:29,1,0,1
BRDA:29,1,1,1
BRDA:52,2,0,8
BRDA:52,2,1,4
BRDA:58,3,0,4
BRDA:58,3,1,4
BRDA:64,4,0,4
BRDA:64,4,1,4
BRF:10
BRH:10
end_of_record
TN:
SF:components/Hamburger/index.js
FNF:0
FNH:0
LF:0
LH:0
BRF:0
BRH:0
end_of_record
TN:
SF:components/Icon/Icon.jsx
FN:97,(anonymous_0)
FNF:1
FNH:1
FNDA:331,(anonymous_0)
DA:87,27
DA:89,27
DA:97,27
DA:98,331
DA:181,331
DA:183,331
DA:185,331
DA:196,27
DA:202,27
LF:9
LH:9
BRDA:181,0,0,0
BRDA:181,0,1,331
BRF:2
BRH:1
end_of_record
TN:
SF:components/Icon/index.js
FNF:0
FNH:0
LF:0
LH:0
BRF:0
BRH:0
end_of_record
TN:
SF:components/Input/Input.jsx
FN:24,(anonymous_0)
FN:39,(anonymous_1)
FN:49,(anonymous_2)
FN:62,(anonymous_3)
FN:81,(anonymous_4)
FN:95,(anonymous_5)
FN:106,(anonymous_6)
FN:110,(anonymous_7)
FN:127,(anonymous_8)
FN:149,(anonymous_9)
FN:180,(anonymous_10)
FN:277,(anonymous_11)
FN:284,(anonymous_12)
FN:285,(anonymous_13)
FNF:14
FNH:13
FNDA:13,(anonymous_0)
FNDA:2,(anonymous_1)
FNDA:1,(anonymous_2)
FNDA:2,(anonymous_3)
FNDA:39,(anonymous_4)
FNDA:1,(anonymous_5)
FNDA:2,(anonymous_6)
FNDA:2,(anonymous_7)
FNDA:43,(anonymous_8)
FNDA:1,(anonymous_9)
FNDA:9,(anonymous_10)
FNDA:5,(anonymous_11)
FNDA:0,(anonymous_12)
FNDA:17,(anonymous_13)
DA:19,4
DA:21,4
DA:28,13
DA:37,4
DA:43,2
DA:48,4
DA:54,1
DA:59,4
DA:62,2
DA:70,4
DA:74,4
DA:75,4
DA:76,4
DA:77,4
DA:82,39
DA:84,39
DA:86,39
DA:92,39
DA:95,39
DA:96,1
DA:97,1
DA:98,1
DA:103,1
DA:106,39
DA:107,2
DA:110,39
DA:111,2
DA:112,2
DA:115,4
DA:117,4
DA:119,4
DA:121,4
DA:123,4
DA:125,4
DA:140,43
DA:141,43
DA:142,43
DA:144,43
DA:145,43
DA:146,43
DA:147,43
DA:148,43
DA:149,43
DA:150,1
DA:154,1
DA:157,43
DA:181,9
DA:228,4
DA:272,4
DA:277,5
DA:292,4
LF:51
LH:51
BRDA:55,0,0,1
BRDA:55,0,1,0
BRDA:89,1,0,39
BRDA:89,1,1,39
BRDA:92,2,0,39
BRDA:92,2,1,38
BRDA:112,3,0,1
BRDA:112,3,1,1
BRDA:146,4,0,43
BRDA:146,4,1,15
BRDA:147,5,0,43
BRDA:147,5,1,41
BRDA:147,5,2,37
BRDA:159,6,0,43
BRDA:159,6,1,21
BRDA:162,7,0,21
BRDA:162,7,1,1
BRDA:165,8,0,43
BRDA:165,8,1,3
BRDA:169,9,0,43
BRDA:169,9,1,3
BRDA:193,10,0,43
BRDA:193,10,1,2
BRDA:193,10,2,2
BRDA:200,11,0,43
BRDA:200,11,1,4
BRDA:203,12,0,3
BRDA:203,12,1,1
BRDA:208,13,0,43
BRDA:208,13,1,15
BRDA:208,13,2,15
BRDA:208,13,3,14
BRDA:208,13,4,14
BRDA:217,14,0,43
BRDA:217,14,1,2
BRDA:218,15,0,43
BRDA:218,15,1,2
BRF:37
BRH:36
end_of_record
TN:
SF:components/Input/InputTypes.jsx
FN:7,(anonymous_0)
FN:8,(anonymous_1)
FN:9,(anonymous_2)
FN:10,(anonymous_3)
FN:11,(anonymous_4)
FN:12,(anonymous_5)
FNF:6
FNH:6
FNDA:1,(anonymous_0)
FNDA:1,(anonymous_1)
FNDA:1,(anonymous_2)
FNDA:1,(anonymous_3)
FNDA:1,(anonymous_4)
FNDA:1,(anonymous_5)
DA:6,4
DA:7,1
DA:8,1
DA:9,1
DA:10,1
DA:11,1
DA:12,1
DA:15,4
DA:16,4
DA:17,4
DA:18,4
DA:19,4
DA:20,4
LF:13
LH:13
BRF:0
BRH:0
end_of_record
TN:
SF:components/Input/index.js
FNF:0
FNH:0
LF:0
LH:0
BRF:0
BRH:0
end_of_record
TN:
SF:components/Input/sub-components/HelperText.jsx
FNF:0
FNH:0
DA:6,7
DA:10,7
DA:17,7
LF:3
LH:3
BRF:0
BRH:0
end_of_record
TN:
SF:components/Input/sub-components/InputErrorMessage.jsx
FN:7,(anonymous_0)
FNF:1
FNH:1
FNDA:10,(anonymous_0)
DA:6,7
DA:13,10
DA:19,7
DA:21,7
DA:29,7
LF:5
LH:5
BRDA:13,0,0,10
BRDA:13,0,1,1
BRF:2
BRH:2
end_of_record
TN:
SF:components/Input/sub-components/InputLabel.jsx
FN:8,(anonymous_0)
FNF:1
FNH:1
FNDA:95,(anonymous_0)
DA:5,7
DA:12,95
DA:19,7
DA:21,7
DA:28,7
LF:5
LH:5
BRF:0
BRH:0
end_of_record
TN:
SF:components/Input/sub-components/RequiredMark.jsx
FN:6,(anonymous_0)
FNF:1
FNH:1
FNDA:4,(anonymous_0)
DA:5,7
DA:11,4
DA:16,7
DA:23,7
LF:4
LH:4
BRDA:12,0,0,3
BRDA:12,0,1,1
BRF:2
BRH:2
end_of_record
TN:
SF:components/Input/sub-components/TextInput.jsx
FN:6,(anonymous_0)
FN:49,(anonymous_1)
FN:110,(anonymous_2)
FNF:3
FNH:3
FNDA:154,(anonymous_0)
FNDA:18,(anonymous_1)
FNDA:172,(anonymous_2)
DA:6,8
DA:18,154
DA:20,154
DA:22,154
DA:49,8
DA:52,18
DA:54,18
DA:80,8
DA:85,8
DA:121,172
DA:123,172
DA:124,172
DA:126,172
DA:143,8
DA:145,8
DA:153,8
LF:16
LH:16
BRDA:20,0,0,6
BRDA:20,0,1,148
BRDA:27,1,0,6
BRDA:27,1,1,148
BRDA:28,2,0,6
BRDA:28,2,1,148
BRDA:63,3,0,3
BRDA:63,3,1,15
BRDA:127,4,0,13
BRDA:127,4,1,159
BRDA:130,5,0,8
BRDA:130,5,1,164
BRDA:131,6,0,0
BRDA:131,6,1,172
BRF:14
BRH:13
end_of_record
TN:
SF:components/Input/sub-components/index.js
FNF:0
FNH:0
LF:0
LH:0
BRF:0
BRH:0
end_of_record
TN:
SF:components/Link/Link.jsx
FN:7,(anonymous_0)
FN:26,(anonymous_1)
FNF:2
FNH:2
FNDA:4,(anonymous_0)
FNDA:4,(anonymous_1)
DA:6,2
DA:7,4
DA:26,2
DA:27,4
DA:32,2
DA:44,2
LF:6
LH:6
BRDA:8,0,0,2
BRDA:8,0,1,2
BRDA:11,1,0,3
BRDA:11,1,1,1
BRDA:16,2,0,2
BRDA:16,2,1,2
BRDA:21,3,0,2
BRDA:21,3,1,2
BRF:8
BRH:8
end_of_record
TN:
SF:components/Link/index.js
FNF:0
FNH:0
LF:0
LH:0
BRF:0
BRH:0
end_of_record
TN:
SF:components/List/List.jsx
FN:10,(anonymous_0)
FN:22,(anonymous_1)
FN:32,(anonymous_2)
FN:38,(anonymous_3)
FN:79,(anonymous_4)
FN:103,(anonymous_5)
FN:112,(anonymous_6)
FN:122,(anonymous_7)
FNF:8
FNH:7
FNDA:4,(anonymous_0)
FNDA:0,(anonymous_1)
FNDA:6,(anonymous_2)
FNDA:6,(anonymous_3)
FNDA:2,(anonymous_4)
FNDA:6,(anonymous_5)
FNDA:6,(anonymous_6)
FNDA:6,(anonymous_7)
DA:10,2
DA:11,4
DA:26,0
DA:32,6
DA:38,2
DA:47,6
DA:58,2
DA:69,2
DA:71,2
DA:83,2
DA:100,2
DA:104,6
DA:106,6
DA:112,6
DA:114,2
DA:116,2
DA:118,2
DA:120,2
DA:131,6
DA:133,6
DA:135,6
DA:149,2
DA:163,2
LF:23
LH:22
BRDA:11,0,0,0
BRDA:11,0,1,4
BRDA:34,1,0,6
BRDA:34,1,1,0
BRDA:47,2,0,6
BRDA:47,2,1,1
BRDA:50,3,0,0
BRDA:50,3,1,1
BRDA:112,4,0,2
BRDA:112,4,1,4
BRDA:133,5,0,6
BRDA:133,5,1,6
BRF:12
BRH:9
end_of_record
TN:
SF:components/List/index.js
FNF:0
FNH:0
LF:0
LH:0
BRF:0
BRH:0
end_of_record
TN:
SF:components/List/sub-components/Content.jsx
FN:16,(anonymous_0)
FN:39,(anonymous_1)
FNF:2
FNH:2
FNDA:26,(anonymous_0)
FNDA:27,(anonymous_1)
DA:8,4
DA:13,4
DA:16,27
DA:18,26
DA:20,26
DA:24,26
DA:25,20
DA:28,6
DA:40,27
DA:42,27
DA:50,4
DA:61,4
DA:81,4
LF:13
LH:13
BRDA:18,0,0,2
BRDA:18,0,1,24
BRDA:18,1,0,26
BRDA:18,1,1,2
BRDA:20,2,0,2
BRDA:20,2,1,24
BRDA:20,3,0,26
BRDA:20,3,1,2
BRDA:24,4,0,20
BRDA:24,4,1,6
BRDA:24,5,0,26
BRDA:24,5,1,24
BRDA:32,6,0,6
BRDA:32,6,1,3
BRDA:44,7,0,27
BRDA:44,7,1,26
BRF:16
BRH:16
end_of_record
TN:
SF:components/List/sub-components/Header.jsx
FN:7,(anonymous_0)
FN:18,(anonymous_1)
FNF:2
FNH:2
FNDA:27,(anonymous_0)
FNDA:27,(anonymous_1)
DA:6,5
DA:11,27
DA:16,5
DA:18,27
DA:20,5
DA:26,5
DA:36,5
LF:7
LH:7
BRF:0
BRH:0
end_of_record
TN:
SF:components/List/sub-components/Item.jsx
FN:12,(anonymous_0)
FN:23,(anonymous_1)
FN:36,(anonymous_2)
FN:50,(anonymous_3)
FN:58,(anonymous_4)
FN:66,(anonymous_5)
FNF:6
FNH:6
FNDA:1,(anonymous_0)
FNDA:23,(anonymous_1)
FNDA:23,(anonymous_2)
FNDA:18,(anonymous_3)
FNDA:1,(anonymous_4)
FNDA:23,(anonymous_5)
DA:8,3
DA:16,1
DA:21,3
DA:23,3
DA:24,23
DA:31,3
DA:40,23
DA:47,3
DA:50,3
DA:51,18
DA:52,18
DA:55,0
DA:58,23
DA:59,1
DA:60,1
DA:63,0
DA:67,23
DA:69,23
DA:80,3
DA:91,3
DA:111,3
LF:21
LH:19
BRDA:24,0,0,23
BRDA:24,0,1,0
BRDA:51,1,0,18
BRDA:51,1,1,0
BRDA:59,2,0,1
BRDA:59,2,1,0
BRDA:72,3,0,23
BRDA:72,3,1,1
BRDA:73,4,0,23
BRDA:73,4,1,22
BRF:10
BRH:7
end_of_record
TN:
SF:components/List/sub-components/SubHeader.jsx
FN:17,(anonymous_0)
FNF:1
FNH:1
FNDA:4,(anonymous_0)
DA:6,5
DA:15,5
DA:17,5
DA:18,4
DA:21,5
DA:27,5
DA:37,5
LF:7
LH:7
BRF:0
BRH:0
end_of_record
TN:
SF:components/Modal/Modal.jsx
FN:17,getBreakpoint
FN:25,(anonymous_1)
FN:32,(anonymous_2)
FN:47,(anonymous_3)
FN:70,(anonymous_4)
FN:82,(anonymous_5)
FN:93,(anonymous_6)
FN:109,(anonymous_7)
FN:124,(anonymous_8)
FN:133,(anonymous_9)
FN:139,(anonymous_10)
FN:148,(anonymous_11)
FN:156,(anonymous_12)
FN:163,(anonymous_13)
FN:170,(anonymous_14)
FN:196,(anonymous_15)
FN:248,(anonymous_16)
FNF:17
FNH:13
FNDA:8,getBreakpoint
FNDA:32,(anonymous_1)
FNDA:8,(anonymous_2)
FNDA:8,(anonymous_3)
FNDA:8,(anonymous_4)
FNDA:8,(anonymous_5)
FNDA:8,(anonymous_6)
FNDA:19,(anonymous_7)
FNDA:2,(anonymous_8)
FNDA:10,(anonymous_9)
FNDA:2,(anonymous_10)
FNDA:1,(anonymous_11)
FNDA:0,(anonymous_12)
FNDA:0,(anonymous_13)
FNDA:0,(anonymous_14)
FNDA:8,(anonymous_15)
FNDA:0,(anonymous_16)
DA:15,1
DA:18,8
DA:24,8
DA:26,32
DA:30,1
DA:36,8
DA:42,1
DA:51,8
DA:57,1
DA:59,1
DA:74,8
DA:77,1
DA:80,8
DA:83,8
DA:85,8
DA:86,8
DA:87,8
DA:88,8
DA:89,8
DA:90,8
DA:94,8
DA:96,8
DA:97,8
DA:99,8
DA:108,8
DA:109,19
DA:111,8
DA:114,8
DA:118,8
DA:120,8
DA:121,8
DA:125,2
DA:126,2
DA:128,2
DA:129,2
DA:130,2
DA:133,8
DA:134,10
DA:135,10
DA:136,10
DA:139,8
DA:140,2
DA:141,2
DA:143,2
DA:144,1
DA:148,8
DA:149,1
DA:151,1
DA:152,1
DA:156,8
DA:157,0
DA:158,0
DA:159,0
DA:163,8
DA:164,0
DA:165,0
DA:166,0
DA:170,8
DA:171,0
DA:172,0
DA:173,0
DA:176,0
DA:177,0
DA:180,0
DA:183,0
DA:186,1
DA:188,1
DA:190,1
DA:192,1
DA:194,1
DA:203,8
DA:205,8
DA:227,1
DA:246,1
LF:74
LH:61
BRDA:94,0,0,8
BRDA:94,0,1,8
BRDA:112,1,0,1
BRDA:112,1,1,7
BRDA:134,2,0,0
BRDA:134,2,1,10
BRDA:143,3,0,1
BRDA:143,3,1,1
BRDA:151,4,0,1
BRDA:151,4,1,0
BRDA:157,5,0,0
BRDA:157,5,1,0
BRDA:164,6,0,0
BRDA:164,6,1,0
BRDA:171,7,0,0
BRDA:171,7,1,0
BRDA:172,8,0,0
BRDA:172,8,1,0
BRDA:176,9,0,0
BRDA:176,9,1,0
BRF:20
BRH:8
end_of_record
TN:
SF:components/Modal/index.js
FNF:0
FNH:0
LF:0
LH:0
BRF:0
BRH:0
end_of_record
TN:
SF:components/Modal/sub-components/Content.jsx
FN:10,(anonymous_0)
FNF:1
FNH:1
FNDA:4,(anonymous_0)
DA:6,1
DA:14,4
DA:17,1
DA:23,1
LF:4
LH:4
BRF:0
BRH:0
end_of_record
TN:
SF:components/Modal/sub-components/Footer.jsx
FNF:0
FNH:0
LF:0
LH:0
BRF:0
BRH:0
end_of_record
TN:
SF:components/Modal/sub-components/Header.jsx
FN:7,(anonymous_0)
FNF:1
FNH:1
FNDA:2,(anonymous_0)
DA:6,1
DA:11,2
DA:14,1
DA:20,1
LF:4
LH:4
BRF:0
BRH:0
end_of_record
TN:
SF:components/Modal/sub-components/HeaderText.jsx
FNF:0
FNH:0
LF:0
LH:0
BRF:0
BRH:0
end_of_record
TN:
SF:components/Modal/sub-components/Title.jsx
FNF:0
FNH:0
DA:4,1
LF:1
LH:1
BRF:0
BRH:0
end_of_record
TN:
SF:components/Modal/sub-components/index.js
FNF:0
FNH:0
LF:0
LH:0
BRF:0
BRH:0
end_of_record
TN:
SF:components/Pagination/Pagination.jsx
FN:16,(anonymous_0)
FN:22,(anonymous_1)
FN:39,(anonymous_2)
FN:39,(anonymous_3)
FN:53,(anonymous_4)
FNF:5
FNH:5
FNDA:19,(anonymous_0)
FNDA:19,(anonymous_1)
FNDA:170,(anonymous_2)
FNDA:6,(anonymous_3)
FNDA:170,(anonymous_4)
DA:9,2
DA:17,19
DA:19,19
DA:37,19
DA:39,170
DA:40,6
DA:41,0
DA:44,6
DA:46,6
DA:47,0
DA:50,6
DA:53,19
DA:54,170
DA:55,152
DA:58,18
DA:61,19
DA:74,19
DA:92,2
DA:118,2
LF:19
LH:17
BRDA:40,0,0,0
BRDA:40,0,1,6
BRDA:46,1,0,0
BRDA:46,1,1,6
BRDA:46,2,0,6
BRDA:46,2,1,6
BRDA:54,3,0,152
BRDA:54,3,1,18
BRDA:54,4,0,170
BRDA:54,4,1,18
BRDA:54,4,2,18
BRDA:54,4,3,18
BRF:12
BRH:10
end_of_record
TN:
SF:components/Pagination/index.js
FNF:0
FNH:0
LF:0
LH:0
BRF:0
BRH:0
end_of_record
TN:
SF:components/Pagination/sub-components/ActionButton.jsx
FN:18,(anonymous_0)
FN:55,(anonymous_1)
FNF:2
FNH:1
FNDA:78,(anonymous_0)
FNDA:0,(anonymous_1)
DA:6,3
DA:25,78
DA:45,3
DA:54,3
LF:4
LH:4
BRF:0
BRH:0
end_of_record
TN:
SF:components/Pagination/sub-components/Desktop.jsx
FN:12,(anonymous_0)
FN:35,(anonymous_1)
FNF:2
FNH:2
FNDA:19,(anonymous_0)
FNDA:111,(anonymous_1)
DA:10,2
DA:12,2
DA:24,19
DA:36,111
DA:37,17
DA:40,94
DA:70,2
DA:83,2
LF:8
LH:8
BRDA:30,0,0,0
BRDA:30,0,1,19
BRDA:30,1,0,19
BRDA:30,1,1,1
BRDA:36,2,0,17
BRDA:36,2,1,94
BRDA:43,3,0,19
BRDA:43,3,1,75
BRDA:45,4,0,19
BRDA:45,4,1,75
BRDA:51,5,0,4
BRDA:51,5,1,90
BRDA:51,6,0,94
BRDA:51,6,1,5
BRDA:63,7,0,1
BRDA:63,7,1,18
BRF:16
BRH:15
end_of_record
TN:
SF:components/Pagination/sub-components/Dots.jsx
FN:9,(anonymous_0)
FN:20,(anonymous_1)
FN:52,(anonymous_2)
FNF:3
FNH:3
FNDA:18,(anonymous_0)
FNDA:18,(anonymous_1)
FNDA:18,(anonymous_2)
DA:7,3
DA:13,18
DA:17,3
DA:27,18
DA:52,3
DA:53,18
DA:58,3
DA:65,3
LF:8
LH:8
BRF:0
BRH:0
end_of_record
TN:
SF:components/Pagination/sub-components/Mobile.jsx
FN:13,(anonymous_0)
FN:27,(anonymous_1)
FN:50,(anonymous_2)
FN:59,(anonymous_3)
FN:71,(anonymous_4)
FN:130,(anonymous_5)
FN:131,(anonymous_6)
FN:132,(anonymous_7)
FNF:8
FNH:6
FNDA:19,(anonymous_0)
FNDA:38,(anonymous_1)
FNDA:38,(anonymous_2)
FNDA:38,(anonymous_3)
FNDA:19,(anonymous_4)
FNDA:17,(anonymous_5)
FNDA:0,(anonymous_6)
FNDA:0,(anonymous_7)
DA:8,2
DA:20,19
DA:26,2
DA:33,38
DA:51,38
DA:60,38
DA:69,2
DA:71,2
DA:82,19
DA:111,2
DA:126,2
DA:130,17
LF:12
LH:12
BRDA:51,0,0,19
BRDA:51,0,1,19
BRDA:60,1,0,19
BRDA:60,1,1,19
BRDA:90,2,0,0
BRDA:90,2,1,19
BRDA:90,3,0,19
BRDA:90,3,1,1
BRDA:104,4,0,1
BRDA:104,4,1,18
BRF:10
BRH:9
end_of_record
TN:
SF:components/Pagination/sub-components/PageButton.jsx
FN:26,(anonymous_0)
FN:69,(anonymous_1)
FNF:2
FNH:1
FNDA:96,(anonymous_0)
FNDA:0,(anonymous_1)
DA:10,3
DA:36,96
DA:53,3
DA:55,3
DA:67,3
LF:5
LH:5
BRDA:37,0,0,20
BRDA:37,0,1,76
BRDA:38,1,0,20
BRDA:38,1,1,76
BRDA:39,2,0,20
BRDA:39,2,1,76
BRDA:46,3,0,20
BRDA:46,3,1,76
BRDA:47,4,0,20
BRDA:47,4,1,76
BRDA:48,5,0,20
BRDA:48,5,1,76
BRF:12
BRH:12
end_of_record
TN:
SF:components/Pagination/utils/pagination.js
FN:1,(anonymous_0)
FN:17,(anonymous_1)
FN:25,(anonymous_2)
FN:27,(anonymous_3)
FN:34,(anonymous_4)
FN:40,(anonymous_5)
FNF:6
FNH:6
FNDA:87,(anonymous_0)
FNDA:24,(anonymous_1)
FNDA:29,(anonymous_2)
FNDA:13,(anonymous_3)
FNDA:87,(anonymous_4)
FNDA:135,(anonymous_5)
DA:1,3
DA:2,87
DA:3,32
DA:6,55
DA:7,4
DA:10,51
DA:11,3
DA:14,48
DA:17,3
DA:18,24
DA:19,15
DA:22,9
DA:25,3
DA:26,29
DA:27,13
DA:30,24
DA:34,87
DA:39,24
DA:40,135
DA:43,24
DA:45,24
DA:46,1
DA:52,24
DA:54,24
DA:55,4
DA:58,24
DA:60,24
DA:61,9
DA:64,24
DA:65,24
DA:67,24
DA:68,15
DA:71,24
LF:33
LH:33
BRDA:2,0,0,32
BRDA:2,0,1,55
BRDA:6,1,0,4
BRDA:6,1,1,51
BRDA:10,2,0,3
BRDA:10,2,1,48
BRDA:18,3,0,15
BRDA:18,3,1,9
BRDA:18,4,0,24
BRDA:18,4,1,10
BRDA:25,5,0,1
BRDA:25,6,0,1
BRDA:25,7,0,5
BRDA:26,8,0,5
BRDA:26,8,1,24
BRDA:45,9,0,1
BRDA:45,9,1,23
BRDA:54,10,0,4
BRDA:54,10,1,20
BRDA:60,11,0,9
BRDA:60,11,1,15
BRDA:67,12,0,15
BRDA:67,12,1,9
BRF:23
BRH:23
end_of_record
TN:
SF:components/Popover/Popover.jsx
FN:18,(anonymous_0)
FN:31,(anonymous_1)
FN:65,(anonymous_2)
FN:71,(anonymous_3)
FN:89,(anonymous_4)
FN:90,(anonymous_5)
FN:98,(anonymous_6)
FN:123,(anonymous_7)
FNF:8
FNH:8
FNDA:29,(anonymous_0)
FNDA:11,(anonymous_1)
FNDA:29,(anonymous_2)
FNDA:11,(anonymous_3)
FNDA:1,(anonymous_4)
FNDA:20,(anonymous_5)
FNDA:10,(anonymous_6)
FNDA:8,(anonymous_7)
DA:9,2
DA:14,2
DA:18,2
DA:26,29
DA:28,29
DA:29,29
DA:31,29
DA:39,11
DA:46,11
DA:48,11
DA:57,11
DA:58,11
DA:60,11
DA:61,2
DA:65,29
DA:66,29
DA:67,11
DA:71,29
DA:72,11
DA:73,0
DA:76,11
DA:78,11
DA:79,10
DA:83,29
DA:89,1
DA:91,20
DA:98,10
DA:103,2
DA:105,2
DA:118,2
LF:30
LH:29
BRDA:60,0,0,2
BRDA:60,0,1,9
BRDA:60,1,0,11
BRDA:60,1,1,10
BRDA:66,2,0,11
BRDA:66,2,1,18
BRDA:72,3,0,0
BRDA:72,3,1,11
BRDA:78,4,0,10
BRDA:78,4,1,1
BRDA:85,5,0,29
BRDA:85,5,1,11
BRF:12
BRH:11
end_of_record
TN:
SF:components/Popover/arrowProperties.js
FN:7,(anonymous_0)
FN:36,(anonymous_1)
FNF:2
FNH:2
FNDA:11,(anonymous_0)
FNDA:11,(anonymous_1)
DA:3,2
DA:4,2
DA:5,2
DA:7,11
DA:36,2
DA:50,11
LF:6
LH:6
BRDA:50,0,0,0
BRDA:50,0,1,11
BRF:2
BRH:1
end_of_record
TN:
SF:components/Popover/index.js
FNF:0
FNH:0
LF:0
LH:0
BRF:0
BRH:0
end_of_record
TN:
SF:components/Popover/options.js
FN:1,(anonymous_0)
FNF:1
FNH:1
FNDA:11,(anonymous_0)
DA:1,2
DA:8,11
LF:2
LH:2
BRF:0
BRH:0
end_of_record
TN:
SF:components/Popover/sub-components/Content.jsx
FN:11,(anonymous_0)
FN:28,(anonymous_1)
FN:48,(anonymous_2)
FN:72,(anonymous_3)
FN:94,(anonymous_4)
FN:100,(anonymous_5)
FN:104,(anonymous_6)
FN:108,(anonymous_7)
FN:125,(anonymous_8)
FN:169,(anonymous_9)
FNF:10
FNH:9
FNDA:11,(anonymous_0)
FNDA:22,(anonymous_1)
FNDA:11,(anonymous_2)
FNDA:11,(anonymous_3)
FNDA:11,(anonymous_4)
FNDA:11,(anonymous_5)
FNDA:9,(anonymous_6)
FNDA:11,(anonymous_7)
FNDA:20,(anonymous_8)
FNDA:0,(anonymous_9)
DA:11,2
DA:23,11
DA:28,2
DA:40,22
DA:42,2
DA:52,11
DA:66,2
DA:76,11
DA:91,2
DA:95,11
DA:97,11
DA:101,11
DA:105,9
DA:117,11
DA:119,11
DA:126,20
DA:143,2
DA:144,2
DA:146,2
DA:166,2
LF:20
LH:20
BRDA:24,0,0,0
BRDA:24,0,1,11
BRDA:25,1,0,0
BRDA:25,1,1,11
BRDA:40,2,0,0
BRDA:40,2,1,22
BRF:6
BRH:3
end_of_record
TN:
SF:components/ProgressBar/ProgressBar.jsx
FN:13,(anonymous_0)
FN:29,(anonymous_1)
FN:46,(anonymous_2)
FN:53,(anonymous_3)
FNF:4
FNH:4
FNDA:6,(anonymous_0)
FNDA:6,(anonymous_1)
FNDA:6,(anonymous_2)
FNDA:6,(anonymous_3)
DA:7,2
DA:13,6
DA:20,2
DA:29,6
DA:35,2
DA:45,2
DA:46,6
DA:51,2
DA:53,2
DA:70,6
DA:72,6
DA:74,6
DA:92,2
DA:106,2
LF:14
LH:14
BRDA:72,0,0,3
BRDA:72,0,1,3
BRF:2
BRH:2
end_of_record
TN:
SF:components/ProgressBar/index.js
FNF:0
FNH:0
LF:0
LH:0
BRF:0
BRH:0
end_of_record
TN:
SF:components/RadioGroup/Radio.jsx
FN:18,(anonymous_0)
FN:40,(anonymous_1)
FN:59,(anonymous_2)
FN:77,(anonymous_3)
FN:96,(anonymous_4)
FN:111,(anonymous_5)
FN:154,(anonymous_6)
FN:213,(anonymous_7)
FN:227,(anonymous_8)
FN:242,(anonymous_9)
FN:273,(anonymous_10)
FNF:11
FNH:9
FNDA:23,(anonymous_0)
FNDA:23,(anonymous_1)
FNDA:23,(anonymous_2)
FNDA:23,(anonymous_3)
FNDA:23,(anonymous_4)
FNDA:23,(anonymous_5)
FNDA:23,(anonymous_6)
FNDA:23,(anonymous_7)
FNDA:23,(anonymous_8)
FNDA:0,(anonymous_9)
FNDA:0,(anonymous_10)
DA:7,3
DA:9,3
DA:25,23
DA:46,23
DA:50,3
DA:65,23
DA:82,23
DA:84,23
DA:101,23
DA:103,23
DA:116,23
DA:118,23
DA:163,23
DA:219,23
DA:227,3
DA:238,23
DA:242,0
DA:252,3
DA:254,3
DA:268,3
LF:20
LH:19
BRDA:119,0,0,23
BRDA:119,0,1,2
BRDA:163,1,0,23
BRDA:163,1,1,1
BRDA:248,2,0,23
BRDA:248,2,1,9
BRF:6
BRH:6
end_of_record
TN:
SF:components/RadioGroup/RadioButton.jsx
FN:20,(anonymous_0)
FN:30,(anonymous_1)
FN:40,(anonymous_2)
FN:65,(anonymous_3)
FN:76,(anonymous_4)
FN:84,(anonymous_5)
FN:120,(anonymous_6)
FN:148,(anonymous_7)
FNF:8
FNH:6
FNDA:2,(anonymous_0)
FNDA:1,(anonymous_1)
FNDA:26,(anonymous_2)
FNDA:26,(anonymous_3)
FNDA:26,(anonymous_4)
FNDA:26,(anonymous_5)
FNDA:0,(anonymous_6)
FNDA:0,(anonymous_7)
DA:15,3
DA:17,3
DA:24,2
DA:29,3
DA:34,1
DA:39,3
DA:47,26
DA:64,3
DA:69,26
DA:77,26
DA:79,26
DA:81,26
DA:100,26
DA:102,26
DA:120,0
DA:135,3
DA:137,3
DA:159,3
LF:18
LH:17
BRDA:47,0,0,26
BRDA:47,0,1,4
BRDA:81,1,0,26
BRDA:81,1,1,26
BRDA:109,2,0,2
BRDA:109,2,1,24
BRDA:126,3,0,26
BRDA:126,3,1,1
BRDA:127,4,0,26
BRDA:127,4,1,13
BRDA:128,5,0,26
BRDA:128,5,1,2
BRF:12
BRH:12
end_of_record
TN:
SF:components/RadioGroup/RadioGroup.jsx
FN:16,(anonymous_0)
FN:39,(anonymous_1)
FN:48,(anonymous_2)
FN:54,(anonymous_3)
FN:105,(anonymous_4)
FNF:5
FNH:4
FNDA:19,(anonymous_0)
FNDA:12,(anonymous_1)
FNDA:41,(anonymous_2)
FNDA:12,(anonymous_3)
FNDA:0,(anonymous_4)
DA:10,2
DA:16,2
DA:30,19
DA:39,19
DA:40,12
DA:48,19
DA:49,41
DA:55,12
DA:58,19
DA:66,2
DA:67,2
DA:69,2
DA:99,2
LF:13
LH:13
BRDA:42,0,0,0
BRDA:42,0,1,12
BRDA:48,1,0,19
BRDA:48,1,1,4
BRDA:50,2,0,2
BRDA:50,2,1,39
BRDA:55,3,0,6
BRDA:55,3,1,6
BRDA:61,4,0,19
BRDA:61,4,1,1
BRF:10
BRH:9
end_of_record
TN:
SF:components/RadioGroup/index.js
FNF:0
FNH:0
LF:0
LH:0
BRF:0
BRH:0
end_of_record
TN:
SF:components/RangeSlider/RangeSlider.jsx
FN:17,(anonymous_0)
FN:26,(anonymous_1)
FN:172,(anonymous_2)
FN:173,(anonymous_3)
FN:174,(anonymous_4)
FNF:5
FNH:4
FNDA:11,(anonymous_0)
FNDA:18,(anonymous_1)
FNDA:2,(anonymous_2)
FNDA:0,(anonymous_3)
FNDA:42,(anonymous_4)
DA:15,2
DA:21,11
DA:26,2
DA:42,18
DA:48,18
DA:50,18
DA:52,18
DA:54,18
DA:129,18
DA:132,18
DA:134,18
DA:138,18
DA:162,2
DA:164,2
DA:174,42
DA:185,2
LF:16
LH:16
BRDA:60,0,0,1
BRDA:60,0,1,17
BRDA:77,1,0,0
BRDA:77,1,1,18
BRDA:132,2,0,9
BRDA:132,2,1,9
BRDA:134,3,0,0
BRDA:134,3,1,18
BRDA:142,4,0,1
BRDA:142,4,1,17
BRDA:154,5,0,1
BRDA:154,5,1,17
BRDA:155,6,0,1
BRDA:155,6,1,17
BRF:14
BRH:12
end_of_record
TN:
SF:components/RangeSlider/index.js
FNF:0
FNH:0
LF:0
LH:0
BRF:0
BRH:0
end_of_record
TN:
SF:components/RangeSlider/valueValidator.js
FN:1,(anonymous_0)
FN:5,(anonymous_1)
FNF:2
FNH:2
FNDA:58,(anonymous_0)
FNDA:71,(anonymous_1)
DA:1,2
DA:2,58
DA:3,58
DA:4,58
DA:5,71
DA:7,58
DA:8,15
DA:10,15
DA:11,4
DA:16,11
DA:17,4
DA:20,7
DA:23,43
DA:24,2
DA:27,41
DA:28,6
DA:31,35
LF:17
LH:17
BRDA:7,0,0,15
BRDA:7,0,1,43
BRDA:10,1,0,4
BRDA:10,1,1,11
BRDA:10,2,0,15
BRDA:10,2,1,13
BRDA:16,3,0,4
BRDA:16,3,1,7
BRDA:16,4,0,11
BRDA:16,4,1,9
BRDA:23,5,0,2
BRDA:23,5,1,41
BRDA:23,6,0,43
BRDA:23,6,1,3
BRDA:27,7,0,6
BRDA:27,7,1,35
BRDA:27,8,0,41
BRDA:27,8,1,37
BRF:18
BRH:18
end_of_record
TN:
SF:components/SegmentedControl/SegmentedButton.jsx
FN:24,(anonymous_0)
FN:27,(anonymous_1)
FN:38,(anonymous_2)
FN:53,(anonymous_3)
FN:63,(anonymous_4)
FNF:5
FNH:4
FNDA:37,(anonymous_0)
FNDA:37,(anonymous_1)
FNDA:37,(anonymous_2)
FNDA:1,(anonymous_3)
FNDA:0,(anonymous_4)
DA:9,2
DA:19,2
DA:20,2
DA:22,2
DA:24,2
DA:25,37
DA:27,2
DA:36,37
DA:38,37
DA:40,37
DA:53,1
DA:60,2
DA:66,2
LF:13
LH:13
BRDA:25,0,0,11
BRDA:25,0,1,26
BRDA:38,1,0,0
BRDA:38,1,1,37
BRDA:55,2,0,14
BRDA:55,2,1,23
BRF:6
BRH:5
end_of_record
TN:
SF:components/SegmentedControl/SegmentedButtons.jsx
FN:7,(anonymous_0)
FN:8,(anonymous_1)
FN:9,(anonymous_2)
FN:17,(anonymous_3)
FN:22,(anonymous_4)
FN:26,(anonymous_5)
FN:34,(anonymous_6)
FNF:7
FNH:7
FNDA:11,(anonymous_0)
FNDA:11,(anonymous_1)
FNDA:39,(anonymous_2)
FNDA:1,(anonymous_3)
FNDA:37,(anonymous_4)
FNDA:37,(anonymous_5)
FNDA:1,(anonymous_6)
DA:5,2
DA:7,2
DA:8,11
DA:9,39
DA:10,11
DA:12,0
DA:15,11
DA:17,11
DA:18,1
DA:19,1
DA:22,37
DA:24,11
DA:27,37
DA:34,1
DA:42,2
LF:15
LH:14
BRDA:10,0,0,11
BRDA:10,0,1,0
BRF:2
BRH:1
end_of_record
TN:
SF:components/SegmentedControl/SegmentedControl.jsx
FN:15,(anonymous_0)
FN:33,(anonymous_1)
FN:46,(anonymous_2)
FN:63,(anonymous_3)
FNF:4
FNH:3
FNDA:10,(anonymous_0)
FNDA:10,(anonymous_1)
FNDA:10,(anonymous_2)
FNDA:0,(anonymous_3)
DA:8,2
DA:22,10
DA:39,10
DA:46,2
DA:47,10
DA:61,2
DA:71,2
LF:7
LH:7
BRF:0
BRH:0
end_of_record
TN:
SF:components/SegmentedControl/exampleContents.js
FNF:0
FNH:0
DA:1,1
DA:17,1
DA:34,1
DA:49,1
DA:61,1
DA:90,1
DA:119,1
DA:147,1
DA:166,1
DA:186,1
LF:10
LH:10
BRF:0
BRH:0
end_of_record
TN:
SF:components/SegmentedControl/index.js
FNF:0
FNH:0
LF:0
LH:0
BRF:0
BRH:0
end_of_record
TN:
SF:components/Skeleton/Skeleton.jsx
FN:14,(anonymous_0)
FNF:1
FNH:1
FNDA:5,(anonymous_0)
DA:14,2
DA:15,5
DA:17,5
DA:21,5
DA:26,5
DA:31,5
DA:37,5
DA:43,5
DA:54,2
DA:65,2
DA:81,2
DA:82,2
DA:83,2
DA:84,2
LF:14
LH:14
BRDA:45,0,0,5
BRDA:45,0,1,1
BRDA:46,1,0,5
BRDA:46,1,1,1
BRDA:47,2,0,5
BRDA:47,2,1,1
BRDA:48,3,0,5
BRDA:48,3,1,1
BRDA:49,4,0,5
BRDA:49,4,1,1
BRF:10
BRH:10
end_of_record
TN:
SF:components/Skeleton/SkeletonTypes.jsx
FN:6,(anonymous_0)
FN:7,(anonymous_1)
FN:8,(anonymous_2)
FN:9,(anonymous_3)
FNF:4
FNH:4
FNDA:1,(anonymous_0)
FNDA:1,(anonymous_1)
FNDA:1,(anonymous_2)
FNDA:1,(anonymous_3)
DA:5,2
DA:6,1
DA:7,1
DA:8,1
DA:9,1
DA:12,2
DA:13,2
DA:14,2
DA:15,2
LF:9
LH:9
BRF:0
BRH:0
end_of_record
TN:
SF:components/Skeleton/index.js
FNF:0
FNH:0
LF:0
LH:0
BRF:0
BRH:0
end_of_record
TN:
SF:components/Skeleton/sub-components/SkeletonBase.jsx
FN:16,(anonymous_0)
FN:33,(anonymous_1)
FNF:2
FNH:2
FNDA:5,(anonymous_0)
FNDA:5,(anonymous_1)
DA:4,2
DA:16,2
DA:17,5
DA:18,5
DA:19,3
DA:21,5
DA:22,5
DA:24,5
DA:27,2
DA:33,5
DA:36,2
DA:38,2
DA:43,2
LF:13
LH:13
BRDA:18,0,0,3
BRDA:18,0,1,2
BRDA:21,1,0,5
BRDA:21,1,1,0
BRF:4
BRH:3
end_of_record
TN:
SF:components/Skeleton/sub-components/SkeletonButton.jsx
FN:10,(anonymous_0)
FNF:1
FNH:1
FNDA:1,(anonymous_0)
DA:7,2
DA:16,1
DA:23,1
DA:27,2
DA:29,2
DA:36,2
LF:6
LH:6
BRF:0
BRH:0
end_of_record
TN:
SF:components/Skeleton/sub-components/SkeletonCircle.jsx
FNF:0
FNH:0
DA:4,2
DA:8,2
LF:2
LH:2
BRF:0
BRH:0
end_of_record
TN:
SF:components/Skeleton/sub-components/SkeletonRect.jsx
FNF:0
FNH:0
DA:4,2
DA:6,2
LF:2
LH:2
BRF:0
BRH:0
end_of_record
TN:
SF:components/Skeleton/sub-components/SkeletonTag.jsx
FN:11,(anonymous_0)
FNF:1
FNH:1
FNDA:1,(anonymous_0)
DA:7,2
DA:18,1
DA:19,1
DA:25,1
DA:29,2
DA:31,2
DA:39,2
LF:7
LH:7
BRF:0
BRH:0
end_of_record
TN:
SF:components/Skeleton/sub-components/SkeletonText.jsx
FNF:0
FNH:0
DA:4,2
DA:8,2
LF:2
LH:2
BRF:0
BRH:0
end_of_record
TN:
SF:components/Skeleton/sub-components/index.js
FNF:0
FNH:0
LF:0
LH:0
BRF:0
BRH:0
end_of_record
TN:
SF:components/SnackBar/IconTypes.js
FN:3,(anonymous_0)
FN:15,(anonymous_1)
FN:21,(anonymous_2)
FNF:3
FNH:3
FNDA:54,(anonymous_0)
FNDA:3,(anonymous_1)
FNDA:15,(anonymous_2)
DA:3,3
DA:10,54
DA:12,54
DA:15,3
DA:18,3
DA:19,3
DA:21,3
DA:22,15
DA:24,15
DA:27,3
LF:10
LH:10
BRDA:22,0,0,12
BRDA:22,0,1,3
BRF:2
BRH:2
end_of_record
TN:
SF:components/SnackBar/SnackBar.jsx
FN:25,(anonymous_0)
FN:53,(anonymous_1)
FN:69,(anonymous_2)
FN:78,(anonymous_3)
FN:110,(anonymous_4)
FN:131,(anonymous_5)
FN:154,(anonymous_6)
FN:196,(anonymous_7)
FN:203,(anonymous_8)
FN:214,(anonymous_9)
FN:220,(anonymous_10)
FN:225,(anonymous_11)
FN:229,(anonymous_12)
FN:230,(anonymous_13)
FN:235,(anonymous_14)
FN:242,(anonymous_15)
FN:348,(anonymous_16)
FNF:17
FNH:14
FNDA:172,(anonymous_0)
FNDA:99,(anonymous_1)
FNDA:33,(anonymous_2)
FNDA:33,(anonymous_3)
FNDA:13,(anonymous_4)
FNDA:33,(anonymous_5)
FNDA:7,(anonymous_6)
FNDA:33,(anonymous_7)
FNDA:33,(anonymous_8)
FNDA:32,(anonymous_9)
FNDA:0,(anonymous_10)
FNDA:33,(anonymous_11)
FNDA:33,(anonymous_12)
FNDA:0,(anonymous_13)
FNDA:29,(anonymous_14)
FNDA:33,(anonymous_15)
FNDA:0,(anonymous_16)
DA:21,2
DA:23,2
DA:25,2
DA:38,172
DA:39,25
DA:41,25
DA:47,147
DA:53,2
DA:54,99
DA:56,99
DA:61,2
DA:73,33
DA:79,33
DA:80,33
DA:96,2
DA:109,2
DA:122,13
DA:128,2
DA:132,33
DA:136,33
DA:138,33
DA:153,2
DA:155,7
DA:162,7
DA:164,7
DA:187,2
DA:197,33
DA:198,33
DA:199,33
DA:200,33
DA:204,33
DA:205,33
DA:207,33
DA:209,33
DA:211,33
DA:215,32
DA:216,32
DA:217,32
DA:220,33
DA:221,0
DA:222,0
DA:225,33
DA:226,33
DA:229,33
DA:230,33
DA:231,0
DA:235,33
DA:236,29
DA:253,33
DA:255,33
DA:314,2
DA:315,2
DA:316,2
DA:317,2
DA:318,2
DA:320,2
DA:346,2
LF:57
LH:54
BRDA:38,0,0,25
BRDA:38,0,1,147
BRDA:200,1,0,33
BRDA:200,1,1,33
BRDA:222,2,0,0
BRDA:222,2,1,0
BRDA:226,3,0,7
BRDA:226,3,1,26
BRDA:226,4,0,33
BRDA:226,4,1,7
BRDA:236,5,0,13
BRDA:236,5,1,16
BRDA:275,6,0,33
BRDA:275,6,1,29
BRDA:284,7,0,33
BRDA:284,7,1,7
BRDA:295,8,0,33
BRDA:295,8,1,33
BRF:18
BRH:16
end_of_record
TN:
SF:components/SnackBar/index.js
FNF:0
FNH:0
LF:0
LH:0
BRF:0
BRH:0
end_of_record
TN:
SF:components/SocialButton/SocialButton.jsx
FN:31,(anonymous_0)
FN:56,(anonymous_1)
FNF:2
FNH:1
FNDA:2,(anonymous_0)
FNDA:0,(anonymous_1)
DA:9,2
DA:10,2
DA:12,2
DA:21,2
DA:25,2
DA:31,2
DA:32,2
DA:34,1
DA:40,1
DA:46,0
DA:50,2
DA:55,2
LF:12
LH:11
BRDA:32,0,0,1
BRDA:32,0,1,1
BRDA:32,0,2,0
BRF:3
BRH:2
end_of_record
TN:
SF:components/SocialButton/index.js
FNF:0
FNH:0
LF:0
LH:0
BRF:0
BRH:0
end_of_record
TN:
SF:components/SocialButton/sub-components/FacebookIcon.jsx
FN:9,(anonymous_0)
FNF:1
FNH:1
FNDA:3,(anonymous_0)
DA:5,3
DA:9,3
DA:10,3
DA:11,3
DA:13,3
DA:43,3
DA:47,3
LF:7
LH:7
BRF:0
BRH:0
end_of_record
TN:
SF:components/SocialButton/sub-components/GoogleIcon.jsx
FN:9,(anonymous_0)
FNF:1
FNH:1
FNDA:3,(anonymous_0)
DA:5,3
DA:9,3
DA:10,3
DA:12,3
DA:66,3
DA:70,3
LF:6
LH:6
BRF:0
BRH:0
end_of_record
TN:
SF:components/Socials/Socials.jsx
FN:15,(anonymous_0)
FN:32,(anonymous_1)
FN:35,(anonymous_2)
FNF:3
FNH:3
FNDA:11,(anonymous_0)
FNDA:5,(anonymous_1)
FNDA:11,(anonymous_2)
DA:7,2
DA:12,2
DA:19,11
DA:26,2
DA:30,2
DA:32,2
DA:33,5
DA:36,11
DA:51,2
DA:57,2
LF:10
LH:10
BRF:0
BRH:0
end_of_record
TN:
SF:components/Socials/index.js
FNF:0
FNH:0
LF:0
LH:0
BRF:0
BRH:0
end_of_record
TN:
SF:components/Socials/sub-components/SocialFacebookIcon.jsx
FN:9,(anonymous_0)
FNF:1
FNH:1
FNDA:6,(anonymous_0)
DA:5,3
DA:9,3
DA:10,6
DA:12,6
DA:66,3
DA:71,3
LF:6
LH:6
BRDA:12,0,0,6
BRDA:12,0,1,0
BRF:2
BRH:1
end_of_record
TN:
SF:components/Socials/sub-components/SocialIcons.js
FNF:0
FNH:0
LF:0
LH:0
BRF:0
BRH:0
end_of_record
TN:
SF:components/Socials/sub-components/SocialTwitterIcon.jsx
FN:9,(anonymous_0)
FNF:1
FNH:1
FNDA:4,(anonymous_0)
DA:5,3
DA:9,3
DA:10,4
DA:12,4
DA:63,3
DA:68,3
LF:6
LH:6
BRDA:12,0,0,4
BRDA:12,0,1,0
BRF:2
BRH:1
end_of_record
TN:
SF:components/Socials/sub-components/SocialType.jsx
FN:14,(anonymous_0)
FNF:1
FNH:1
FNDA:14,(anonymous_0)
DA:10,3
DA:14,3
DA:15,14
DA:30,3
DA:35,3
LF:5
LH:5
BRDA:16,0,0,14
BRDA:16,0,1,4
BRDA:20,1,0,14
BRDA:20,1,1,4
BRDA:24,2,0,14
BRDA:24,2,1,6
BRF:6
BRH:6
end_of_record
TN:
SF:components/Socials/sub-components/SocialYoutubeIcon.jsx
FN:9,(anonymous_0)
FNF:1
FNH:1
FNDA:4,(anonymous_0)
DA:5,3
DA:9,3
DA:10,4
DA:11,4
DA:13,4
DA:83,3
DA:88,3
LF:7
LH:7
BRDA:13,0,0,4
BRDA:13,0,1,0
BRF:2
BRH:1
end_of_record
TN:
SF:components/Stepper/Stepper.jsx
FN:21,(anonymous_0)
FNF:1
FNH:1
FNDA:13,(anonymous_0)
DA:18,2
DA:19,2
DA:21,2
DA:29,13
DA:30,13
DA:31,13
DA:32,13
DA:33,13
DA:34,13
DA:36,13
DA:53,2
DA:70,2
LF:12
LH:12
BRDA:46,0,0,13
BRDA:46,0,1,10
BRF:2
BRH:2
end_of_record
TN:
SF:components/Stepper/helper.js
FN:5,(anonymous_0)
FN:12,(anonymous_1)
FN:24,(anonymous_2)
FN:29,(anonymous_3)
FNF:4
FNH:4
FNDA:25,(anonymous_0)
FNDA:13,(anonymous_1)
FNDA:13,(anonymous_2)
FNDA:13,(anonymous_3)
DA:2,2
DA:3,2
DA:5,2
DA:6,25
DA:7,23
DA:9,19
DA:12,2
DA:13,13
DA:14,12
DA:15,12
DA:18,1
DA:21,1
DA:24,2
DA:25,13
DA:26,13
DA:29,2
DA:30,13
DA:31,13
DA:32,13
DA:33,13
LF:20
LH:20
BRDA:6,0,0,2
BRDA:6,0,1,23
BRDA:6,1,0,25
BRDA:6,1,1,2
BRDA:7,2,0,4
BRDA:7,2,1,19
BRDA:13,3,0,12
BRDA:13,3,1,1
BRDA:25,4,0,6
BRDA:25,4,1,7
BRDA:31,5,0,6
BRDA:31,5,1,7
BRF:12
BRH:12
end_of_record
TN:
SF:components/Stepper/index.js
FNF:0
FNH:0
LF:0
LH:0
BRF:0
BRH:0
end_of_record
TN:
SF:components/Stepper/style.js
FN:25,(anonymous_0)
FN:48,(anonymous_1)
FN:56,(anonymous_2)
FN:63,(anonymous_3)
FN:74,(anonymous_4)
FN:83,(anonymous_5)
FN:103,(anonymous_6)
FN:129,(anonymous_7)
FN:134,(anonymous_8)
FN:143,(anonymous_9)
FN:147,(anonymous_10)
FNF:11
FNH:11
FNDA:13,(anonymous_0)
FNDA:13,(anonymous_1)
FNDA:13,(anonymous_2)
FNDA:13,(anonymous_3)
FNDA:13,(anonymous_4)
FNDA:13,(anonymous_5)
FNDA:13,(anonymous_6)
FNDA:13,(anonymous_7)
FNDA:13,(anonymous_8)
FNDA:13,(anonymous_9)
FNDA:13,(anonymous_10)
DA:5,2
DA:6,2
DA:7,2
DA:8,2
DA:9,2
DA:10,2
DA:12,2
DA:13,2
DA:15,2
DA:29,13
DA:40,2
DA:48,13
DA:56,13
DA:62,2
DA:67,13
DA:78,13
DA:87,13
DA:102,2
DA:107,13
DA:126,2
DA:129,13
DA:134,13
DA:141,2
DA:143,13
DA:147,13
LF:25
LH:25
BRDA:31,0,0,7
BRDA:31,0,1,6
BRF:2
BRH:2
end_of_record
TN:
SF:components/TabbedView/Tab.jsx
FN:3,(anonymous_0)
FNF:1
FNH:0
FNDA:0,(anonymous_0)
DA:3,2
DA:5,2
DA:15,2
DA:20,2
LF:4
LH:4
BRDA:3,0,0,0
BRDA:3,0,1,0
BRF:2
BRH:0
end_of_record
TN:
SF:components/TabbedView/TabbedView.jsx
FN:13,(anonymous_0)
FN:26,(anonymous_1)
FN:71,(anonymous_2)
FN:163,(anonymous_3)
FN:166,(anonymous_4)
FN:183,(anonymous_5)
FN:188,(anonymous_6)
FN:197,(anonymous_7)
FN:204,(anonymous_8)
FN:208,(anonymous_9)
FN:224,(anonymous_10)
FN:272,(anonymous_11)
FNF:12
FNH:12
FNDA:31,(anonymous_0)
FNDA:8,(anonymous_1)
FNDA:23,(anonymous_2)
FNDA:23,(anonymous_3)
FNDA:6,(anonymous_4)
FNDA:2,(anonymous_5)
FNDA:115,(anonymous_6)
FNDA:8,(anonymous_7)
FNDA:23,(anonymous_8)
FNDA:2,(anonymous_9)
FNDA:23,(anonymous_10)
FNDA:1,(anonymous_11)
DA:13,31
DA:15,2
DA:37,8
DA:38,8
DA:40,8
DA:53,2
DA:55,2
DA:89,23
DA:90,23
DA:138,2
DA:140,2
DA:144,2
DA:151,2
DA:159,2
DA:163,23
DA:167,6
DA:169,6
DA:171,6
DA:172,1
DA:178,5
DA:179,5
DA:183,6
DA:184,2
DA:185,2
DA:188,6
DA:189,115
DA:195,2
DA:198,8
DA:199,8
DA:201,8
DA:205,23
DA:208,2
DA:225,23
DA:242,2
DA:262,2
DA:275,2
LF:36
LH:36
BRDA:44,0,0,1
BRDA:44,0,1,7
BRDA:97,1,0,3
BRDA:97,1,1,20
BRDA:163,2,0,23
BRDA:163,2,1,8
BRDA:171,3,0,1
BRDA:171,3,1,5
BRDA:215,4,0,23
BRDA:215,4,1,2
BRDA:216,5,0,23
BRDA:216,5,1,23
BRDA:217,6,0,23
BRDA:217,6,1,2
BRF:14
BRH:14
end_of_record
TN:
SF:components/TabbedView/index.js
FNF:0
FNH:0
LF:0
LH:0
BRF:0
BRH:0
end_of_record
TN:
SF:components/Tag/Tag.jsx
FN:12,(anonymous_0)
FN:30,(anonymous_1)
FN:46,(anonymous_2)
FN:70,(anonymous_3)
FN:76,(anonymous_4)
FN:84,(anonymous_5)
FN:101,(anonymous_6)
FN:109,(anonymous_7)
FN:115,(anonymous_8)
FNF:9
FNH:9
FNDA:51,(anonymous_0)
FNDA:36,(anonymous_1)
FNDA:36,(anonymous_2)
FNDA:36,(anonymous_3)
FNDA:36,(anonymous_4)
FNDA:30,(anonymous_5)
FNDA:15,(anonymous_6)
FNDA:15,(anonymous_7)
FNDA:37,(anonymous_8)
DA:12,2
DA:25,51
DA:30,2
DA:31,36
DA:37,36
DA:39,36
DA:46,2
DA:53,36
DA:64,2
DA:70,36
DA:75,2
DA:77,36
DA:84,2
DA:85,30
DA:91,2
DA:95,2
DA:105,15
DA:109,15
DA:113,2
DA:115,2
DA:116,37
DA:128,2
DA:150,2
LF:23
LH:23
BRDA:26,0,0,15
BRDA:26,0,1,36
BRDA:26,1,0,51
BRDA:26,1,1,15
BRDA:27,2,0,15
BRDA:27,2,1,36
BRDA:27,3,0,51
BRDA:27,3,1,15
BRDA:40,4,0,10
BRDA:40,4,1,26
BRDA:41,5,0,10
BRDA:41,5,1,26
BRDA:70,6,0,36
BRDA:70,6,1,1
BRDA:77,7,0,36
BRDA:77,7,1,15
BRDA:118,8,0,37
BRDA:118,8,1,36
BRDA:119,9,0,37
BRDA:119,9,1,16
BRF:20
BRH:20
end_of_record
TN:
SF:components/Tag/index.js
FNF:0
FNH:0
LF:0
LH:0
BRF:0
BRH:0
end_of_record
TN:
SF:components/TextArea/TextArea.jsx
FN:20,(anonymous_0)
FN:31,(anonymous_1)
FN:44,(anonymous_2)
FN:55,(anonymous_3)
FN:104,(anonymous_4)
FNF:5
FNH:4
FNDA:18,(anonymous_0)
FNDA:23,(anonymous_1)
FNDA:1,(anonymous_2)
FNDA:24,(anonymous_3)
FNDA:0,(anonymous_4)
DA:14,2
DA:16,2
DA:24,18
DA:32,23
DA:34,23
DA:36,23
DA:41,23
DA:44,23
DA:45,1
DA:46,1
DA:47,1
DA:52,1
DA:65,24
DA:66,24
DA:68,24
DA:99,2
DA:113,2
DA:131,2
LF:18
LH:18
BRDA:37,0,0,23
BRDA:37,0,1,23
BRDA:41,1,0,23
BRDA:41,1,1,22
BRDA:70,2,0,24
BRDA:70,2,1,9
BRDA:73,3,0,9
BRDA:73,3,1,3
BRDA:88,4,0,24
BRDA:88,4,1,3
BRDA:89,5,0,24
BRDA:89,5,1,3
BRF:12
BRH:12
end_of_record
TN:
SF:components/TextArea/index.js
FNF:0
FNH:0
LF:0
LH:0
BRF:0
BRH:0
end_of_record
TN:
SF:components/Toggle/Toggle.jsx
FN:26,(anonymous_0)
FN:33,(anonymous_1)
FN:53,(anonymous_2)
FN:65,(anonymous_3)
FN:95,(anonymous_4)
FN:105,(anonymous_5)
FN:124,(anonymous_6)
FN:134,(anonymous_7)
FN:144,(anonymous_8)
FN:159,(anonymous_9)
FN:180,(anonymous_10)
FNF:11
FNH:10
FNDA:2,(anonymous_0)
FNDA:2,(anonymous_1)
FNDA:2,(anonymous_2)
FNDA:2,(anonymous_3)
FNDA:2,(anonymous_4)
FNDA:2,(anonymous_5)
FNDA:2,(anonymous_6)
FNDA:2,(anonymous_7)
FNDA:2,(anonymous_8)
FNDA:4,(anonymous_9)
FNDA:0,(anonymous_10)
DA:8,2
DA:12,2
DA:16,2
DA:22,2
DA:30,2
DA:39,2
DA:59,2
DA:66,2
DA:82,2
DA:101,2
DA:111,2
DA:130,2
DA:140,2
DA:151,2
DA:157,2
DA:159,2
DA:160,4
DA:169,2
DA:179,2
LF:19
LH:19
BRF:0
BRH:0
end_of_record
TN:
SF:components/Toggle/index.js
FNF:0
FNH:0
LF:0
LH:0
BRF:0
BRH:0
end_of_record
TN:
SF:components/Tooltip/Tooltip.jsx
FN:14,(anonymous_0)
FN:15,(anonymous_1)
FN:22,(anonymous_2)
FN:36,(anonymous_3)
FN:41,(anonymous_4)
FN:47,(anonymous_5)
FN:50,(anonymous_6)
FN:52,(anonymous_7)
FN:59,(anonymous_8)
FN:63,(anonymous_9)
FN:69,(anonymous_10)
FN:71,(anonymous_11)
FN:85,(anonymous_12)
FN:86,(anonymous_13)
FNF:14
FNH:11
FNDA:6,(anonymous_0)
FNDA:6,(anonymous_1)
FNDA:6,(anonymous_2)
FNDA:6,(anonymous_3)
FNDA:6,(anonymous_4)
FNDA:6,(anonymous_5)
FNDA:6,(anonymous_6)
FNDA:6,(anonymous_7)
FNDA:6,(anonymous_8)
FNDA:6,(anonymous_9)
FNDA:0,(anonymous_10)
FNDA:6,(anonymous_11)
FNDA:0,(anonymous_12)
FNDA:0,(anonymous_13)
DA:11,2
DA:14,6
DA:15,6
DA:28,6
DA:36,6
DA:41,6
DA:45,2
DA:47,6
DA:50,6
DA:52,6
DA:55,2
DA:59,6
DA:64,6
DA:65,6
DA:66,6
DA:69,6
DA:80,6
DA:81,6
DA:83,6
DA:85,0
DA:86,0
DA:102,2
DA:104,2
DA:122,2
LF:24
LH:22
BRDA:14,0,0,0
BRDA:14,0,1,6
BRDA:15,1,0,0
BRDA:15,1,1,6
BRDA:47,2,0,1
BRDA:47,2,1,5
BRDA:50,3,0,1
BRDA:50,3,1,5
BRDA:52,4,0,1
BRDA:52,4,1,5
BRDA:59,5,0,0
BRDA:59,5,1,6
BRDA:91,6,0,6
BRDA:91,6,1,6
BRF:14
BRH:11
end_of_record
TN:
SF:components/Tooltip/index.js
FNF:0
FNH:0
LF:0
LH:0
BRF:0
BRH:0
end_of_record
TN:
SF:components/Tooltip/options.js
FNF:0
FNH:0
DA:1,2
DA:2,2
DA:3,2
DA:4,2
DA:5,2
DA:8,2
DA:15,2
DA:22,2
LF:8
LH:8
BRF:0
BRH:0
end_of_record
TN:
SF:components/shared/ErrorMessage.jsx
FN:6,(anonymous_0)
FNF:1
FNH:1
FNDA:15,(anonymous_0)
DA:5,41
DA:13,15
DA:26,41
DA:33,41
LF:4
LH:4
BRF:0
BRH:0
end_of_record
TN:
SF:components/shared/FieldGroup.jsx
FN:9,(anonymous_0)
FNF:1
FNH:1
FNDA:117,(anonymous_0)
DA:14,117
LF:1
LH:1
BRDA:13,0,0,36
BRDA:15,1,0,109
BRDA:15,1,1,8
BRF:3
BRH:3
end_of_record
TN:
SF:components/shared/HiddenInput.jsx
FNF:0
FNH:0
LF:0
LH:0
BRF:0
BRH:0
end_of_record
TN:
SF:components/shared/Label.jsx
FNF:0
FNH:0
LF:0
LH:0
BRF:0
BRH:0
end_of_record
TN:
SF:components/shared/breakpoints.js
FNF:0
FNH:0
LF:0
LH:0
BRF:0
BRH:0
end_of_record
TN:
SF:components/shared/hexToRgba.js
FN:1,(anonymous_0)
FN:8,(anonymous_1)
FNF:2
FNH:2
FNDA:3907,(anonymous_0)
FNDA:11721,(anonymous_1)
DA:1,56
DA:2,3907
DA:4,3907
DA:5,3907
DA:6,3907
DA:8,3907
DA:9,11721
DA:11,3907
LF:8
LH:8
BRDA:1,0,0,4
BRDA:5,1,0,3
BRDA:5,1,1,3904
BRDA:6,2,0,3
BRDA:6,2,1,3904
BRDA:9,3,0,9
BRDA:9,3,1,11712
BRF:7
BRH:7
end_of_record
TN:
SF:components/shared/icons.js
FNF:0
FNH:0
DA:1,41
LF:1
LH:1
BRF:0
BRH:0
end_of_record
TN:
SF:components/shared/index.js
FNF:0
FNH:0
LF:0
LH:0
BRF:0
BRH:0
end_of_record
TN:
SF:components/shared/inputStyle.jsx
FN:75,(anonymous_0)
FN:88,(anonymous_1)
FNF:2
FNH:0
FNDA:0,(anonymous_0)
FNDA:0,(anonymous_1)
DA:4,41
DA:20,41
DA:25,41
DA:29,41
DA:34,41
DA:42,41
DA:48,41
DA:57,41
DA:61,41
DA:65,41
DA:69,41
DA:76,0
DA:89,0
LF:13
LH:11
BRDA:76,0,0,0
BRDA:76,0,1,0
BRDA:89,1,0,0
BRDA:89,1,1,0
BRDA:89,1,2,0
BRDA:89,1,3,0
BRF:6
BRH:0
end_of_record
TN:
SF:components/shared/isSSR.js
FN:1,(anonymous_0)
FNF:1
FNH:1
FNDA:10,(anonymous_0)
DA:1,10
LF:1
LH:1
BRF:0
BRH:0
end_of_record
TN:
SF:components/shared/masks.js
FN:40,(anonymous_0)
FNF:1
FNH:0
FNDA:0,(anonymous_0)
DA:41,0
DA:42,0
DA:44,0
DA:61,0
DA:78,0
LF:5
LH:0
BRDA:42,0,0,0
BRDA:42,0,1,0
BRDA:78,1,0,0
BRDA:78,1,1,0
BRF:4
BRH:0
end_of_record
TN:
SF:components/shared/normalizeChars.js
FN:1,(anonymous_0)
FN:4,(anonymous_1)
FNF:2
FNH:2
FNDA:841,(anonymous_0)
FNDA:168,(anonymous_1)
DA:1,42
DA:2,841
DA:5,168
DA:6,142
DA:7,70
DA:8,58
DA:9,56
DA:10,56
DA:11,56
DA:12,1
DA:13,0
LF:11
LH:10
BRDA:5,0,0,26
BRDA:5,0,1,142
BRDA:6,1,0,72
BRDA:6,1,1,70
BRDA:7,2,0,12
BRDA:7,2,1,58
BRDA:8,3,0,2
BRDA:8,3,1,56
BRDA:9,4,0,0
BRDA:9,4,1,56
BRDA:10,5,0,0
BRDA:10,5,1,56
BRDA:11,6,0,55
BRDA:11,6,1,1
BRDA:12,7,0,1
BRDA:12,7,1,0
BRF:16
BRH:13
end_of_record
TN:
SF:components/shared/regressionTestContainer.js
FN:1,(anonymous_0)
FNF:1
FNH:1
FNDA:8,(anonymous_0)
DA:1,1
DA:2,8
LF:2
LH:2
BRF:0
BRH:0
end_of_record
TN:
SF:components/shared/shadow.js
FN:102,(anonymous_0)
FN:127,(anonymous_1)
FN:127,(anonymous_2)
FNF:3
FNH:3
FNDA:1170,(anonymous_0)
FNDA:856,(anonymous_1)
FNDA:1170,(anonymous_2)
DA:3,42
DA:100,42
DA:102,42
DA:111,1170
DA:115,1170
DA:119,1170
DA:124,1170
DA:127,856
DA:128,1170
LF:9
LH:9
BRDA:109,0,0,328
BRDA:127,1,0,4
BRF:2
BRH:2
end_of_record
TN:
SF:components/shared/theme.js
FNF:0
FNH:0
DA:3,55
DA:21,55
DA:68,55
DA:69,55
DA:71,55
DA:83,55
DA:320,55
LF:7
LH:7
BRF:0
BRH:0
end_of_record
TN:
SF:components/shared/uniqId.js
FN:3,(anonymous_0)
FNF:1
FNH:1
FNDA:11,(anonymous_0)
DA:4,11
DA:5,240
LF:2
LH:2
BRDA:3,0,0,0
BRF:1
BRH:0
end_of_record
TN:
SF:components/shared/hooks/UseMaxWidthMediaQuery/Example.jsx
FN:4,(anonymous_0)
FNF:1
FNH:1
FNDA:3,(anonymous_0)
DA:4,1
DA:5,3
DA:7,3
LF:3
LH:3
BRDA:7,0,0,1
BRDA:7,0,1,2
BRF:2
BRH:2
end_of_record
TN:
SF:components/shared/hooks/UseMaxWidthMediaQuery/useMaxWidthMediaQuery.jsx
FN:3,(anonymous_0)
FN:14,(anonymous_1)
FN:16,(anonymous_2)
FN:22,(anonymous_3)
FN:22,(anonymous_4)
FNF:5
FNH:2
FNDA:3,(anonymous_0)
FNDA:2,(anonymous_1)
FNDA:0,(anonymous_2)
FNDA:0,(anonymous_3)
FNDA:0,(anonymous_4)
DA:3,1
DA:4,3
DA:14,3
DA:15,2
DA:16,2
DA:18,2
DA:19,1
DA:22,2
DA:25,3
LF:9
LH:9
BRDA:18,0,0,1
BRDA:18,0,1,1
BRF:2
BRH:2
end_of_record
TN:
SF:stories/Dialog/ExampleStyle.js
FNF:0
FNH:0
DA:15,1
LF:1
LH:1
BRF:0
BRH:0
end_of_record
